Copyright 1986-2020 Xilinx, Inc. All Rights Reserved.
--------------------------------------------------------------------------------------
| Tool Version : Vivado v.2020.2 (win64) Build 3064766 Wed Nov 18 09:12:45 MST 2020
| Date         : Mon Jul 12 21:46:17 2021
| Host         : DESKTOP-2B7MLRV running 64-bit major release  (build 9200)
| Command      : report_clock_utilization -file Template_clock_utilization_routed.rpt
| Design       : Template
| Device       : 7a200t-sbg484
| Speed File   : -1  PRODUCTION 1.23 2018-06-13
| Design State : Routed
--------------------------------------------------------------------------------------

Clock Utilization Report

Table of Contents
-----------------
1. Clock Primitive Utilization
2. Global Clock Resources
3. Global Clock Source Details
4. Local Clock Details
5. Clock Regions: Key Resource Utilization
6. Clock Regions : Global Clock Summary
7. Device Cell Placement Summary for Global Clock g0
8. Device Cell Placement Summary for Global Clock g1
9. Device Cell Placement Summary for Global Clock g2
10. Device Cell Placement Summary for Global Clock g3
11. Device Cell Placement Summary for Global Clock g4
12. Clock Region Cell Placement per Global Clock: Region X0Y2
13. Clock Region Cell Placement per Global Clock: Region X1Y2
14. Clock Region Cell Placement per Global Clock: Region X0Y3
15. Clock Region Cell Placement per Global Clock: Region X0Y4

1. Clock Primitive Utilization
------------------------------

+----------+------+-----------+-----+--------------+--------+
| Type     | Used | Available | LOC | Clock Region | Pblock |
+----------+------+-----------+-----+--------------+--------+
| BUFGCTRL |    4 |        32 |   0 |            0 |      0 |
| BUFH     |    1 |       120 |   0 |            0 |      0 |
| BUFIO    |    0 |        40 |   0 |            0 |      0 |
| BUFMR    |    0 |        20 |   0 |            0 |      0 |
| BUFR     |    0 |        40 |   0 |            0 |      0 |
| MMCM     |    2 |        10 |   1 |            0 |      0 |
| PLL      |    1 |        10 |   1 |            0 |      0 |
+----------+------+-----------+-----+--------------+--------+


2. Global Clock Resources
-------------------------

+-----------+-----------+-----------------+------------+----------------+--------------+-------------------+-------------+-----------------+--------------+--------------------+--------------------------------------------------------------------+-----------------------------------------------------------+
| Global Id | Source Id | Driver Type/Pin | Constraint | Site           | Clock Region | Load Clock Region | Clock Loads | Non-Clock Loads | Clock Period | Clock              | Driver Pin                                                         | Net                                                       |
+-----------+-----------+-----------------+------------+----------------+--------------+-------------------+-------------+-----------------+--------------+--------------------+--------------------------------------------------------------------+-----------------------------------------------------------+
| g0        | src0      | BUFG/O          | None       | BUFGCTRL_X0Y16 | n/a          |                 3 |        5011 |               0 |       12.000 | clk_pll_i          | RamBuf/u_mig_7series_0_mig/u_ddr3_infrastructure/u_bufg_clkdiv0/O  | RamBuf/u_mig_7series_0_mig/u_ddr3_infrastructure/CLK      |
| g1        | src1      | BUFG/O          | None       | BUFGCTRL_X0Y0  | n/a          |                 3 |          64 |               0 |        5.000 | clk_out2_clk_wiz_0 | clk/inst/clkout2_buf/O                                             | clk/inst/clk_out2                                         |
| g2        | src2      | BUFH/O          | None       | BUFHCE_X0Y36   | X0Y3         |                 1 |           1 |               0 |       12.000 | pll_clk3_out       | RamBuf/u_mig_7series_0_mig/u_ddr3_infrastructure/u_bufh_pll_clk3/O | RamBuf/u_mig_7series_0_mig/u_ddr3_infrastructure/pll_clk3 |
| g3        | src3      | BUFG/O          | None       | BUFGCTRL_X0Y1  | n/a          |                 1 |           1 |               0 |        3.000 | clk_out1_clk_wiz_0 | clk/inst/clkout1_buf/O                                             | clk/inst/clk_out1                                         |
| g4        | src4      | BUFG/O          | None       | BUFGCTRL_X0Y2  | n/a          |                 1 |           1 |               0 |       10.000 | clkfbout_clk_wiz_0 | clk/inst/clkf_buf/O                                                | clk/inst/clkfbout_buf_clk_wiz_0                           |
+-----------+-----------+-----------------+------------+----------------+--------------+-------------------+-------------+-----------------+--------------+--------------------+--------------------------------------------------------------------+-----------------------------------------------------------+
* Clock Loads column represents the clock pin loads (pin count)
** Non-Clock Loads column represents the non-clock pin loads (pin count)


3. Global Clock Source Details
------------------------------

+-----------+-----------+---------------------+-----------------+-----------------+--------------+-------------+-----------------+---------------------+--------------------+---------------------------------------------------------------------------+---------------------------------------------------------------+
| Source Id | Global Id | Driver Type/Pin     | Constraint      | Site            | Clock Region | Clock Loads | Non-Clock Loads | Source Clock Period | Source Clock       | Driver Pin                                                                | Net                                                           |
+-----------+-----------+---------------------+-----------------+-----------------+--------------+-------------+-----------------+---------------------+--------------------+---------------------------------------------------------------------------+---------------------------------------------------------------+
| src0      | g0        | MMCME2_ADV/CLKFBOUT | MMCME2_ADV_X0Y3 | MMCME2_ADV_X0Y3 | X0Y3         |           1 |               0 |              12.000 | clk_pll_i          | RamBuf/u_mig_7series_0_mig/u_ddr3_infrastructure/gen_mmcm.mmcm_i/CLKFBOUT | RamBuf/u_mig_7series_0_mig/u_ddr3_infrastructure/clk_pll_i    |
| src1      | g1        | MMCME2_ADV/CLKOUT1  | None            | MMCME2_ADV_X1Y2 | X1Y2         |           1 |               0 |               5.000 | clk_out2_clk_wiz_0 | clk/inst/mmcm_adv_inst/CLKOUT1                                            | clk/inst/clk_out2_clk_wiz_0                                   |
| src2      | g2        | PLLE2_ADV/CLKOUT3   | PLLE2_ADV_X0Y3  | PLLE2_ADV_X0Y3  | X0Y3         |           1 |               0 |              12.000 | pll_clk3_out       | RamBuf/u_mig_7series_0_mig/u_ddr3_infrastructure/plle2_i/CLKOUT3          | RamBuf/u_mig_7series_0_mig/u_ddr3_infrastructure/pll_clk3_out |
| src3      | g3        | MMCME2_ADV/CLKOUT0  | None            | MMCME2_ADV_X1Y2 | X1Y2         |           1 |               0 |               3.000 | clk_out1_clk_wiz_0 | clk/inst/mmcm_adv_inst/CLKOUT0                                            | clk/inst/clk_out1_clk_wiz_0                                   |
| src4      | g4        | MMCME2_ADV/CLKFBOUT | None            | MMCME2_ADV_X1Y2 | X1Y2         |           1 |               0 |              10.000 | clkfbout_clk_wiz_0 | clk/inst/mmcm_adv_inst/CLKFBOUT                                           | clk/inst/clkfbout_clk_wiz_0                                   |
+-----------+-----------+---------------------+-----------------+-----------------+--------------+-------------+-----------------+---------------------+--------------------+---------------------------------------------------------------------------+---------------------------------------------------------------+
* Clock Loads column represents the clock pin loads (pin count)
** Non-Clock Loads column represents the non-clock pin loads (pin count)


4. Local Clock Details
----------------------

+----------+----------------------------+----------------------+-------------------------------------+--------------+-------------+-----------------+--------------+----------------+-------------------------------------------------------------------------------------------------------------------------------------------------------------------------------------------------+----------------------------------------------------------------------------------------------------------------------------------------------------------------------------------------------+
| Local Id | Driver Type/Pin            | Constraint           | Site/BEL                            | Clock Region | Clock Loads | Non-Clock Loads | Clock Period | Clock          | Driver Pin                                                                                                                                                                                      | Net                                                                                                                                                                                          |
+----------+----------------------------+----------------------+-------------------------------------+--------------+-------------+-----------------+--------------+----------------+-------------------------------------------------------------------------------------------------------------------------------------------------------------------------------------------------+----------------------------------------------------------------------------------------------------------------------------------------------------------------------------------------------||
| 0        | PLLE2_ADV/CLKOUT0          | PLLE2_ADV_X0Y3       | PLLE2_ADV_X0Y3/PLLE2_ADV            | X0Y3         |          14 |               8 |        1.500 | freq_refclk    | RamBuf/u_mig_7series_0_mig/u_ddr3_infrastructure/plle2_i/CLKOUT0                                                                                                                                | RamBuf/u_mig_7series_0_mig/u_ddr3_infrastructure/freq_refclk                                                                                                                                 - Static -
| 1        | PLLE2_ADV/CLKOUT1          | PLLE2_ADV_X0Y3       | PLLE2_ADV_X0Y3/PLLE2_ADV            | X0Y3         |           3 |              19 |        3.000 | mem_refclk     | RamBuf/u_mig_7series_0_mig/u_ddr3_infrastructure/plle2_i/CLKOUT1                                                                                                                                | RamBuf/u_mig_7series_0_mig/u_ddr3_infrastructure/mem_refclk                                                                                                                                  - Static -
| 2        | PHASER_OUT_PHY/OCLKDELAYED | PHASER_OUT_PHY_X0Y16 | PHASER_OUT_PHY_X0Y16/PHASER_OUT_PHY | X0Y4         |           2 |               0 |        3.000 | oserdes_clk    | RamBuf/u_mig_7series_0_mig/u_memc_ui_top_std/mem_intfc0/ddr_phy_top0/u_ddr_mc_phy_wrapper/u_ddr_mc_phy/ddr_phy_4lanes_0.u_ddr_phy_4lanes/ddr_byte_lane_A.ddr_byte_lane_A/phaser_out/OCLKDELAYED | RamBuf/u_mig_7series_0_mig/u_memc_ui_top_std/mem_intfc0/ddr_phy_top0/u_ddr_mc_phy_wrapper/u_ddr_mc_phy/ddr_phy_4lanes_0.u_ddr_phy_4lanes/ddr_byte_lane_A.ddr_byte_lane_A/oserdes_clk_delayed - Static -
| 3        | PHASER_OUT_PHY/OCLKDELAYED | PHASER_OUT_PHY_X0Y17 | PHASER_OUT_PHY_X0Y17/PHASER_OUT_PHY | X0Y4         |           2 |               0 |        3.000 | oserdes_clk_1  | RamBuf/u_mig_7series_0_mig/u_memc_ui_top_std/mem_intfc0/ddr_phy_top0/u_ddr_mc_phy_wrapper/u_ddr_mc_phy/ddr_phy_4lanes_0.u_ddr_phy_4lanes/ddr_byte_lane_B.ddr_byte_lane_B/phaser_out/OCLKDELAYED | RamBuf/u_mig_7series_0_mig/u_memc_ui_top_std/mem_intfc0/ddr_phy_top0/u_ddr_mc_phy_wrapper/u_ddr_mc_phy/ddr_phy_4lanes_0.u_ddr_phy_4lanes/ddr_byte_lane_B.ddr_byte_lane_B/oserdes_clk_delayed - Static -
| 4        | PHASER_OUT_PHY/OCLKDELAYED | PHASER_OUT_PHY_X0Y18 | PHASER_OUT_PHY_X0Y18/PHASER_OUT_PHY | X0Y4         |           2 |               0 |        3.000 | oserdes_clk_2  | RamBuf/u_mig_7series_0_mig/u_memc_ui_top_std/mem_intfc0/ddr_phy_top0/u_ddr_mc_phy_wrapper/u_ddr_mc_phy/ddr_phy_4lanes_0.u_ddr_phy_4lanes/ddr_byte_lane_C.ddr_byte_lane_C/phaser_out/OCLKDELAYED | RamBuf/u_mig_7series_0_mig/u_memc_ui_top_std/mem_intfc0/ddr_phy_top0/u_ddr_mc_phy_wrapper/u_ddr_mc_phy/ddr_phy_4lanes_0.u_ddr_phy_4lanes/ddr_byte_lane_C.ddr_byte_lane_C/oserdes_clk_delayed - Static -
| 5        | PHASER_OUT_PHY/OCLKDELAYED | PHASER_OUT_PHY_X0Y19 | PHASER_OUT_PHY_X0Y19/PHASER_OUT_PHY | X0Y4         |           2 |               0 |        3.000 | oserdes_clk_3  | RamBuf/u_mig_7series_0_mig/u_memc_ui_top_std/mem_intfc0/ddr_phy_top0/u_ddr_mc_phy_wrapper/u_ddr_mc_phy/ddr_phy_4lanes_0.u_ddr_phy_4lanes/ddr_byte_lane_D.ddr_byte_lane_D/phaser_out/OCLKDELAYED | RamBuf/u_mig_7series_0_mig/u_memc_ui_top_std/mem_intfc0/ddr_phy_top0/u_ddr_mc_phy_wrapper/u_ddr_mc_phy/ddr_phy_4lanes_0.u_ddr_phy_4lanes/ddr_byte_lane_D.ddr_byte_lane_D/oserdes_clk_delayed - Static -
| 6        | PHASER_OUT_PHY/OCLKDELAYED | PHASER_OUT_PHY_X0Y12 | PHASER_OUT_PHY_X0Y12/PHASER_OUT_PHY | X0Y3         |           2 |               0 |        3.000 | oserdes_clk_4  | RamBuf/u_mig_7series_0_mig/u_memc_ui_top_std/mem_intfc0/ddr_phy_top0/u_ddr_mc_phy_wrapper/u_ddr_mc_phy/ddr_phy_4lanes_1.u_ddr_phy_4lanes/ddr_byte_lane_A.ddr_byte_lane_A/phaser_out/OCLKDELAYED | RamBuf/u_mig_7series_0_mig/u_memc_ui_top_std/mem_intfc0/ddr_phy_top0/u_ddr_mc_phy_wrapper/u_ddr_mc_phy/ddr_phy_4lanes_1.u_ddr_phy_4lanes/ddr_byte_lane_A.ddr_byte_lane_A/oserdes_clk_delayed - Static -
| 7        | PHASER_OUT_PHY/OCLKDELAYED | PHASER_OUT_PHY_X0Y8  | PHASER_OUT_PHY_X0Y8/PHASER_OUT_PHY  | X0Y2         |           2 |               0 |        3.000 | oserdes_clk_8  | RamBuf/u_mig_7series_0_mig/u_memc_ui_top_std/mem_intfc0/ddr_phy_top0/u_ddr_mc_phy_wrapper/u_ddr_mc_phy/ddr_phy_4lanes_2.u_ddr_phy_4lanes/ddr_byte_lane_A.ddr_byte_lane_A/phaser_out/OCLKDELAYED | RamBuf/u_mig_7series_0_mig/u_memc_ui_top_std/mem_intfc0/ddr_phy_top0/u_ddr_mc_phy_wrapper/u_ddr_mc_phy/ddr_phy_4lanes_2.u_ddr_phy_4lanes/ddr_byte_lane_A.ddr_byte_lane_A/oserdes_clk_delayed - Static -
| 8        | PHASER_OUT_PHY/OCLKDELAYED | PHASER_OUT_PHY_X0Y9  | PHASER_OUT_PHY_X0Y9/PHASER_OUT_PHY  | X0Y2         |           2 |               0 |        3.000 | oserdes_clk_9  | RamBuf/u_mig_7series_0_mig/u_memc_ui_top_std/mem_intfc0/ddr_phy_top0/u_ddr_mc_phy_wrapper/u_ddr_mc_phy/ddr_phy_4lanes_2.u_ddr_phy_4lanes/ddr_byte_lane_B.ddr_byte_lane_B/phaser_out/OCLKDELAYED | RamBuf/u_mig_7series_0_mig/u_memc_ui_top_std/mem_intfc0/ddr_phy_top0/u_ddr_mc_phy_wrapper/u_ddr_mc_phy/ddr_phy_4lanes_2.u_ddr_phy_4lanes/ddr_byte_lane_B.ddr_byte_lane_B/oserdes_clk_delayed - Static -
| 9        | PHASER_OUT_PHY/OCLKDELAYED | PHASER_OUT_PHY_X0Y10 | PHASER_OUT_PHY_X0Y10/PHASER_OUT_PHY | X0Y2         |           2 |               0 |        3.000 | oserdes_clk_10 | RamBuf/u_mig_7series_0_mig/u_memc_ui_top_std/mem_intfc0/ddr_phy_top0/u_ddr_mc_phy_wrapper/u_ddr_mc_phy/ddr_phy_4lanes_2.u_ddr_phy_4lanes/ddr_byte_lane_C.ddr_byte_lane_C/phaser_out/OCLKDELAYED | RamBuf/u_mig_7series_0_mig/u_memc_ui_top_std/mem_intfc0/ddr_phy_top0/u_ddr_mc_phy_wrapper/u_ddr_mc_phy/ddr_phy_4lanes_2.u_ddr_phy_4lanes/ddr_byte_lane_C.ddr_byte_lane_C/oserdes_clk_delayed - Static -
+----------+----------------------------+----------------------+-------------------------------------+--------------+-------------+-----------------+--------------+----------------+-------------------------------------------------------------------------------------------------------------------------------------------------------------------------------------------------+----------------------------------------------------------------------------------------------------------------------------------------------------------------------------------------------||
* Local Clocks in this context represents only clocks driven by non-global buffers
** Clock Loads column represents the clock pin loads (pin count)
*** Non-Clock Loads column represents the non-clock pin loads (pin count)


5. Clock Regions: Key Resource Utilization
------------------------------------------

+-------------------+--------------+--------------+--------------+--------------+--------------+--------------+--------------+--------------+--------------+--------------+--------------+--------------+--------------+--------------+--------------+
|                   | Global Clock |     BUFRs    |    BUFMRs    |    BUFIOs    |     MMCM     |      PLL     |      GT      |      PCI     |    ILOGIC    |    OLOGIC    |      FF      |     LUTM     |    RAMB18    |    RAMB36    |    DSP48E2   |
+-------------------+------+-------+------+-------+------+-------+------+-------+------+-------+------+-------+------+-------+------+-------+------+-------+------+-------+------+-------+------+-------+------+-------+------+-------+------+-------+
| Clock Region Name | Used | Avail | Used | Avail | Used | Avail | Used | Avail | Used | Avail | Used | Avail | Used | Avail | Used | Avail | Used | Avail | Used | Avail | Used | Avail | Used | Avail | Used | Avail | Used | Avail | Used | Avail |
+-------------------+------+-------+------+-------+------+-------+------+-------+------+-------+------+-------+------+-------+------+-------+------+-------+------+-------+------+-------+------+-------+------+-------+------+-------+------+-------+
| X0Y0              |    0 |    12 |    0 |     4 |    0 |     2 |    0 |     4 |    0 |     1 |    0 |     1 |    0 |     4 |    0 |     0 |    0 |    50 |    0 |    50 |    0 |  2700 |    0 |   800 |    0 |    60 |    0 |    30 |    0 |    60 |
| X1Y0              |    0 |    12 |    0 |     4 |    0 |     2 |    0 |     4 |    0 |     1 |    0 |     1 |    0 |     4 |    0 |     0 |    0 |    50 |    0 |    50 |    0 |  2500 |    0 |   800 |    0 |    40 |    0 |    20 |    0 |    40 |
| X0Y1              |    0 |    12 |    0 |     4 |    0 |     2 |    0 |     4 |    0 |     1 |    0 |     1 |    0 |     0 |    0 |     0 |    0 |    50 |    0 |    50 |    0 |  4200 |    0 |  1400 |    0 |   100 |    0 |    50 |    0 |   100 |
| X1Y1              |    0 |    12 |    0 |     4 |    0 |     2 |    0 |     4 |    0 |     1 |    0 |     1 |    0 |     0 |    0 |     0 |    0 |    50 |    0 |    50 |    0 |  4000 |    0 |  1400 |    0 |    80 |    0 |    40 |    0 |    80 |
| X0Y2              |    2 |    12 |    0 |     4 |    0 |     2 |    0 |     4 |    0 |     1 |    0 |     1 |    0 |     0 |    0 |     0 |    0 |    50 |    6 |    50 |  727 |  3600 |  341 |  1400 |    0 |   100 |    0 |    50 |    0 |   100 |
| X1Y2              |    1 |    12 |    0 |     4 |    0 |     2 |    0 |     4 |    1 |     1 |    0 |     1 |    0 |     0 |    0 |     0 |    0 |    50 |    0 |    50 |    0 |  4000 |    0 |  1400 |    0 |    80 |    0 |    40 |    0 |    80 |
| X0Y3              |    4 |    12 |    0 |     4 |    0 |     2 |    0 |     4 |    1 |     1 |    1 |     1 |    0 |     0 |    0 |     0 |    0 |    50 |    2 |    50 | 3256 |  3600 | 1414 |  1400 |    0 |   100 |    0 |    50 |    0 |   100 |
| X1Y3              |    0 |    12 |    0 |     4 |    0 |     2 |    0 |     4 |    0 |     1 |    0 |     1 |    0 |     0 |    0 |     0 |    0 |    50 |    0 |    50 |    0 |  4000 |    0 |  1400 |    0 |    80 |    0 |    40 |    0 |    80 |
| X0Y4              |    2 |    12 |    0 |     4 |    0 |     2 |    0 |     4 |    0 |     1 |    0 |     1 |    0 |     4 |    0 |     1 |    0 |    50 |    8 |    50 |  657 |  2550 |  322 |   750 |    0 |    50 |    0 |    25 |    0 |    60 |
| X1Y4              |    0 |    12 |    0 |     4 |    0 |     2 |    0 |     4 |    0 |     1 |    0 |     1 |    0 |     4 |    0 |     0 |    0 |    50 |    0 |    50 |    0 |  2500 |    0 |   800 |    0 |    40 |    0 |    20 |    0 |    40 |
+-------------------+------+-------+------+-------+------+-------+------+-------+------+-------+------+-------+------+-------+------+-------+------+-------+------+-------+------+-------+------+-------+------+-------+------+-------+------+-------+
* Global Clock column represents track count; while other columns represents cell counts


6. Clock Regions : Global Clock Summary
---------------------------------------

All Modules
+----+----+----+
|    | X0 | X1 |
+----+----+----+
| Y4 |  2 |  0 |
| Y3 |  4 |  0 |
| Y2 |  2 |  1 |
| Y1 |  0 |  0 |
| Y0 |  0 |  0 |
+----+----+----+


7. Device Cell Placement Summary for Global Clock g0
----------------------------------------------------

+-----------+-----------------+-------------------+-----------+-------------+---------------+-------------+----------+----------------+----------+------------------------------------------------------+
| Global Id | Driver Type/Pin | Driver Region (D) | Clock     | Period (ns) | Waveform (ns) | Slice Loads | IO Loads | Clocking Loads | GT Loads | Net                                                  |
+-----------+-----------------+-------------------+-----------+-------------+---------------+-------------+----------+----------------+----------+------------------------------------------------------+
| g0        | BUFG/O          | n/a               | clk_pll_i |      12.000 | {0.000 6.000} |        4702 |        0 |              1 |        0 | RamBuf/u_mig_7series_0_mig/u_ddr3_infrastructure/CLK |
+-----------+-----------------+-------------------+-----------+-------------+---------------+-------------+----------+----------------+----------+------------------------------------------------------+
* Slice Loads column represents load cell count of all cell types other than IO, GT and clock resources
** IO Loads column represents load cell count of IO types
*** Clocking Loads column represents load cell count that are clock resources (global clock buffer, MMCM, PLL, etc)
**** GT Loads column represents load cell count of GT types


+----+-------+----+-----------------------+
|    | X0    | X1 | HORIZONTAL PROG DELAY |
+----+-------+----+-----------------------+
| Y4 |   707 |  0 |                     0 |
| Y3 |  3231 |  0 |                     0 |
| Y2 |   765 |  0 |                     0 |
| Y1 |     0 |  0 |                     0 |
| Y0 |     0 |  0 |                     0 |
+----+-------+----+-----------------------+


8. Device Cell Placement Summary for Global Clock g1
----------------------------------------------------

+-----------+-----------------+-------------------+--------------------+-------------+---------------+-------------+----------+----------------+----------+-------------------+
| Global Id | Driver Type/Pin | Driver Region (D) | Clock              | Period (ns) | Waveform (ns) | Slice Loads | IO Loads | Clocking Loads | GT Loads | Net               |
+-----------+-----------------+-------------------+--------------------+-------------+---------------+-------------+----------+----------------+----------+-------------------+
| g1        | BUFG/O          | n/a               | clk_out2_clk_wiz_0 |       5.000 | {0.000 2.500} |          64 |        0 |              0 |        0 | clk/inst/clk_out2 |
+-----------+-----------------+-------------------+--------------------+-------------+---------------+-------------+----------+----------------+----------+-------------------+
* Slice Loads column represents load cell count of all cell types other than IO, GT and clock resources
** IO Loads column represents load cell count of IO types
*** Clocking Loads column represents load cell count that are clock resources (global clock buffer, MMCM, PLL, etc)
**** GT Loads column represents load cell count of GT types


+----+-----+----+-----------------------+
|    | X0  | X1 | HORIZONTAL PROG DELAY |
+----+-----+----+-----------------------+
| Y4 |   1 |  0 |                     0 |
| Y3 |  62 |  0 |                     0 |
| Y2 |   1 |  0 |                     0 |
| Y1 |   0 |  0 |                     0 |
| Y0 |   0 |  0 |                     0 |
+----+-----+----+-----------------------+


9. Device Cell Placement Summary for Global Clock g2
----------------------------------------------------

+-----------+-----------------+-------------------+--------------+-------------+---------------+-------------+----------+----------------+----------+-----------------------------------------------------------+
| Global Id | Driver Type/Pin | Driver Region (D) | Clock        | Period (ns) | Waveform (ns) | Slice Loads | IO Loads | Clocking Loads | GT Loads | Net                                                       |
+-----------+-----------------+-------------------+--------------+-------------+---------------+-------------+----------+----------------+----------+-----------------------------------------------------------+
| g2        | BUFH/O          | X0Y3              | pll_clk3_out |      12.000 | {0.000 6.000} |           0 |        0 |              1 |        0 | RamBuf/u_mig_7series_0_mig/u_ddr3_infrastructure/pll_clk3 |
+-----------+-----------------+-------------------+--------------+-------------+---------------+-------------+----------+----------------+----------+-----------------------------------------------------------+
* Slice Loads column represents load cell count of all cell types other than IO, GT and clock resources
** IO Loads column represents load cell count of IO types
*** Clocking Loads column represents load cell count that are clock resources (global clock buffer, MMCM, PLL, etc)
**** GT Loads column represents load cell count of GT types


+----+--------+----+-----------------------+
|    | X0     | X1 | HORIZONTAL PROG DELAY |
+----+--------+----+-----------------------+
| Y4 |      0 |  0 |                     0 |
| Y3 |  (D) 1 |  0 |                     0 |
| Y2 |      0 |  0 |                     0 |
| Y1 |      0 |  0 |                     0 |
| Y0 |      0 |  0 |                     0 |
+----+--------+----+-----------------------+


10. Device Cell Placement Summary for Global Clock g3
-----------------------------------------------------

+-----------+-----------------+-------------------+--------------------+-------------+---------------+-------------+----------+----------------+----------+-------------------+
| Global Id | Driver Type/Pin | Driver Region (D) | Clock              | Period (ns) | Waveform (ns) | Slice Loads | IO Loads | Clocking Loads | GT Loads | Net               |
+-----------+-----------------+-------------------+--------------------+-------------+---------------+-------------+----------+----------------+----------+-------------------+
| g3        | BUFG/O          | n/a               | clk_out1_clk_wiz_0 |       3.000 | {0.000 1.500} |           0 |        0 |              1 |        0 | clk/inst/clk_out1 |
+-----------+-----------------+-------------------+--------------------+-------------+---------------+-------------+----------+----------------+----------+-------------------+
* Slice Loads column represents load cell count of all cell types other than IO, GT and clock resources
** IO Loads column represents load cell count of IO types
*** Clocking Loads column represents load cell count that are clock resources (global clock buffer, MMCM, PLL, etc)
**** GT Loads column represents load cell count of GT types


+----+----+----+-----------------------+
|    | X0 | X1 | HORIZONTAL PROG DELAY |
+----+----+----+-----------------------+
| Y4 |  0 |  0 |                     0 |
| Y3 |  1 |  0 |                     0 |
| Y2 |  0 |  0 |                     0 |
| Y1 |  0 |  0 |                     0 |
| Y0 |  0 |  0 |                     0 |
+----+----+----+-----------------------+


11. Device Cell Placement Summary for Global Clock g4
-----------------------------------------------------

+-----------+-----------------+-------------------+--------------------+-------------+---------------+-------------+----------+----------------+----------+---------------------------------+
| Global Id | Driver Type/Pin | Driver Region (D) | Clock              | Period (ns) | Waveform (ns) | Slice Loads | IO Loads | Clocking Loads | GT Loads | Net                             |
+-----------+-----------------+-------------------+--------------------+-------------+---------------+-------------+----------+----------------+----------+---------------------------------+
| g4        | BUFG/O          | n/a               | clkfbout_clk_wiz_0 |      10.000 | {0.000 5.000} |           0 |        0 |              1 |        0 | clk/inst/clkfbout_buf_clk_wiz_0 |
+-----------+-----------------+-------------------+--------------------+-------------+---------------+-------------+----------+----------------+----------+---------------------------------+
* Slice Loads column represents load cell count of all cell types other than IO, GT and clock resources
** IO Loads column represents load cell count of IO types
*** Clocking Loads column represents load cell count that are clock resources (global clock buffer, MMCM, PLL, etc)
**** GT Loads column represents load cell count of GT types


+----+----+----+-----------------------+
|    | X0 | X1 | HORIZONTAL PROG DELAY |
+----+----+----+-----------------------+
| Y4 |  0 |  0 |                     0 |
| Y3 |  0 |  0 |                     0 |
| Y2 |  0 |  1 |                     0 |
| Y1 |  0 |  0 |                     0 |
| Y0 |  0 |  0 |                     0 |
+----+----+----+-----------------------+


12. Clock Region Cell Placement per Global Clock: Region X0Y2
-------------------------------------------------------------

+-----------+-------+-----------------+------------+-------------+-----------------+-----+--------+------+-----+----+------+-----+---------+------------------------------------------------------+
| Global Id | Track | Driver Type/Pin | Constraint | Clock Loads | Non-Clock Loads | FF  | LUTRAM | RAMB | DSP | GT | MMCM | PLL | Hard IP | Net                                                  |
+-----------+-------+-----------------+------------+-------------+-----------------+-----+--------+------+-----+----+------+-----+---------+------------------------------------------------------+
| g0        | n/a   | BUFG/O          | None       |         765 |               0 | 727 |      1 |    0 |   0 |  0 |    0 |   0 |       0 | RamBuf/u_mig_7series_0_mig/u_ddr3_infrastructure/CLK |
| g1        | n/a   | BUFG/O          | None       |           1 |               0 |   0 |      0 |    0 |   0 |  0 |    0 |   0 |       0 | clk/inst/clk_out2                                    |
+-----------+-------+-----------------+------------+-------------+-----------------+-----+--------+------+-----+----+------+-----+---------+------------------------------------------------------+
* Clock Loads column represents the clock pin loads (pin count)
** Non-Clock Loads column represents the non-clock pin loads (pin count)
*** Columns FF, LUTRAM, RAMB through 'Hard IP' represents load cell counts


13. Clock Region Cell Placement per Global Clock: Region X1Y2
-------------------------------------------------------------

+-----------+-------+-----------------+------------+-------------+-----------------+----+--------+------+-----+----+------+-----+---------+---------------------------------+
| Global Id | Track | Driver Type/Pin | Constraint | Clock Loads | Non-Clock Loads | FF | LUTRAM | RAMB | DSP | GT | MMCM | PLL | Hard IP | Net                             |
+-----------+-------+-----------------+------------+-------------+-----------------+----+--------+------+-----+----+------+-----+---------+---------------------------------+
| g4        | n/a   | BUFG/O          | None       |           1 |               0 |  0 |      0 |    0 |   0 |  0 |    1 |   0 |       0 | clk/inst/clkfbout_buf_clk_wiz_0 |
+-----------+-------+-----------------+------------+-------------+-----------------+----+--------+------+-----+----+------+-----+---------+---------------------------------+
* Clock Loads column represents the clock pin loads (pin count)
** Non-Clock Loads column represents the non-clock pin loads (pin count)
*** Columns FF, LUTRAM, RAMB through 'Hard IP' represents load cell counts


14. Clock Region Cell Placement per Global Clock: Region X0Y3
-------------------------------------------------------------

+-----------+-------+-----------------+------------+-------------+-----------------+------+--------+------+-----+----+------+-----+---------+-----------------------------------------------------------+
| Global Id | Track | Driver Type/Pin | Constraint | Clock Loads | Non-Clock Loads | FF   | LUTRAM | RAMB | DSP | GT | MMCM | PLL | Hard IP | Net                                                       |
+-----------+-------+-----------------+------------+-------------+-----------------+------+--------+------+-----+----+------+-----+---------+-----------------------------------------------------------+
| g0        | n/a   | BUFG/O          | None       |        3231 |               0 | 3196 |     15 |    0 |   0 |  0 |    1 |   0 |       0 | RamBuf/u_mig_7series_0_mig/u_ddr3_infrastructure/CLK      |
| g1        | n/a   | BUFG/O          | None       |          62 |               0 |   60 |      0 |    0 |   0 |  0 |    0 |   0 |       0 | clk/inst/clk_out2                                         |
| g2        | n/a   | BUFH/O          | None       |           1 |               0 |    0 |      0 |    0 |   0 |  0 |    1 |   0 |       0 | RamBuf/u_mig_7series_0_mig/u_ddr3_infrastructure/pll_clk3 |
| g3        | n/a   | BUFG/O          | None       |           1 |               0 |    0 |      0 |    0 |   0 |  0 |    0 |   1 |       0 | clk/inst/clk_out1                                         |
+-----------+-------+-----------------+------------+-------------+-----------------+------+--------+------+-----+----+------+-----+---------+-----------------------------------------------------------+
* Clock Loads column represents the clock pin loads (pin count)
** Non-Clock Loads column represents the non-clock pin loads (pin count)
*** Columns FF, LUTRAM, RAMB through 'Hard IP' represents load cell counts


15. Clock Region Cell Placement per Global Clock: Region X0Y4
-------------------------------------------------------------

+-----------+-------+-----------------+------------+-------------+-----------------+-----+--------+------+-----+----+------+-----+---------+------------------------------------------------------+
| Global Id | Track | Driver Type/Pin | Constraint | Clock Loads | Non-Clock Loads | FF  | LUTRAM | RAMB | DSP | GT | MMCM | PLL | Hard IP | Net                                                  |
+-----------+-------+-----------------+------------+-------------+-----------------+-----+--------+------+-----+----+------+-----+---------+------------------------------------------------------+
| g0        | n/a   | BUFG/O          | None       |         707 |               0 | 657 |      1 |    0 |   0 |  0 |    0 |   0 |       0 | RamBuf/u_mig_7series_0_mig/u_ddr3_infrastructure/CLK |
| g1        | n/a   | BUFG/O          | None       |           1 |               0 |   0 |      0 |    0 |   0 |  0 |    0 |   0 |       0 | clk/inst/clk_out2                                    |
+-----------+-------+-----------------+------------+-------------+-----------------+-----+--------+------+-----+----+------+-----+---------+------------------------------------------------------+
* Clock Loads column represents the clock pin loads (pin count)
** Non-Clock Loads column represents the non-clock pin loads (pin count)
*** Columns FF, LUTRAM, RAMB through 'Hard IP' represents load cell counts



# Location of BUFG Primitives 
set_property LOC BUFGCTRL_X0Y2 [get_cells clk/inst/clkf_buf]
set_property LOC BUFGCTRL_X0Y0 [get_cells clk/inst/clkout2_buf]
set_property LOC BUFGCTRL_X0Y1 [get_cells clk/inst/clkout1_buf]
set_property LOC BUFGCTRL_X0Y16 [get_cells RamBuf/u_mig_7series_0_mig/u_ddr3_infrastructure/u_bufg_clkdiv0]

# Location of BUFH Primitives 
set_property LOC BUFHCE_X0Y36 [get_cells RamBuf/u_mig_7series_0_mig/u_ddr3_infrastructure/u_bufh_pll_clk3]

# Location of IO Primitives which is load of clock spine

# Location of clock ports
set_property LOC IOB_X1Y122 [get_ports clk100]

# Clock net "clk/inst/clk_out2" driven by instance "clk/inst/clkout2_buf" located at site "BUFGCTRL_X0Y0"
#startgroup
create_pblock {CLKAG_clk/inst/clk_out2}
add_cells_to_pblock [get_pblocks  {CLKAG_clk/inst/clk_out2}] [get_cells -filter { PRIMITIVE_GROUP != I/O && IS_PRIMITIVE==1 && PRIMITIVE_LEVEL !=INTERNAL } -of_object [get_pins -filter {DIRECTION==IN} -of_objects [get_nets -hierarchical -filter {PARENT=="clk/inst/clk_out2"}]]]
resize_pblock [get_pblocks {CLKAG_clk/inst/clk_out2}] -add {CLOCKREGION_X0Y2:CLOCKREGION_X0Y2 CLOCKREGION_X0Y3:CLOCKREGION_X0Y3 CLOCKREGION_X0Y4:CLOCKREGION_X0Y4}
#endgroup

# Clock net "RamBuf/u_mig_7series_0_mig/u_ddr3_infrastructure/CLK" driven by instance "RamBuf/u_mig_7series_0_mig/u_ddr3_infrastructure/u_bufg_clkdiv0" located at site "BUFGCTRL_X0Y16"
#startgroup
create_pblock {CLKAG_RamBuf/u_mig_7series_0_mig/u_ddr3_infrastructure/CLK}
add_cells_to_pblock [get_pblocks  {CLKAG_RamBuf/u_mig_7series_0_mig/u_ddr3_infrastructure/CLK}] [get_cells -filter { PRIMITIVE_GROUP != I/O && IS_PRIMITIVE==1 && PRIMITIVE_LEVEL !=INTERNAL && NAME!=RamBuf/u_mig_7series_0_mig/u_ddr3_infrastructure/gen_mmcm.mmcm_i} -of_object [get_pins -filter {DIRECTION==IN} -of_objects [get_nets -hierarchical -filter {PARENT=="RamBuf/u_mig_7series_0_mig/u_ddr3_infrastructure/CLK"}]]]
resize_pblock [get_pblocks {CLKAG_RamBuf/u_mig_7series_0_mig/u_ddr3_infrastructure/CLK}] -add {CLOCKREGION_X0Y2:CLOCKREGION_X0Y2 CLOCKREGION_X0Y3:CLOCKREGION_X0Y3 CLOCKREGION_X0Y4:CLOCKREGION_X0Y4}
#endgroup
