Removed Pin From Net: NetName=AHS0 Pin=J2-24
Removed Pin From Net: NetName=SWL0 Pin=P5-1
Removed Pin From Net: NetName=SWL1 Pin=P5-2
Removed Pin From Net: NetName=SWL2 Pin=P5-3
Removed Pin From Net: NetName=SWL3 Pin=P5-4
Removed Pin From Net: NetName=SWL4 Pin=P5-5
Removed Pin From Net: NetName=SWH0 Pin=P5-6
Removed Pin From Net: NetName=SWH1 Pin=P5-7
Removed Pin From Net: NetName=SWH2 Pin=P5-8
Removed Pin From Net: NetName=SWH3 Pin=P5-9
Removed Pin From Net: NetName=SWH4 Pin=P5-10
Removed Pin From Net: NetName=SWH5 Pin=P5-11
Removed Pin From Net: NetName=AHS0 Pin=P5-16
Removed Pin From Net: NetName=AHS1 Pin=P5-17
Removed Pin From Net: NetName=AHS2 Pin=P5-18
Removed Pin From Net: NetName=LED_EN Pin=P5-19
Removed Pin From Net: NetName=+5 Pin=P5-20
Removed Pin From Net: NetName=GND Pin=P5-21
Removed Member From Class: ClassName=Connectors Member=P5
Added Component: Designator=J6(20 pos header)
Added Component: Designator=J7(20 pos header)
Added Pin To Net: NetName=AHS0 Pin=J6-1
Added Pin To Net: NetName=AHS1 Pin=J6-2
Added Pin To Net: NetName=AHS2 Pin=J6-3
Added Pin To Net: NetName=LED_EN Pin=J6-4
Added Pin To Net: NetName=GND Pin=J6-5
Added Pin To Net: NetName=GND Pin=J6-6
Added Pin To Net: NetName=GND Pin=J6-7
Added Pin To Net: NetName=SWL4 Pin=J6-8
Added Pin To Net: NetName=+5 Pin=J6-12
Added Pin To Net: NetName=+5 Pin=J6-13
Added Pin To Net: NetName=SWL3 Pin=J6-14
Added Pin To Net: NetName=SWL2 Pin=J6-18
Added Pin To Net: NetName=GND Pin=J7-1
Added Pin To Net: NetName=Vbatt Pin=J7-3
Added Pin To Net: NetName=Vbatt Pin=J7-4
Added Pin To Net: NetName=SWL1 Pin=J7-7
Added Pin To Net: NetName=SWH0 Pin=J7-11
Added Pin To Net: NetName=SWH1 Pin=J7-12
Added Pin To Net: NetName=SWH2 Pin=J7-13
Added Pin To Net: NetName=SWH3 Pin=J7-14
Added Pin To Net: NetName=SWH4 Pin=J7-15
Added Pin To Net: NetName=SWH5 Pin=J7-16
Added Pin To Net: NetName=SWL0 Pin=J7-17
Added Pin To Net: NetName=LS0 Pin=J2-18
Added Pin To Net: NetName=LS0 Pin=J4-2
Added Pin To Net: NetName=LS0 Pin=J7-18
Added Net: Name=LS0
Added Pin To Net: NetName=LS1 Pin=J2-20
Added Pin To Net: NetName=LS1 Pin=J4-3
Added Pin To Net: NetName=LS1 Pin=J7-8
Added Net: Name=LS1
Added Pin To Net: NetName=LS2 Pin=J2-21
Added Pin To Net: NetName=LS2 Pin=J4-5
Added Pin To Net: NetName=LS2 Pin=J6-19
Added Net: Name=LS2
Added Pin To Net: NetName=LS3 Pin=J2-23
Added Pin To Net: NetName=LS3 Pin=J4-6
Added Pin To Net: NetName=LS3 Pin=J6-15
Added Net: Name=LS3
Added Pin To Net: NetName=LS4 Pin=J2-24
Added Pin To Net: NetName=LS4 Pin=J4-8
Added Pin To Net: NetName=LS4 Pin=J6-9
Added Net: Name=LS4
Added Pin To Net: NetName=LS5 Pin=J3-2
Added Pin To Net: NetName=LS5 Pin=J4-9
Added Pin To Net: NetName=LS5 Pin=J7-19
Added Net: Name=LS5
Added Pin To Net: NetName=LS6 Pin=J3-3
Added Pin To Net: NetName=LS6 Pin=J4-11
Added Pin To Net: NetName=LS6 Pin=J7-9
Added Net: Name=LS6
Added Pin To Net: NetName=LS7 Pin=J3-5
Added Pin To Net: NetName=LS7 Pin=J4-12
Added Pin To Net: NetName=LS7 Pin=J6-20
Added Net: Name=LS7
Added Pin To Net: NetName=LS8 Pin=J3-6
Added Pin To Net: NetName=LS8 Pin=J4-14
Added Pin To Net: NetName=LS8 Pin=J4-14
Added Pin To Net: NetName=LS8 Pin=J4-14
Added Pin To Net: NetName=LS8 Pin=J6-16
Added Net: Name=LS8
Added Pin To Net: NetName=LS9 Pin=J3-8
Added Pin To Net: NetName=LS9 Pin=J4-15
Added Pin To Net: NetName=LS9 Pin=J6-10
Added Net: Name=LS9
Added Pin To Net: NetName=LS10 Pin=J3-9
Added Pin To Net: NetName=LS10 Pin=J4-17
Added Pin To Net: NetName=LS10 Pin=J7-20
Added Net: Name=LS10
Added Pin To Net: NetName=LS11 Pin=J3-11
Added Pin To Net: NetName=LS11 Pin=J4-18
Added Pin To Net: NetName=LS11 Pin=J7-10
Added Net: Name=LS11
Added Pin To Net: NetName=LS12 Pin=J3-12
Added Pin To Net: NetName=LS12 Pin=J4-20
Added Pin To Net: NetName=LS12 Pin=J7-6
Added Net: Name=LS12
Added Pin To Net: NetName=LS13 Pin=J3-14
Added Pin To Net: NetName=LS13 Pin=J3-14
Added Pin To Net: NetName=LS13 Pin=J3-14
Added Pin To Net: NetName=LS13 Pin=J4-21
Added Pin To Net: NetName=LS13 Pin=J6-17
Added Net: Name=LS13
Added Pin To Net: NetName=LS14 Pin=J3-15
Added Pin To Net: NetName=LS14 Pin=J4-23
Added Pin To Net: NetName=LS14 Pin=J6-11
Added Net: Name=LS14
Added Member To Class: ClassName=Connectors Member=Component J6 20 pos header
Added Member To Class: ClassName=Connectors Member=Component J7 20 pos header
Added Room: Name=5VBoost
Added Room: Name=BatteryManagement
Added Room: Name=Connectors
