Added Component: Designator=D1(C2128 SOD323)
Added Component: Designator=D2(C2128 SOD323)
Added Component: Designator=D3(C2128 SOD323)
Added Component: Designator=D4(C2128 SOD323)
Added Component: Designator=D5(C2128 SOD323)
Added Component: Designator=D6(C2128 SOD323)
Added Component: Designator=D7(C2128 SOD323)
Added Component: Designator=D8(C2128 SOD323)
Added Component: Designator=D9(C2128 SOD323)
Added Component: Designator=D10(C2128 SOD323)
Added Component: Designator=D11(C2128 SOD323)
Added Component: Designator=D12(C2128 SOD323)
Added Component: Designator=D13(C2128 SOD323)
Added Component: Designator=D14(C2128 SOD323)
Added Component: Designator=D15(C2128 SOD323)
Added Component: Designator=D16(C2128 SOD323)
Added Component: Designator=D17(C2128 SOD323)
Added Component: Designator=D18(C2128 SOD323)
Added Component: Designator=D19(C2128 SOD323)
Added Component: Designator=D20(C2128 SOD323)
Added Component: Designator=D21(C2128 SOD323)
Added Component: Designator=D22(C2128 SOD323)
Added Component: Designator=D23(C2128 SOD323)
Added Component: Designator=R1(AXIAL-0.3)
Add component (AddParameter): Name = "LatestRevisionDate"; Value = "17-Jul-2002"; VariantName = "[No Variations]"
Add component (AddParameter): Name = "LatestRevisionNote"; Value = "Re-released for DXP Platform."; VariantName = "[No Variations]"
Add component (AddParameter): Name = "PackageDescription"; Value = "Axial Device, Thru-Hole; 2 Leads; 0.3 in Pin Spacing"; VariantName = "[No Variations]"
Add component (AddParameter): Name = "PackageReference"; Value = "AXIAL-0.3"; VariantName = "[No Variations]"
Add component (AddParameter): Name = "Published"; Value = "8-Jun-2000"; VariantName = "[No Variations]"
Add component (AddParameter): Name = "Publisher"; Value = "Altium Limited"; VariantName = "[No Variations]"
Add component (AddParameter): Name = "Value"; Value = "750"; VariantName = "[No Variations]"
Added Component: Designator=R2(AXIAL-0.3)
Add component (AddParameter): Name = "LatestRevisionDate"; Value = "17-Jul-2002"; VariantName = "[No Variations]"
Add component (AddParameter): Name = "LatestRevisionNote"; Value = "Re-released for DXP Platform."; VariantName = "[No Variations]"
Add component (AddParameter): Name = "PackageDescription"; Value = "Axial Device, Thru-Hole; 2 Leads; 0.3 in Pin Spacing"; VariantName = "[No Variations]"
Add component (AddParameter): Name = "PackageReference"; Value = "AXIAL-0.3"; VariantName = "[No Variations]"
Add component (AddParameter): Name = "Published"; Value = "8-Jun-2000"; VariantName = "[No Variations]"
Add component (AddParameter): Name = "Publisher"; Value = "Altium Limited"; VariantName = "[No Variations]"
Add component (AddParameter): Name = "Value"; Value = "83"; VariantName = "[No Variations]"
Added Component: Designator=R3(J1-0603)
Add component (AddParameter): Name = "LatestRevisionDate"; Value = "29-May-2009"; VariantName = "[No Variations]"
Add component (AddParameter): Name = "LatestRevisionNote"; Value = "IPC-7351 Footprint Added."; VariantName = "[No Variations]"
Add component (AddParameter): Name = "PackageDescription"; Value = "Chip Resistor"; VariantName = "[No Variations]"
Add component (AddParameter): Name = "PackageReference"; Value = "J1-0603"; VariantName = "[No Variations]"
Add component (AddParameter): Name = "Published"; Value = "8-Jun-2000"; VariantName = "[No Variations]"
Add component (AddParameter): Name = "Publisher"; Value = "Altium Limited"; VariantName = "[No Variations]"
Add component (AddParameter): Name = "Value"; Value = "10k"; VariantName = "[No Variations]"
Added Component: Designator=R4(J1-0603)
Add component (AddParameter): Name = "LatestRevisionDate"; Value = "29-May-2009"; VariantName = "[No Variations]"
Add component (AddParameter): Name = "LatestRevisionNote"; Value = "IPC-7351 Footprint Added."; VariantName = "[No Variations]"
Add component (AddParameter): Name = "PackageDescription"; Value = "Chip Resistor"; VariantName = "[No Variations]"
Add component (AddParameter): Name = "PackageReference"; Value = "J1-0603"; VariantName = "[No Variations]"
Add component (AddParameter): Name = "Published"; Value = "8-Jun-2000"; VariantName = "[No Variations]"
Add component (AddParameter): Name = "Publisher"; Value = "Altium Limited"; VariantName = "[No Variations]"
Add component (AddParameter): Name = "Value"; Value = "10k"; VariantName = "[No Variations]"
Added Component: Designator=R5(J1-0603)
Add component (AddParameter): Name = "LatestRevisionDate"; Value = "29-May-2009"; VariantName = "[No Variations]"
Add component (AddParameter): Name = "LatestRevisionNote"; Value = "IPC-7351 Footprint Added."; VariantName = "[No Variations]"
Add component (AddParameter): Name = "PackageDescription"; Value = "Chip Resistor"; VariantName = "[No Variations]"
Add component (AddParameter): Name = "PackageReference"; Value = "J1-0603"; VariantName = "[No Variations]"
Add component (AddParameter): Name = "Published"; Value = "8-Jun-2000"; VariantName = "[No Variations]"
Add component (AddParameter): Name = "Publisher"; Value = "Altium Limited"; VariantName = "[No Variations]"
Add component (AddParameter): Name = "Value"; Value = "10k"; VariantName = "[No Variations]"
Added Component: Designator=R6(J1-0603)
Add component (AddParameter): Name = "LatestRevisionDate"; Value = "29-May-2009"; VariantName = "[No Variations]"
Add component (AddParameter): Name = "LatestRevisionNote"; Value = "IPC-7351 Footprint Added."; VariantName = "[No Variations]"
Add component (AddParameter): Name = "PackageDescription"; Value = "Chip Resistor"; VariantName = "[No Variations]"
Add component (AddParameter): Name = "PackageReference"; Value = "J1-0603"; VariantName = "[No Variations]"
Add component (AddParameter): Name = "Published"; Value = "8-Jun-2000"; VariantName = "[No Variations]"
Add component (AddParameter): Name = "Publisher"; Value = "Altium Limited"; VariantName = "[No Variations]"
Add component (AddParameter): Name = "Value"; Value = "10k"; VariantName = "[No Variations]"
Added Component: Designator=R7(J1-0603)
Add component (AddParameter): Name = "LatestRevisionDate"; Value = "29-May-2009"; VariantName = "[No Variations]"
Add component (AddParameter): Name = "LatestRevisionNote"; Value = "IPC-7351 Footprint Added."; VariantName = "[No Variations]"
Add component (AddParameter): Name = "PackageDescription"; Value = "Chip Resistor"; VariantName = "[No Variations]"
Add component (AddParameter): Name = "PackageReference"; Value = "J1-0603"; VariantName = "[No Variations]"
Add component (AddParameter): Name = "Published"; Value = "8-Jun-2000"; VariantName = "[No Variations]"
Add component (AddParameter): Name = "Publisher"; Value = "Altium Limited"; VariantName = "[No Variations]"
Add component (AddParameter): Name = "Value"; Value = "10k"; VariantName = "[No Variations]"
Added Component: Designator=R8(J1-0603)
Add component (AddParameter): Name = "LatestRevisionDate"; Value = "29-May-2009"; VariantName = "[No Variations]"
Add component (AddParameter): Name = "LatestRevisionNote"; Value = "IPC-7351 Footprint Added."; VariantName = "[No Variations]"
Add component (AddParameter): Name = "PackageDescription"; Value = "Chip Resistor"; VariantName = "[No Variations]"
Add component (AddParameter): Name = "PackageReference"; Value = "J1-0603"; VariantName = "[No Variations]"
Add component (AddParameter): Name = "Published"; Value = "8-Jun-2000"; VariantName = "[No Variations]"
Add component (AddParameter): Name = "Publisher"; Value = "Altium Limited"; VariantName = "[No Variations]"
Add component (AddParameter): Name = "Value"; Value = "10k"; VariantName = "[No Variations]"
Added Component: Designator=R9(J1-0603)
Add component (AddParameter): Name = "LatestRevisionDate"; Value = "29-May-2009"; VariantName = "[No Variations]"
Add component (AddParameter): Name = "LatestRevisionNote"; Value = "IPC-7351 Footprint Added."; VariantName = "[No Variations]"
Add component (AddParameter): Name = "PackageDescription"; Value = "Chip Resistor"; VariantName = "[No Variations]"
Add component (AddParameter): Name = "PackageReference"; Value = "J1-0603"; VariantName = "[No Variations]"
Add component (AddParameter): Name = "Published"; Value = "8-Jun-2000"; VariantName = "[No Variations]"
Add component (AddParameter): Name = "Publisher"; Value = "Altium Limited"; VariantName = "[No Variations]"
Add component (AddParameter): Name = "Value"; Value = "10k"; VariantName = "[No Variations]"
Added Component: Designator=R10(J1-0603)
Add component (AddParameter): Name = "LatestRevisionDate"; Value = "29-May-2009"; VariantName = "[No Variations]"
Add component (AddParameter): Name = "LatestRevisionNote"; Value = "IPC-7351 Footprint Added."; VariantName = "[No Variations]"
Add component (AddParameter): Name = "PackageDescription"; Value = "Chip Resistor"; VariantName = "[No Variations]"
Add component (AddParameter): Name = "PackageReference"; Value = "J1-0603"; VariantName = "[No Variations]"
Add component (AddParameter): Name = "Published"; Value = "8-Jun-2000"; VariantName = "[No Variations]"
Add component (AddParameter): Name = "Publisher"; Value = "Altium Limited"; VariantName = "[No Variations]"
Add component (AddParameter): Name = "Value"; Value = "10k"; VariantName = "[No Variations]"
Added Component: Designator=R11(J1-0603)
Add component (AddParameter): Name = "LatestRevisionDate"; Value = "29-May-2009"; VariantName = "[No Variations]"
Add component (AddParameter): Name = "LatestRevisionNote"; Value = "IPC-7351 Footprint Added."; VariantName = "[No Variations]"
Add component (AddParameter): Name = "PackageDescription"; Value = "Chip Resistor"; VariantName = "[No Variations]"
Add component (AddParameter): Name = "PackageReference"; Value = "J1-0603"; VariantName = "[No Variations]"
Add component (AddParameter): Name = "Published"; Value = "8-Jun-2000"; VariantName = "[No Variations]"
Add component (AddParameter): Name = "Publisher"; Value = "Altium Limited"; VariantName = "[No Variations]"
Add component (AddParameter): Name = "Value"; Value = "10k"; VariantName = "[No Variations]"
Added Component: Designator=R12(J1-0603)
Add component (AddParameter): Name = "LatestRevisionDate"; Value = "29-May-2009"; VariantName = "[No Variations]"
Add component (AddParameter): Name = "LatestRevisionNote"; Value = "IPC-7351 Footprint Added."; VariantName = "[No Variations]"
Add component (AddParameter): Name = "PackageDescription"; Value = "Chip Resistor"; VariantName = "[No Variations]"
Add component (AddParameter): Name = "PackageReference"; Value = "J1-0603"; VariantName = "[No Variations]"
Add component (AddParameter): Name = "Published"; Value = "8-Jun-2000"; VariantName = "[No Variations]"
Add component (AddParameter): Name = "Publisher"; Value = "Altium Limited"; VariantName = "[No Variations]"
Add component (AddParameter): Name = "Value"; Value = "10k"; VariantName = "[No Variations]"
Added Component: Designator=R13(J1-0603)
Add component (AddParameter): Name = "LatestRevisionDate"; Value = "29-May-2009"; VariantName = "[No Variations]"
Add component (AddParameter): Name = "LatestRevisionNote"; Value = "IPC-7351 Footprint Added."; VariantName = "[No Variations]"
Add component (AddParameter): Name = "PackageDescription"; Value = "Chip Resistor"; VariantName = "[No Variations]"
Add component (AddParameter): Name = "PackageReference"; Value = "J1-0603"; VariantName = "[No Variations]"
Add component (AddParameter): Name = "Published"; Value = "8-Jun-2000"; VariantName = "[No Variations]"
Add component (AddParameter): Name = "Publisher"; Value = "Altium Limited"; VariantName = "[No Variations]"
Add component (AddParameter): Name = "Value"; Value = "10k"; VariantName = "[No Variations]"
Added Component: Designator=R14(J1-0603)
Add component (AddParameter): Name = "LatestRevisionDate"; Value = "29-May-2009"; VariantName = "[No Variations]"
Add component (AddParameter): Name = "LatestRevisionNote"; Value = "IPC-7351 Footprint Added."; VariantName = "[No Variations]"
Add component (AddParameter): Name = "PackageDescription"; Value = "Chip Resistor"; VariantName = "[No Variations]"
Add component (AddParameter): Name = "PackageReference"; Value = "J1-0603"; VariantName = "[No Variations]"
Add component (AddParameter): Name = "Published"; Value = "8-Jun-2000"; VariantName = "[No Variations]"
Add component (AddParameter): Name = "Publisher"; Value = "Altium Limited"; VariantName = "[No Variations]"
Add component (AddParameter): Name = "Value"; Value = "10k"; VariantName = "[No Variations]"
Added Component: Designator=R15(J1-0603)
Add component (AddParameter): Name = "LatestRevisionDate"; Value = "29-May-2009"; VariantName = "[No Variations]"
Add component (AddParameter): Name = "LatestRevisionNote"; Value = "IPC-7351 Footprint Added."; VariantName = "[No Variations]"
Add component (AddParameter): Name = "PackageDescription"; Value = "Chip Resistor"; VariantName = "[No Variations]"
Add component (AddParameter): Name = "PackageReference"; Value = "J1-0603"; VariantName = "[No Variations]"
Add component (AddParameter): Name = "Published"; Value = "8-Jun-2000"; VariantName = "[No Variations]"
Add component (AddParameter): Name = "Publisher"; Value = "Altium Limited"; VariantName = "[No Variations]"
Add component (AddParameter): Name = "Value"; Value = "10k"; VariantName = "[No Variations]"
Added Component: Designator=R16(J1-0603)
Add component (AddParameter): Name = "LatestRevisionDate"; Value = "29-May-2009"; VariantName = "[No Variations]"
Add component (AddParameter): Name = "LatestRevisionNote"; Value = "IPC-7351 Footprint Added."; VariantName = "[No Variations]"
Add component (AddParameter): Name = "PackageDescription"; Value = "Chip Resistor"; VariantName = "[No Variations]"
Add component (AddParameter): Name = "PackageReference"; Value = "J1-0603"; VariantName = "[No Variations]"
Add component (AddParameter): Name = "Published"; Value = "8-Jun-2000"; VariantName = "[No Variations]"
Add component (AddParameter): Name = "Publisher"; Value = "Altium Limited"; VariantName = "[No Variations]"
Add component (AddParameter): Name = "Value"; Value = "10k"; VariantName = "[No Variations]"
Added Component: Designator=R17(J1-0603)
Add component (AddParameter): Name = "LatestRevisionDate"; Value = "29-May-2009"; VariantName = "[No Variations]"
Add component (AddParameter): Name = "LatestRevisionNote"; Value = "IPC-7351 Footprint Added."; VariantName = "[No Variations]"
Add component (AddParameter): Name = "PackageDescription"; Value = "Chip Resistor"; VariantName = "[No Variations]"
Add component (AddParameter): Name = "PackageReference"; Value = "J1-0603"; VariantName = "[No Variations]"
Add component (AddParameter): Name = "Published"; Value = "8-Jun-2000"; VariantName = "[No Variations]"
Add component (AddParameter): Name = "Publisher"; Value = "Altium Limited"; VariantName = "[No Variations]"
Add component (AddParameter): Name = "Value"; Value = "10k"; VariantName = "[No Variations]"
Added Component: Designator=R18(J1-0603)
Add component (AddParameter): Name = "LatestRevisionDate"; Value = "29-May-2009"; VariantName = "[No Variations]"
Add component (AddParameter): Name = "LatestRevisionNote"; Value = "IPC-7351 Footprint Added."; VariantName = "[No Variations]"
Add component (AddParameter): Name = "PackageDescription"; Value = "Chip Resistor"; VariantName = "[No Variations]"
Add component (AddParameter): Name = "PackageReference"; Value = "J1-0603"; VariantName = "[No Variations]"
Add component (AddParameter): Name = "Published"; Value = "8-Jun-2000"; VariantName = "[No Variations]"
Add component (AddParameter): Name = "Publisher"; Value = "Altium Limited"; VariantName = "[No Variations]"
Add component (AddParameter): Name = "Value"; Value = "10k"; VariantName = "[No Variations]"
Added Component: Designator=R19(J1-0603)
Add component (AddParameter): Name = "LatestRevisionDate"; Value = "29-May-2009"; VariantName = "[No Variations]"
Add component (AddParameter): Name = "LatestRevisionNote"; Value = "IPC-7351 Footprint Added."; VariantName = "[No Variations]"
Add component (AddParameter): Name = "PackageDescription"; Value = "Chip Resistor"; VariantName = "[No Variations]"
Add component (AddParameter): Name = "PackageReference"; Value = "J1-0603"; VariantName = "[No Variations]"
Add component (AddParameter): Name = "Published"; Value = "8-Jun-2000"; VariantName = "[No Variations]"
Add component (AddParameter): Name = "Publisher"; Value = "Altium Limited"; VariantName = "[No Variations]"
Add component (AddParameter): Name = "Value"; Value = "10k"; VariantName = "[No Variations]"
Added Component: Designator=R20(J1-0603)
Add component (AddParameter): Name = "LatestRevisionDate"; Value = "29-May-2009"; VariantName = "[No Variations]"
Add component (AddParameter): Name = "LatestRevisionNote"; Value = "IPC-7351 Footprint Added."; VariantName = "[No Variations]"
Add component (AddParameter): Name = "PackageDescription"; Value = "Chip Resistor"; VariantName = "[No Variations]"
Add component (AddParameter): Name = "PackageReference"; Value = "J1-0603"; VariantName = "[No Variations]"
Add component (AddParameter): Name = "Published"; Value = "8-Jun-2000"; VariantName = "[No Variations]"
Add component (AddParameter): Name = "Publisher"; Value = "Altium Limited"; VariantName = "[No Variations]"
Add component (AddParameter): Name = "Value"; Value = "10k"; VariantName = "[No Variations]"
Added Component: Designator=R21(J1-0603)
Add component (AddParameter): Name = "LatestRevisionDate"; Value = "29-May-2009"; VariantName = "[No Variations]"
Add component (AddParameter): Name = "LatestRevisionNote"; Value = "IPC-7351 Footprint Added."; VariantName = "[No Variations]"
Add component (AddParameter): Name = "PackageDescription"; Value = "Chip Resistor"; VariantName = "[No Variations]"
Add component (AddParameter): Name = "PackageReference"; Value = "J1-0603"; VariantName = "[No Variations]"
Add component (AddParameter): Name = "Published"; Value = "8-Jun-2000"; VariantName = "[No Variations]"
Add component (AddParameter): Name = "Publisher"; Value = "Altium Limited"; VariantName = "[No Variations]"
Add component (AddParameter): Name = "Value"; Value = "10k"; VariantName = "[No Variations]"
Added Component: Designator=R22(J1-0603)
Add component (AddParameter): Name = "LatestRevisionDate"; Value = "29-May-2009"; VariantName = "[No Variations]"
Add component (AddParameter): Name = "LatestRevisionNote"; Value = "IPC-7351 Footprint Added."; VariantName = "[No Variations]"
Add component (AddParameter): Name = "PackageDescription"; Value = "Chip Resistor"; VariantName = "[No Variations]"
Add component (AddParameter): Name = "PackageReference"; Value = "J1-0603"; VariantName = "[No Variations]"
Add component (AddParameter): Name = "Published"; Value = "8-Jun-2000"; VariantName = "[No Variations]"
Add component (AddParameter): Name = "Publisher"; Value = "Altium Limited"; VariantName = "[No Variations]"
Add component (AddParameter): Name = "Value"; Value = "10k"; VariantName = "[No Variations]"
Added Component: Designator=R23(J1-0603)
Add component (AddParameter): Name = "LatestRevisionDate"; Value = "29-May-2009"; VariantName = "[No Variations]"
Add component (AddParameter): Name = "LatestRevisionNote"; Value = "IPC-7351 Footprint Added."; VariantName = "[No Variations]"
Add component (AddParameter): Name = "PackageDescription"; Value = "Chip Resistor"; VariantName = "[No Variations]"
Add component (AddParameter): Name = "PackageReference"; Value = "J1-0603"; VariantName = "[No Variations]"
Add component (AddParameter): Name = "Published"; Value = "8-Jun-2000"; VariantName = "[No Variations]"
Add component (AddParameter): Name = "Publisher"; Value = "Altium Limited"; VariantName = "[No Variations]"
Add component (AddParameter): Name = "Value"; Value = "10k"; VariantName = "[No Variations]"
Added Component: Designator=T1(C6749 NPN BJT)
Added Component: Designator=T2(C6749 NPN BJT)
Added Component: Designator=T3(C6749 NPN BJT)
Added Component: Designator=T4(C6749 NPN BJT)
Added Component: Designator=T5(C6749 NPN BJT)
Added Component: Designator=T6(C6749 NPN BJT)
Added Component: Designator=T7(C6749 NPN BJT)
Added Component: Designator=T8(C6749 NPN BJT)
Added Component: Designator=T9(C6749 NPN BJT)
Added Component: Designator=T10(C6749 NPN BJT)
Added Component: Designator=T11(C6749 NPN BJT)
Added Component: Designator=T12(C6749 NPN BJT)
Added Component: Designator=T13(C6749 NPN BJT)
Added Component: Designator=T14(C6749 NPN BJT)
Added Component: Designator=T15(C6749 NPN BJT)
Added Component: Designator=T16(C6749 NPN BJT)
Added Component: Designator=T17(C6749 NPN BJT)
Added Component: Designator=U1(SOIC16)
Added Component: Designator=U2(SOIC16)
Added Component: Designator=U3(SOIC16)
Added Pin To Net: NetName=NetD1_An Pin=D1-An
Added Pin To Net: NetName=SWL0 Pin=D1-Ca
Added Pin To Net: NetName=NetD2_An Pin=D2-An
Added Pin To Net: NetName=SWL1 Pin=D2-Ca
Added Pin To Net: NetName=NetD3_An Pin=D3-An
Added Pin To Net: NetName=SWL2 Pin=D3-Ca
Added Pin To Net: NetName=NetD4_An Pin=D4-An
Added Pin To Net: NetName=SWL3 Pin=D4-Ca
Added Pin To Net: NetName=NetD5_An Pin=D5-An
Added Pin To Net: NetName=SWL4 Pin=D5-Ca
Added Pin To Net: NetName=NetD6_An Pin=D6-An
Added Pin To Net: NetName=SWL0 Pin=D6-Ca
Added Pin To Net: NetName=NetD7_An Pin=D7-An
Added Pin To Net: NetName=NetD8_An Pin=D8-An
Added Pin To Net: NetName=SWL2 Pin=D8-Ca
Added Pin To Net: NetName=NetD9_An Pin=D9-An
Added Pin To Net: NetName=SWL3 Pin=D9-Ca
Added Pin To Net: NetName=NetD10_An Pin=D10-An
Added Pin To Net: NetName=SWL4 Pin=D10-Ca
Added Pin To Net: NetName=NetD11_An Pin=D11-An
Added Pin To Net: NetName=SWL0 Pin=D11-Ca
Added Pin To Net: NetName=NetD12_An Pin=D12-An
Added Pin To Net: NetName=NetD13_An Pin=D13-An
Added Pin To Net: NetName=SWL2 Pin=D13-Ca
Added Pin To Net: NetName=NetD14_An Pin=D14-An
Added Pin To Net: NetName=SWL3 Pin=D14-Ca
Added Pin To Net: NetName=NetD15_An Pin=D15-An
Added Pin To Net: NetName=SWL0 Pin=D15-Ca
Added Pin To Net: NetName=NetD16_An Pin=D16-An
Added Pin To Net: NetName=NetD17_An Pin=D17-An
Added Pin To Net: NetName=SWL2 Pin=D17-Ca
Added Pin To Net: NetName=NetD18_An Pin=D18-An
Added Pin To Net: NetName=SWL3 Pin=D18-Ca
Added Pin To Net: NetName=NetD19_An Pin=D19-An
Added Pin To Net: NetName=SWL4 Pin=D19-Ca
Added Pin To Net: NetName=NetD20_An Pin=D20-An
Added Pin To Net: NetName=SWL0 Pin=D20-Ca
Added Pin To Net: NetName=NetD21_An Pin=D21-An
Added Pin To Net: NetName=SWL1 Pin=D21-Ca
Added Pin To Net: NetName=NetD22_An Pin=D22-An
Added Pin To Net: NetName=SWL2 Pin=D22-Ca
Added Pin To Net: NetName=NetD23_An Pin=D23-An
Added Pin To Net: NetName=SWL3 Pin=D23-Ca
Added Pin To Net: NetName=NetR1_1 Pin=R1-1
Added Pin To Net: NetName=+5 Pin=R1-2
Added Pin To Net: NetName=GND Pin=R2-1
Added Pin To Net: NetName=NetR2_2 Pin=R2-2
Added Pin To Net: NetName=NetR3_1 Pin=R3-1
Added Pin To Net: NetName=LS0 Pin=R3-2
Added Pin To Net: NetName=NetR4_1 Pin=R4-1
Added Pin To Net: NetName=LS1 Pin=R4-2
Added Pin To Net: NetName=NetR5_1 Pin=R5-1
Added Pin To Net: NetName=LS2 Pin=R5-2
Added Pin To Net: NetName=NetR6_1 Pin=R6-1
Added Pin To Net: NetName=LS3 Pin=R6-2
Added Pin To Net: NetName=NetR7_1 Pin=R7-1
Added Pin To Net: NetName=LS4 Pin=R7-2
Added Pin To Net: NetName=LS7 Pin=R8-1
Added Pin To Net: NetName=NetR8_2 Pin=R8-2
Added Pin To Net: NetName=NetR9_1 Pin=R9-1
Added Pin To Net: NetName=LS5 Pin=R9-2
Added Pin To Net: NetName=NetR10_1 Pin=R10-1
Added Pin To Net: NetName=LS6 Pin=R10-2
Added Pin To Net: NetName=NetR11_1 Pin=R11-1
Added Pin To Net: NetName=LS8 Pin=R11-2
Added Pin To Net: NetName=NetR12_1 Pin=R12-1
Added Pin To Net: NetName=LS9 Pin=R12-2
Added Pin To Net: NetName=NetR13_1 Pin=R13-1
Added Pin To Net: NetName=LS10 Pin=R13-2
Added Pin To Net: NetName=NetR14_1 Pin=R14-1
Added Pin To Net: NetName=LS11 Pin=R14-2
Added Pin To Net: NetName=NetR15_1 Pin=R15-1
Added Pin To Net: NetName=LS12 Pin=R15-2
Added Pin To Net: NetName=NetR16_1 Pin=R16-1
Added Pin To Net: NetName=LS13 Pin=R16-2
Added Pin To Net: NetName=NetR17_1 Pin=R17-1
Added Pin To Net: NetName=LS14 Pin=R17-2
Added Pin To Net: NetName=NetR18_1 Pin=R18-1
Added Pin To Net: NetName=HS0 Pin=R18-2
Added Pin To Net: NetName=NetR19_1 Pin=R19-1
Added Pin To Net: NetName=HS1 Pin=R19-2
Added Pin To Net: NetName=NetR20_1 Pin=R20-1
Added Pin To Net: NetName=HS2 Pin=R20-2
Added Pin To Net: NetName=NetR21_1 Pin=R21-1
Added Pin To Net: NetName=HS3 Pin=R21-2
Added Pin To Net: NetName=NetR22_1 Pin=R22-1
Added Pin To Net: NetName=HS4 Pin=R22-2
Added Pin To Net: NetName=NetR23_1 Pin=R23-1
Added Pin To Net: NetName=HS5 Pin=R23-2
Added Pin To Net: NetName=LS0 Pin=T1-1
Added Pin To Net: NetName=NetT1_2 Pin=T1-2
Added Pin To Net: NetName=LED Ca4 Pin=T1-3
Added Pin To Net: NetName=LS5 Pin=T2-1
Added Pin To Net: NetName=NetT1_2 Pin=T2-2
Added Pin To Net: NetName=LED Ca5 Pin=T2-3
Added Pin To Net: NetName=LS10 Pin=T3-1
Added Pin To Net: NetName=NetT1_2 Pin=T3-2
Added Pin To Net: NetName=LED Ca14 Pin=T3-3
Added Pin To Net: NetName=LS1 Pin=T4-1
Added Pin To Net: NetName=NetT1_2 Pin=T4-2
Added Pin To Net: NetName=LED Ca3 Pin=T4-3
Added Pin To Net: NetName=LS6 Pin=T5-1
Added Pin To Net: NetName=NetT1_2 Pin=T5-2
Added Pin To Net: NetName=LED Ca6 Pin=T5-3
Added Pin To Net: NetName=LS11 Pin=T6-1
Added Pin To Net: NetName=NetT1_2 Pin=T6-2
Added Pin To Net: NetName=LED Ca13 Pin=T6-3
Added Pin To Net: NetName=LS2 Pin=T7-1
Added Pin To Net: NetName=NetT1_2 Pin=T7-2
Added Pin To Net: NetName=LED Ca2 Pin=T7-3
Added Pin To Net: NetName=LS7 Pin=T8-1
Added Pin To Net: NetName=NetT1_2 Pin=T8-2
Added Pin To Net: NetName=LED Ca7 Pin=T8-3
Added Pin To Net: NetName=LS12 Pin=T9-1
Added Pin To Net: NetName=NetT1_2 Pin=T9-2
Added Pin To Net: NetName=LED Ca12 Pin=T9-3
Added Pin To Net: NetName=LS3 Pin=T10-1
Added Pin To Net: NetName=NetT1_2 Pin=T10-2
Added Pin To Net: NetName=LED Ca1 Pin=T10-3
Added Pin To Net: NetName=LS8 Pin=T11-1
Added Pin To Net: NetName=NetT1_2 Pin=T11-2
Added Pin To Net: NetName=LED Ca8 Pin=T11-3
Added Pin To Net: NetName=LS13 Pin=T12-1
Added Pin To Net: NetName=NetT1_2 Pin=T12-2
Added Pin To Net: NetName=LED Ca11 Pin=T12-3
Added Pin To Net: NetName=LS4 Pin=T13-1
Added Pin To Net: NetName=NetT1_2 Pin=T13-2
Added Pin To Net: NetName=LED Ca0 Pin=T13-3
Added Pin To Net: NetName=LS9 Pin=T14-1
Added Pin To Net: NetName=NetT1_2 Pin=T14-2
Added Pin To Net: NetName=LED Ca9 Pin=T14-3
Added Pin To Net: NetName=LS14 Pin=T15-1
Added Pin To Net: NetName=NetT1_2 Pin=T15-2
Added Pin To Net: NetName=LED Ca10 Pin=T15-3
Added Pin To Net: NetName=NetR1_1 Pin=T16-1
Added Pin To Net: NetName=NetR2_2 Pin=T16-2
Added Pin To Net: NetName=NetT1_2 Pin=T16-3
Added Pin To Net: NetName=NetR2_2 Pin=T17-1
Added Pin To Net: NetName=GND Pin=T17-2
Added Pin To Net: NetName=NetR1_1 Pin=T17-3
Added Pin To Net: NetName=HSG0 Pin=U1-1
Added Pin To Net: NetName=HSG1 Pin=U1-2
Added Pin To Net: NetName=HSG2 Pin=U1-3
Added Pin To Net: NetName=HSG3 Pin=U1-4
Added Pin To Net: NetName=En Pin=U1-5
Added Pin To Net: NetName=+5 Pin=U1-6
Added Pin To Net: NetName=NetR8_2 Pin=U1-7
Added Pin To Net: NetName=GND Pin=U1-8
Added Pin To Net: NetName=NetR10_1 Pin=U1-9
Added Pin To Net: NetName=NetR9_1 Pin=U1-10
Added Pin To Net: NetName=NetR7_1 Pin=U1-11
Added Pin To Net: NetName=NetR6_1 Pin=U1-12
Added Pin To Net: NetName=NetR5_1 Pin=U1-13
Added Pin To Net: NetName=NetR4_1 Pin=U1-14
Added Pin To Net: NetName=NetR3_1 Pin=U1-15
Added Pin To Net: NetName=+5 Pin=U1-16
Added Pin To Net: NetName=LSG0 Pin=U2-1
Added Pin To Net: NetName=LSG1 Pin=U2-2
Added Pin To Net: NetName=LSG2 Pin=U2-3
Added Pin To Net: NetName=En Pin=U2-4
Added Pin To Net: NetName=GND Pin=U2-5
Added Pin To Net: NetName=+5 Pin=U2-6
Added Pin To Net: NetName=GND Pin=U2-8
Added Pin To Net: NetName=NetR23_1 Pin=U2-10
Added Pin To Net: NetName=NetR22_1 Pin=U2-11
Added Pin To Net: NetName=NetR21_1 Pin=U2-12
Added Pin To Net: NetName=NetR20_1 Pin=U2-13
Added Pin To Net: NetName=NetR19_1 Pin=U2-14
Added Pin To Net: NetName=NetR18_1 Pin=U2-15
Added Pin To Net: NetName=+5 Pin=U2-16
Added Pin To Net: NetName=HSG0 Pin=U3-1
Added Pin To Net: NetName=HSG1 Pin=U3-2
Added Pin To Net: NetName=HSG2 Pin=U3-3
Added Pin To Net: NetName=GND Pin=U3-4
Added Pin To Net: NetName=En Pin=U3-5
Added Pin To Net: NetName=HSG3 Pin=U3-6
Added Pin To Net: NetName=GND Pin=U3-8
Added Pin To Net: NetName=NetR17_1 Pin=U3-9
Added Pin To Net: NetName=NetR16_1 Pin=U3-10
Added Pin To Net: NetName=NetR15_1 Pin=U3-11
Added Pin To Net: NetName=NetR14_1 Pin=U3-12
Added Pin To Net: NetName=NetR13_1 Pin=U3-13
Added Pin To Net: NetName=NetR12_1 Pin=U3-14
Added Pin To Net: NetName=NetR11_1 Pin=U3-15
Added Pin To Net: NetName=+5 Pin=U3-16
Added Member To Class: ClassName=Designator Member=Component D1 C2128 Diode
Added Member To Class: ClassName=Designator Member=Component D2 C2128 Diode
Added Member To Class: ClassName=Designator Member=Component D3 C2128 Diode
Added Member To Class: ClassName=Designator Member=Component D4 C2128 Diode
Added Member To Class: ClassName=Designator Member=Component D5 C2128 Diode
Added Member To Class: ClassName=Designator Member=Component D6 C2128 Diode
Added Member To Class: ClassName=Designator Member=Component D7 C2128 Diode
Added Member To Class: ClassName=Designator Member=Component D8 C2128 Diode
Added Member To Class: ClassName=Designator Member=Component D9 C2128 Diode
Added Member To Class: ClassName=Designator Member=Component D10 C2128 Diode
Added Member To Class: ClassName=Designator Member=Component D11 C2128 Diode
Added Member To Class: ClassName=Designator Member=Component D12 C2128 Diode
Added Member To Class: ClassName=Designator Member=Component D13 C2128 Diode
Added Member To Class: ClassName=Designator Member=Component D14 C2128 Diode
Added Member To Class: ClassName=Designator Member=Component D15 C2128 Diode
Added Member To Class: ClassName=Designator Member=Component D16 C2128 Diode
Added Member To Class: ClassName=Designator Member=Component D17 C2128 Diode
Added Member To Class: ClassName=Designator Member=Component D18 C2128 Diode
Added Member To Class: ClassName=Designator Member=Component D19 C2128 Diode
Added Member To Class: ClassName=Designator Member=Component D20 C2128 Diode
Added Member To Class: ClassName=Designator Member=Component D21 C2128 Diode
Added Member To Class: ClassName=Designator Member=Component D22 C2128 Diode
Added Member To Class: ClassName=Designator Member=Component D23 C2128 Diode
Added Member To Class: ClassName=Designator Member=Component R1 Res1
Added Member To Class: ClassName=Designator Member=Component R2 Res1
Added Member To Class: ClassName=Designator Member=Component R3 Res3
Added Member To Class: ClassName=Designator Member=Component R4 Res3
Added Member To Class: ClassName=Designator Member=Component R5 Res3
Added Member To Class: ClassName=Designator Member=Component R6 Res3
Added Member To Class: ClassName=Designator Member=Component R7 Res3
Added Member To Class: ClassName=Designator Member=Component R8 Res3
Added Member To Class: ClassName=Designator Member=Component R9 Res3
Added Member To Class: ClassName=Designator Member=Component R10 Res3
Added Member To Class: ClassName=Designator Member=Component R11 Res3
Added Member To Class: ClassName=Designator Member=Component R12 Res3
Added Member To Class: ClassName=Designator Member=Component R13 Res3
Added Member To Class: ClassName=Designator Member=Component R14 Res3
Added Member To Class: ClassName=Designator Member=Component R15 Res3
Added Member To Class: ClassName=Designator Member=Component R16 Res3
Added Member To Class: ClassName=Designator Member=Component R17 Res3
Added Member To Class: ClassName=Designator Member=Component R18 Res3
Added Member To Class: ClassName=Designator Member=Component R19 Res3
Added Member To Class: ClassName=Designator Member=Component R20 Res3
Added Member To Class: ClassName=Designator Member=Component R21 Res3
Added Member To Class: ClassName=Designator Member=Component R22 Res3
Added Member To Class: ClassName=Designator Member=Component R23 Res3
Added Member To Class: ClassName=Designator Member=Component T1 C344010 NCH MOS
Added Member To Class: ClassName=Designator Member=Component T2 C344010 NCH MOS
Added Member To Class: ClassName=Designator Member=Component T3 C344010 NCH MOS
Added Member To Class: ClassName=Designator Member=Component T4 C344010 NCH MOS
Added Member To Class: ClassName=Designator Member=Component T5 C344010 NCH MOS
Added Member To Class: ClassName=Designator Member=Component T6 C344010 NCH MOS
Added Member To Class: ClassName=Designator Member=Component T7 C344010 NCH MOS
Added Member To Class: ClassName=Designator Member=Component T8 C344010 NCH MOS
Added Member To Class: ClassName=Designator Member=Component T9 C344010 NCH MOS
Added Member To Class: ClassName=Designator Member=Component T10 C344010 NCH MOS
Added Member To Class: ClassName=Designator Member=Component T11 C344010 NCH MOS
Added Member To Class: ClassName=Designator Member=Component T12 C344010 NCH MOS
Added Member To Class: ClassName=Designator Member=Component T13 C344010 NCH MOS
Added Member To Class: ClassName=Designator Member=Component T14 C344010 NCH MOS
Added Member To Class: ClassName=Designator Member=Component T15 C344010 NCH MOS
Added Member To Class: ClassName=Designator Member=Component T16 C6749 NPN BJT
Added Member To Class: ClassName=Designator Member=Component T17 C6749 NPN BJT
Added Member To Class: ClassName=Designator Member=Component U1 74HC238
Added Member To Class: ClassName=Designator Member=Component U2 74HC138
Added Member To Class: ClassName=Designator Member=Component U3 74HC238
Added Room: Name=Designator
Added Room: Name=LED Driver and Switch Breakout
