Removed Pin From Net: NetName=SWL0 Pin=J1-1
Removed Pin From Net: NetName=SWL1 Pin=J1-2
Removed Pin From Net: NetName=SWL2 Pin=J1-3
Removed Pin From Net: NetName=SWL3 Pin=J1-4
Removed Pin From Net: NetName=SWL4 Pin=J1-5
Removed Pin From Net: NetName=SWH5 Pin=J1-6
Removed Pin From Net: NetName=SWH4 Pin=J1-7
Removed Pin From Net: NetName=SWH3 Pin=J1-8
Removed Pin From Net: NetName=SWH2 Pin=J1-9
Removed Pin From Net: NetName=SWH1 Pin=J1-10
Removed Pin From Net: NetName=SWH0 Pin=J1-11
Removed Pin From Net: NetName=ALS3 Pin=J1-12
Removed Pin From Net: NetName=AHS0 Pin=J1-13
Removed Pin From Net: NetName=AHS1 Pin=J1-14
Removed Pin From Net: NetName=AHS2 Pin=J1-15
Removed Pin From Net: NetName=+5 Pin=J1-17
Removed Pin From Net: NetName=GND Pin=J1-19
Removed Pin From Net: NetName=GND Pin=J1-20
Removed Pin From Net: NetName=LS4 Pin=J2-6
Removed Pin From Net: NetName=LS9 Pin=J2-7
Removed Pin From Net: NetName=LS14 Pin=J2-8
Removed Pin From Net: NetName=LS3 Pin=J2-9
Removed Pin From Net: NetName=LS8 Pin=J2-10
Removed Pin From Net: NetName=LS13 Pin=J2-11
Removed Pin From Net: NetName=LS2 Pin=J2-12
Removed Pin From Net: NetName=LS7 Pin=J2-13
Removed Pin From Net: NetName=LS12 Pin=J2-14
Removed Pin From Net: NetName=LS1 Pin=J2-15
Removed Pin From Net: NetName=LS6 Pin=J2-16
Removed Pin From Net: NetName=LS11 Pin=J2-17
Removed Pin From Net: NetName=LS0 Pin=J2-18
Removed Pin From Net: NetName=LS5 Pin=J2-19
Removed Pin From Net: NetName=LS10 Pin=J2-20
Added Pin To Net: NetName=GND Pin=J1-1
Added Pin To Net: NetName=+5 Pin=J1-3
Added Pin To Net: NetName=En Pin=J1-5
Added Pin To Net: NetName=AHS2 Pin=J1-6
Added Pin To Net: NetName=AHS1 Pin=J1-7
Added Pin To Net: NetName=AHS0 Pin=J1-8
Added Pin To Net: NetName=ALS3 Pin=J1-9
Added Pin To Net: NetName=SWL4 Pin=J1-10
Added Pin To Net: NetName=LS4 Pin=J1-11
Added Pin To Net: NetName=LS9 Pin=J1-12
Added Pin To Net: NetName=LS14 Pin=J1-13
Added Pin To Net: NetName=SWL3 Pin=J1-14
Added Pin To Net: NetName=LS3 Pin=J1-15
Added Pin To Net: NetName=LS8 Pin=J1-16
Added Pin To Net: NetName=LS13 Pin=J1-17
Added Pin To Net: NetName=SWL2 Pin=J1-18
Added Pin To Net: NetName=LS2 Pin=J1-19
Added Pin To Net: NetName=LS7 Pin=J1-20
Added Room: Name=Connectors
Added Room: Name=LED Driver and Switches
