Removed Pin From Net: NetName=SWL0 Pin=P1-1
Removed Pin From Net: NetName=SWL1 Pin=P1-2
Removed Pin From Net: NetName=SWL2 Pin=P1-3
Removed Pin From Net: NetName=SWL3 Pin=P1-4
Removed Pin From Net: NetName=SWL4 Pin=P1-5
Removed Pin From Net: NetName=SWH5 Pin=P1-6
Removed Pin From Net: NetName=SWH4 Pin=P1-7
Removed Pin From Net: NetName=SWH3 Pin=P1-8
Removed Pin From Net: NetName=SWH2 Pin=P1-9
Removed Pin From Net: NetName=SWH1 Pin=P1-10
Removed Pin From Net: NetName=SWH0 Pin=P1-11
Removed Pin From Net: NetName=ALS3 Pin=P1-15
Removed Pin From Net: NetName=AHS0 Pin=P1-16
Removed Pin From Net: NetName=AHS1 Pin=P1-17
Removed Pin From Net: NetName=AHS2 Pin=P1-18
Removed Pin From Net: NetName=En Pin=P1-19
Removed Pin From Net: NetName=+5 Pin=P1-20
Removed Pin From Net: NetName=GND Pin=P1-21
Removed Pin From Net: NetName=+5 Pin=R12-2
Removed Pin From Net: NetName=LS0 Pin=R15-2
Removed Pin From Net: NetName=LS1 Pin=R16-2
Removed Pin From Net: NetName=LS2 Pin=R17-2
Removed Pin From Net: NetName=LS3 Pin=R18-2
Removed Pin From Net: NetName=LS4 Pin=R19-2
Removed Pin From Net: NetName=LS7 Pin=R20-1
Removed Pin From Net: NetName=LS5 Pin=R21-2
Removed Pin From Net: NetName=LS6 Pin=R22-2
Removed Pin From Net: NetName=LS8 Pin=R23-2
Removed Pin From Net: NetName=LS9 Pin=R24-2
Removed Pin From Net: NetName=LS10 Pin=R25-2
Removed Pin From Net: NetName=LS11 Pin=R26-2
Removed Pin From Net: NetName=LS12 Pin=R27-2
Removed Pin From Net: NetName=LS13 Pin=R28-2
Removed Pin From Net: NetName=LS14 Pin=R29-2
Removed Pin From Net: NetName=LED Ca4 Pin=T1-3
Removed Pin From Net: NetName=LS5 Pin=T2-1
Removed Pin From Net: NetName=NetT1_2 Pin=T2-2
Removed Pin From Net: NetName=LED Ca5 Pin=T2-3
Removed Pin From Net: NetName=LS14 Pin=T3-1
Removed Pin From Net: NetName=NetT1_2 Pin=T3-2
Removed Pin From Net: NetName=LED Ca14 Pin=T3-3
Removed Pin From Net: NetName=LED Ca3 Pin=T4-3
Removed Pin From Net: NetName=LS6 Pin=T5-1
Removed Pin From Net: NetName=NetT1_2 Pin=T5-2
Removed Pin From Net: NetName=LED Ca6 Pin=T5-3
Removed Pin From Net: NetName=LS13 Pin=T6-1
Removed Pin From Net: NetName=NetT1_2 Pin=T6-2
Removed Pin From Net: NetName=LED Ca13 Pin=T6-3
Removed Pin From Net: NetName=LED Ca2 Pin=T7-3
Removed Pin From Net: NetName=LS7 Pin=T8-1
Removed Pin From Net: NetName=NetT1_2 Pin=T8-2
Removed Pin From Net: NetName=LED Ca7 Pin=T8-3
Removed Pin From Net: NetName=LS12 Pin=T9-1
Removed Pin From Net: NetName=NetT1_2 Pin=T9-2
Removed Pin From Net: NetName=LED Ca12 Pin=T9-3
Removed Pin From Net: NetName=LED Ca1 Pin=T10-3
Removed Pin From Net: NetName=LS8 Pin=T11-1
Removed Pin From Net: NetName=NetT1_2 Pin=T11-2
Removed Pin From Net: NetName=LED Ca8 Pin=T11-3
Removed Pin From Net: NetName=LS11 Pin=T12-1
Removed Pin From Net: NetName=NetT1_2 Pin=T12-2
Removed Pin From Net: NetName=LED Ca11 Pin=T12-3
Removed Pin From Net: NetName=LS9 Pin=T14-1
Removed Pin From Net: NetName=NetT1_2 Pin=T14-2
Removed Pin From Net: NetName=LED Ca9 Pin=T14-3
Removed Pin From Net: NetName=LS10 Pin=T15-1
Removed Pin From Net: NetName=NetT1_2 Pin=T15-2
Removed Pin From Net: NetName=LED Ca10 Pin=T15-3
Removed Pin From Net: NetName=ALS3 Pin=U2-4
Removed Pin From Net: NetName=En Pin=U2-5
Removed Pin From Net: NetName=+5 Pin=U2-6
Removed Pin From Net: NetName=GND Pin=U2-8
Removed Pin From Net: NetName=+5 Pin=U2-16
Removed Pin From Net: NetName=GND Pin=U3-4
Removed Pin From Net: NetName=En Pin=U3-5
Removed Pin From Net: NetName=ALS3 Pin=U3-6
Removed Pin From Net: NetName=GND Pin=U3-8
Removed Pin From Net: NetName=+5 Pin=U3-16
Removed Member From Class: ClassName=Connectors Member=P1
Removed Member From Class: ClassName=LED Driver and Switches Member=R15
Removed Member From Class: ClassName=LED Driver and Switches Member=R16
Removed Member From Class: ClassName=LED Driver and Switches Member=R17
Removed Member From Class: ClassName=LED Driver and Switches Member=R18
Removed Member From Class: ClassName=LED Driver and Switches Member=R19
Removed Member From Class: ClassName=LED Driver and Switches Member=R20
Removed Member From Class: ClassName=LED Driver and Switches Member=R21
Removed Member From Class: ClassName=LED Driver and Switches Member=R22
Removed Member From Class: ClassName=LED Driver and Switches Member=R23
Removed Member From Class: ClassName=LED Driver and Switches Member=R24
Removed Member From Class: ClassName=LED Driver and Switches Member=R25
Removed Member From Class: ClassName=LED Driver and Switches Member=R26
Removed Member From Class: ClassName=LED Driver and Switches Member=R27
Removed Member From Class: ClassName=LED Driver and Switches Member=R28
Removed Member From Class: ClassName=LED Driver and Switches Member=R29
Removed Member From Class: ClassName=LED Driver and Switches Member=T2
Removed Member From Class: ClassName=LED Driver and Switches Member=T3
Removed Member From Class: ClassName=LED Driver and Switches Member=T5
Removed Member From Class: ClassName=LED Driver and Switches Member=T6
Removed Member From Class: ClassName=LED Driver and Switches Member=T8
Removed Member From Class: ClassName=LED Driver and Switches Member=T9
Removed Member From Class: ClassName=LED Driver and Switches Member=T11
Removed Member From Class: ClassName=LED Driver and Switches Member=T12
Removed Member From Class: ClassName=LED Driver and Switches Member=T14
Removed Member From Class: ClassName=LED Driver and Switches Member=T15
Removed Member From Class: ClassName=LED Driver and Switches Member=U2
Removed Member From Class: ClassName=LED Driver and Switches Member=U3
Added Component: Designator=J?(40 pos header)
Added Component: Designator=R?(POT_3362P)
Add component (AddParameter): Name = "Copyright"; Value = "Copyright (C) 2023 Ultra Librarian. All rights reserved."; VariantName = "[No Variations]"
Add component (AddParameter): Name = "Digi-Key_Part_Number_1"; Value = "3362P-101LF-ND"; VariantName = "[No Variations]"
Add component (AddParameter): Name = "Manufacturer_Part_Number"; Value = "3362P-1-101LF"; VariantName = "[No Variations]"
Add component (AddParameter): Name = "Mfr_Name"; Value = "Bourns Electronics"; VariantName = "[No Variations]"
Add component (AddParameter): Name = "RefDes"; Value = "RefDes"; VariantName = "[No Variations]"
Add component (AddParameter): Name = "Type"; Value = "DEV"; VariantName = "[No Variations]"
Added Component: Designator=R?(J1-0603)
Add component (AddParameter): Name = "LatestRevisionDate"; Value = "29-May-2009"; VariantName = "[No Variations]"
Add component (AddParameter): Name = "LatestRevisionNote"; Value = "IPC-7351 Footprint Added."; VariantName = "[No Variations]"
Add component (AddParameter): Name = "PackageDescription"; Value = "Chip Resistor"; VariantName = "[No Variations]"
Add component (AddParameter): Name = "PackageReference"; Value = "J1-0603"; VariantName = "[No Variations]"
Add component (AddParameter): Name = "Published"; Value = "8-Jun-2000"; VariantName = "[No Variations]"
Add component (AddParameter): Name = "Publisher"; Value = "Altium Limited"; VariantName = "[No Variations]"
Add component (AddParameter): Name = "Value"; Value = "1K"; VariantName = "[No Variations]"
Added Component: Designator=R?(J1-0603)
Add component (AddParameter): Name = "LatestRevisionDate"; Value = "29-May-2009"; VariantName = "[No Variations]"
Add component (AddParameter): Name = "LatestRevisionNote"; Value = "IPC-7351 Footprint Added."; VariantName = "[No Variations]"
Add component (AddParameter): Name = "PackageDescription"; Value = "Chip Resistor"; VariantName = "[No Variations]"
Add component (AddParameter): Name = "PackageReference"; Value = "J1-0603"; VariantName = "[No Variations]"
Add component (AddParameter): Name = "Published"; Value = "8-Jun-2000"; VariantName = "[No Variations]"
Add component (AddParameter): Name = "Publisher"; Value = "Altium Limited"; VariantName = "[No Variations]"
Add component (AddParameter): Name = "Value"; Value = "1K"; VariantName = "[No Variations]"
Added Component: Designator=R?(J1-0603)
Add component (AddParameter): Name = "LatestRevisionDate"; Value = "29-May-2009"; VariantName = "[No Variations]"
Add component (AddParameter): Name = "LatestRevisionNote"; Value = "IPC-7351 Footprint Added."; VariantName = "[No Variations]"
Add component (AddParameter): Name = "PackageDescription"; Value = "Chip Resistor"; VariantName = "[No Variations]"
Add component (AddParameter): Name = "PackageReference"; Value = "J1-0603"; VariantName = "[No Variations]"
Add component (AddParameter): Name = "Published"; Value = "8-Jun-2000"; VariantName = "[No Variations]"
Add component (AddParameter): Name = "Publisher"; Value = "Altium Limited"; VariantName = "[No Variations]"
Add component (AddParameter): Name = "Value"; Value = "1K"; VariantName = "[No Variations]"
Added Component: Designator=R?(J1-0603)
Add component (AddParameter): Name = "LatestRevisionDate"; Value = "29-May-2009"; VariantName = "[No Variations]"
Add component (AddParameter): Name = "LatestRevisionNote"; Value = "IPC-7351 Footprint Added."; VariantName = "[No Variations]"
Add component (AddParameter): Name = "PackageDescription"; Value = "Chip Resistor"; VariantName = "[No Variations]"
Add component (AddParameter): Name = "PackageReference"; Value = "J1-0603"; VariantName = "[No Variations]"
Add component (AddParameter): Name = "Published"; Value = "8-Jun-2000"; VariantName = "[No Variations]"
Add component (AddParameter): Name = "Publisher"; Value = "Altium Limited"; VariantName = "[No Variations]"
Add component (AddParameter): Name = "Value"; Value = "1K"; VariantName = "[No Variations]"
Added Component: Designator=R?(POT_3362P)
Add component (AddParameter): Name = "Copyright"; Value = "Copyright (C) 2023 Ultra Librarian. All rights reserved."; VariantName = "[No Variations]"
Add component (AddParameter): Name = "Digi-Key_Part_Number_1"; Value = "3362P-101LF-ND"; VariantName = "[No Variations]"
Add component (AddParameter): Name = "Manufacturer_Part_Number"; Value = "3362P-1-101LF"; VariantName = "[No Variations]"
Add component (AddParameter): Name = "Mfr_Name"; Value = "Bourns Electronics"; VariantName = "[No Variations]"
Add component (AddParameter): Name = "RefDes"; Value = "RefDes"; VariantName = "[No Variations]"
Add component (AddParameter): Name = "Type"; Value = "DEV"; VariantName = "[No Variations]"
Added Component: Designator=T?(C6749 NPN BJT)
Added Component: Designator=T?(C6749 NPN BJT)
Added Component: Designator=T?(C6749 NPN BJT)
Added Component: Designator=T?(C6749 NPN BJT)
Added Component: Designator=T?(C6749 NPN BJT)
Added Component: Designator=T?(C6749 NPN BJT)
Added Component: Designator=T?(C6749 NPN BJT)
Added Component: Designator=T?(C6749 NPN BJT)
Added Component: Designator=T?(C6749 NPN BJT)
Added Component: Designator=T?(C6749 NPN BJT)
Added Component: Designator=T?(C6749 NPN BJT)
Added Component: Designator=T?(C6749 NPN BJT)
Added Component: Designator=T?(C6749 NPN BJT)
Added Component: Designator=T?(C6749 NPN BJT)
Added Component: Designator=TP?(KSTN-5019_V)
Add component (AddParameter): Name = "ComponentLink1Description"; Value = "Manufacturer URL"; VariantName = "[No Variations]"
Add component (AddParameter): Name = "ComponentLink1URL"; Value = "http://www.keyelco.com/"; VariantName = "[No Variations]"
Add component (AddParameter): Name = "ComponentLink2Description"; Value = "Datasheet"; VariantName = "[No Variations]"
Add component (AddParameter): Name = "ComponentLink2URL"; Value = "http://www.keyelco.com/product-pdf.cfm?p=1357"; VariantName = "[No Variations]"
Add component (AddParameter): Name = "Contact Plating"; Value = "Silver"; VariantName = "[No Variations]"
Add component (AddParameter): Name = "DatasheetVersion"; Value = "03/2014"; VariantName = "[No Variations]"
Add component (AddParameter): Name = "Mount"; Value = "Surface Mount"; VariantName = "[No Variations]"
Add component (AddParameter): Name = "Mounting Technology"; Value = "Surface Mount"; VariantName = "[No Variations]"
Add component (AddParameter): Name = "Package Quantity"; Value = "1000"; VariantName = "[No Variations]"
Add component (AddParameter): Name = "PackageDescription"; Value = "1-Pin Surface Mount Device, Body 3.81 x 2.03 mm"; VariantName = "[No Variations]"
Add component (AddParameter): Name = "PackageReference"; Value = "5019"; VariantName = "[No Variations]"
Add component (AddParameter): Name = "Packaging"; Value = "Tape and Reel"; VariantName = "[No Variations]"
Add component (AddParameter): Name = "Pins"; Value = "1"; VariantName = "[No Variations]"
Add component (AddParameter): Name = "RoHSCompliant"; Value = "True"; VariantName = "[No Variations]"
Added Component: Designator=TP?(KSTN-5019_V)
Add component (AddParameter): Name = "ComponentLink1Description"; Value = "Manufacturer URL"; VariantName = "[No Variations]"
Add component (AddParameter): Name = "ComponentLink1URL"; Value = "http://www.keyelco.com/"; VariantName = "[No Variations]"
Add component (AddParameter): Name = "ComponentLink2Description"; Value = "Datasheet"; VariantName = "[No Variations]"
Add component (AddParameter): Name = "ComponentLink2URL"; Value = "http://www.keyelco.com/product-pdf.cfm?p=1357"; VariantName = "[No Variations]"
Add component (AddParameter): Name = "Contact Plating"; Value = "Silver"; VariantName = "[No Variations]"
Add component (AddParameter): Name = "DatasheetVersion"; Value = "03/2014"; VariantName = "[No Variations]"
Add component (AddParameter): Name = "Mount"; Value = "Surface Mount"; VariantName = "[No Variations]"
Add component (AddParameter): Name = "Mounting Technology"; Value = "Surface Mount"; VariantName = "[No Variations]"
Add component (AddParameter): Name = "Package Quantity"; Value = "1000"; VariantName = "[No Variations]"
Add component (AddParameter): Name = "PackageDescription"; Value = "1-Pin Surface Mount Device, Body 3.81 x 2.03 mm"; VariantName = "[No Variations]"
Add component (AddParameter): Name = "PackageReference"; Value = "5019"; VariantName = "[No Variations]"
Add component (AddParameter): Name = "Packaging"; Value = "Tape and Reel"; VariantName = "[No Variations]"
Add component (AddParameter): Name = "Pins"; Value = "1"; VariantName = "[No Variations]"
Add component (AddParameter): Name = "RoHSCompliant"; Value = "True"; VariantName = "[No Variations]"
Added Pin To Net: NetName=SWL0 Pin=J?-1
Added Pin To Net: NetName=SWL1 Pin=J?-2
Added Pin To Net: NetName=SWL2 Pin=J?-3
Added Pin To Net: NetName=SWL3 Pin=J?-4
Added Pin To Net: NetName=SWL4 Pin=J?-5
Added Pin To Net: NetName=SWH5 Pin=J?-6
Added Pin To Net: NetName=SWH4 Pin=J?-7
Added Pin To Net: NetName=SWH3 Pin=J?-8
Added Pin To Net: NetName=SWH2 Pin=J?-9
Added Pin To Net: NetName=SWH1 Pin=J?-10
Added Pin To Net: NetName=SWH0 Pin=J?-11
Added Pin To Net: NetName=ALS3 Pin=J?-12
Added Pin To Net: NetName=AHS0 Pin=J?-13
Added Pin To Net: NetName=AHS1 Pin=J?-14
Added Pin To Net: NetName=AHS2 Pin=J?-15
Added Pin To Net: NetName=+5 Pin=J?-17
Added Pin To Net: NetName=GND Pin=J?-19
Added Pin To Net: NetName=GND Pin=J?-20
Added Pin To Net: NetName=LS0 Pin=J?-21
Added Pin To Net: NetName=LS1 Pin=J?-22
Added Pin To Net: NetName=LS2 Pin=J?-23
Added Pin To Net: NetName=LS3 Pin=J?-24
Added Pin To Net: NetName=LS4 Pin=J?-25
Added Pin To Net: NetName=LS5 Pin=J?-26
Added Pin To Net: NetName=LS6 Pin=J?-27
Added Pin To Net: NetName=LS7 Pin=J?-28
Added Pin To Net: NetName=LS8 Pin=J?-29
Added Pin To Net: NetName=LS9 Pin=J?-30
Added Pin To Net: NetName=LS10 Pin=J?-31
Added Pin To Net: NetName=LS11 Pin=J?-32
Added Pin To Net: NetName=LS12 Pin=J?-33
Added Pin To Net: NetName=LS13 Pin=J?-34
Added Pin To Net: NetName=LS14 Pin=J?-35
Added Pin To Net: NetName=GND Pin=J?-40
Added Pin To Net: NetName=GND Pin=R?-1
Added Pin To Net: NetName=GND Pin=R?-1
Added Pin To Net: NetName=GND Pin=R?-1
Added Pin To Net: NetName=GND Pin=R?-1
Added Pin To Net: NetName=LED Ca12 Pin=T1-3
Added Pin To Net: NetName=LED Ca9 Pin=T4-3
Added Pin To Net: NetName=LED Ca6 Pin=T7-3
Added Pin To Net: NetName=LED Ca3 Pin=T10-3
Added Pin To Net: NetName=LS5 Pin=T?-1
Added Pin To Net: NetName=LS6 Pin=T?-1
Added Pin To Net: NetName=LS7 Pin=T?-1
Added Pin To Net: NetName=LS8 Pin=T?-1
Added Pin To Net: NetName=LS9 Pin=T?-1
Added Pin To Net: NetName=LS10 Pin=T?-1
Added Pin To Net: NetName=LS11 Pin=T?-1
Added Pin To Net: NetName=LS12 Pin=T?-1
Added Pin To Net: NetName=LS13 Pin=T?-1
Added Pin To Net: NetName=LS14 Pin=T?-1
Added Pin To Net: NetName=GND Pin=T?-2
Added Pin To Net: NetName=GND Pin=T?-2
Added Pin To Net: NetName=LED Ca2 Pin=T?-3
Added Pin To Net: NetName=LED Ca5 Pin=T?-3
Added Pin To Net: NetName=LED Ca8 Pin=T?-3
Added Pin To Net: NetName=LED Ca11 Pin=T?-3
Added Pin To Net: NetName=LED Ca14 Pin=T?-3
Change Net Name : Old Net Name=LED Ca0 New Net Name=LED Blue Ca0
Change Net Name : Old Net Name=LED Ca1 New Net Name=LED Green Ca0
Change Net Name : Old Net Name=LED Ca2 New Net Name=LED Red Ca0
Change Net Name : Old Net Name=LED Ca3 New Net Name=LED Blue Ca1
Change Net Name : Old Net Name=LED Ca4 New Net Name=LED Green Ca1
Change Net Name : Old Net Name=LED Ca5 New Net Name=LED Red Ca1
Change Net Name : Old Net Name=LED Ca6 New Net Name=LED Blue Ca2
Change Net Name : Old Net Name=LED Ca7 New Net Name=LED Green Ca2
Change Net Name : Old Net Name=LED Ca8 New Net Name=LED Red Ca2
Change Net Name : Old Net Name=LED Ca9 New Net Name=LED Blue Ca3
Change Net Name : Old Net Name=LED Ca10 New Net Name=LED Green Ca3
Change Net Name : Old Net Name=LED Ca11 New Net Name=LED Red Ca3
Change Net Name : Old Net Name=LED Ca12 New Net Name=LED Blue Ca4
Change Net Name : Old Net Name=LED Ca13 New Net Name=LED Green Ca4
Change Net Name : Old Net Name=LED Ca14 New Net Name=LED Red Ca4
Added Pin To Net: NetName=LED Grren CA0 Pin=T?-3
Added Net: Name=LED Grren CA0
Added Pin To Net: NetName=LED Grren CA1 Pin=T?-3
Added Net: Name=LED Grren CA1
Added Pin To Net: NetName=LED Grren CA2 Pin=T?-3
Added Net: Name=LED Grren CA2
Added Pin To Net: NetName=LED Grren CA3 Pin=T?-3
Added Net: Name=LED Grren CA3
Added Pin To Net: NetName=LED Grren CA4 Pin=T?-3
Added Net: Name=LED Grren CA4
Added Pin To Net: NetName=NetR?_1 Pin=R?-1
Added Pin To Net: NetName=NetR?_1 Pin=T?-1
Added Pin To Net: NetName=NetR?_1 Pin=T?-3
Added Net: Name=NetR?_1
Add Net: Net with name "NetR?_1" already exists
Added Pin To Net: NetName=NetR?_2 Pin=R?-2
Added Pin To Net: NetName=NetR?_2 Pin=R?-2
Added Pin To Net: NetName=NetR?_2 Pin=R?-3
Added Pin To Net: NetName=NetR?_2 Pin=T?-1
Added Pin To Net: NetName=NetR?_2 Pin=T?-2
Added Pin To Net: NetName=NetR?_2 Pin=TP?-1
Added Net: Name=NetR?_2
Add Net: Net with name "NetR?_2" already exists
Added Pin To Net: NetName=NetT?_2 Pin=T?-2
Added Pin To Net: NetName=NetT?_2 Pin=T?-2
Added Pin To Net: NetName=NetT?_2 Pin=T?-2
Added Pin To Net: NetName=NetT?_2 Pin=T?-2
Added Pin To Net: NetName=NetT?_2 Pin=T?-2
Added Pin To Net: NetName=NetT?_2 Pin=T?-3
Added Net: Name=NetT?_2
Add Net: Net with name "NetT?_2" already exists
Added Pin To Net: NetName=VBatt Pin=J?-37
Added Pin To Net: NetName=VBatt Pin=J?-38
Added Pin To Net: NetName=VBatt Pin=R12-2
Added Pin To Net: NetName=VBatt Pin=R?-2
Added Pin To Net: NetName=VBatt Pin=R?-2
Added Net: Name=VBatt
Added Class: Name=LED Blue Ca[4..0]
Added Class: Name=LED Green Ca[4..0]
Added Class: Name=LED Red Ca[4..0]
Added Member To Class: ClassName=Connectors Member=Component J? 40 pos header
Added Member To Class: ClassName=LED Driver and Switches Member=Component R? 3362P-1-101LF
Added Member To Class: ClassName=LED Driver and Switches Member=Component R? Res3
Added Member To Class: ClassName=LED Driver and Switches Member=Component R? Res3
Added Member To Class: ClassName=LED Driver and Switches Member=Component R? Res3
Added Member To Class: ClassName=LED Driver and Switches Member=Component R? Res3
Added Member To Class: ClassName=LED Driver and Switches Member=Component R? 3362P-1-101LF
Added Member To Class: ClassName=LED Driver and Switches Member=Component T? C344010 NCH MOS
Added Member To Class: ClassName=LED Driver and Switches Member=Component T? C344010 NCH MOS
Added Member To Class: ClassName=LED Driver and Switches Member=Component T? C6749 NPN BJT
Added Member To Class: ClassName=LED Driver and Switches Member=Component T? C344010 NCH MOS
Added Member To Class: ClassName=LED Driver and Switches Member=Component T? C344010 NCH MOS
Added Member To Class: ClassName=LED Driver and Switches Member=Component T? C6749 NPN BJT
Added Member To Class: ClassName=LED Driver and Switches Member=Component T? C344010 NCH MOS
Added Member To Class: ClassName=LED Driver and Switches Member=Component T? C344010 NCH MOS
Added Member To Class: ClassName=LED Driver and Switches Member=Component T? C344010 NCH MOS
Added Member To Class: ClassName=LED Driver and Switches Member=Component T? C344010 NCH MOS
Added Member To Class: ClassName=LED Driver and Switches Member=Component T? C6749 NPN BJT
Added Member To Class: ClassName=LED Driver and Switches Member=Component T? C344010 NCH MOS
Added Member To Class: ClassName=LED Driver and Switches Member=Component T? C6749 NPN BJT
Added Member To Class: ClassName=LED Driver and Switches Member=Component T? C344010 NCH MOS
Added Member To Class: ClassName=LED Driver and Switches Member=Component TP? 5019
Added Member To Class: ClassName=LED Driver and Switches Member=Component TP? 5019
Added Room: Name=Connectors
Added Room: Name=LED Driver and Switches
