Removed Pin From Net: NetName=LED Red Ca1 Pin=S2-1
Removed Pin From Net: NetName=LED An0 Pin=S2-2
Removed Pin From Net: NetName=LED Green Ca1 Pin=S2-3
Removed Pin From Net: NetName=LED Blue Ca1 Pin=S2-4
Removed Pin From Net: NetName=SWH0 Pin=S2-5
Removed Pin From Net: NetName=NetD2_1 Pin=S2-6
Removed Pin From Net: NetName=LED Red Ca2 Pin=S3-1
Removed Pin From Net: NetName=LED An0 Pin=S3-2
Removed Pin From Net: NetName=LED Green Ca2 Pin=S3-3
Removed Pin From Net: NetName=LED Blue Ca2 Pin=S3-4
Removed Pin From Net: NetName=SWH0 Pin=S3-5
Removed Pin From Net: NetName=NetD3_1 Pin=S3-6
Removed Pin From Net: NetName=LED Red Ca3 Pin=S4-1
Removed Pin From Net: NetName=LED An0 Pin=S4-2
Removed Pin From Net: NetName=LED Green Ca3 Pin=S4-3
Removed Pin From Net: NetName=LED Blue Ca3 Pin=S4-4
Removed Pin From Net: NetName=SWH0 Pin=S4-5
Removed Pin From Net: NetName=NetD4_1 Pin=S4-6
Removed Pin From Net: NetName=LED Red Ca4 Pin=S5-1
Removed Pin From Net: NetName=LED An0 Pin=S5-2
Removed Pin From Net: NetName=LED Green Ca4 Pin=S5-3
Removed Pin From Net: NetName=LED Blue Ca4 Pin=S5-4
Removed Pin From Net: NetName=SWH0 Pin=S5-5
Removed Pin From Net: NetName=NetD5_1 Pin=S5-6
Removed Pin From Net: NetName=LED Red Ca0 Pin=S6-1
Removed Pin From Net: NetName=LED An1 Pin=S6-2
Removed Pin From Net: NetName=LED Green Ca0 Pin=S6-3
Removed Pin From Net: NetName=LED Blue Ca0 Pin=S6-4
Removed Pin From Net: NetName=SWH1 Pin=S6-5
Removed Pin From Net: NetName=NetD6_1 Pin=S6-6
Removed Pin From Net: NetName=LED Red Ca1 Pin=S7-1
Removed Pin From Net: NetName=LED An1 Pin=S7-2
Removed Pin From Net: NetName=LED Green Ca1 Pin=S7-3
Removed Pin From Net: NetName=LED Blue Ca1 Pin=S7-4
Removed Pin From Net: NetName=SWH1 Pin=S7-5
Removed Pin From Net: NetName=NetD7_1 Pin=S7-6
Removed Pin From Net: NetName=LED Red Ca2 Pin=S8-1
Removed Pin From Net: NetName=LED An1 Pin=S8-2
Removed Pin From Net: NetName=LED Green Ca2 Pin=S8-3
Removed Pin From Net: NetName=LED Blue Ca2 Pin=S8-4
Removed Pin From Net: NetName=SWH1 Pin=S8-5
Removed Pin From Net: NetName=NetD8_1 Pin=S8-6
Removed Pin From Net: NetName=LED Red Ca3 Pin=S9-1
Removed Pin From Net: NetName=LED An1 Pin=S9-2
Removed Pin From Net: NetName=LED Green Ca3 Pin=S9-3
Removed Pin From Net: NetName=LED Blue Ca3 Pin=S9-4
Removed Pin From Net: NetName=SWH1 Pin=S9-5
Removed Pin From Net: NetName=NetD9_1 Pin=S9-6
Removed Pin From Net: NetName=LED Red Ca4 Pin=S10-1
Removed Pin From Net: NetName=LED An1 Pin=S10-2
Removed Pin From Net: NetName=LED Green Ca4 Pin=S10-3
Removed Pin From Net: NetName=LED Blue Ca4 Pin=S10-4
Removed Pin From Net: NetName=SWH1 Pin=S10-5
Removed Pin From Net: NetName=NetD10_1 Pin=S10-6
Removed Pin From Net: NetName=LED Red Ca0 Pin=S11-1
Removed Pin From Net: NetName=LED An2 Pin=S11-2
Removed Pin From Net: NetName=LED Green Ca0 Pin=S11-3
Removed Pin From Net: NetName=LED Blue Ca0 Pin=S11-4
Removed Pin From Net: NetName=SWH2 Pin=S11-5
Removed Pin From Net: NetName=NetD11_1 Pin=S11-6
Removed Pin From Net: NetName=LED Red Ca1 Pin=S12-1
Removed Pin From Net: NetName=LED An2 Pin=S12-2
Removed Pin From Net: NetName=LED Green Ca1 Pin=S12-3
Removed Pin From Net: NetName=LED Blue Ca1 Pin=S12-4
Removed Pin From Net: NetName=SWH2 Pin=S12-5
Removed Pin From Net: NetName=NetD12_1 Pin=S12-6
Removed Pin From Net: NetName=LED Red Ca2 Pin=S13-1
Removed Pin From Net: NetName=LED An2 Pin=S13-2
Removed Pin From Net: NetName=LED Green Ca2 Pin=S13-3
Removed Pin From Net: NetName=LED Blue Ca2 Pin=S13-4
Removed Pin From Net: NetName=SWH2 Pin=S13-5
Removed Pin From Net: NetName=NetD13_1 Pin=S13-6
Removed Pin From Net: NetName=LED Red Ca3 Pin=S14-1
Removed Pin From Net: NetName=LED An2 Pin=S14-2
Removed Pin From Net: NetName=LED Green Ca3 Pin=S14-3
Removed Pin From Net: NetName=LED Blue Ca3 Pin=S14-4
Removed Pin From Net: NetName=SWH2 Pin=S14-5
Removed Pin From Net: NetName=NetD14_1 Pin=S14-6
Removed Pin From Net: NetName=LED Red Ca0 Pin=S15-1
Removed Pin From Net: NetName=LED An3 Pin=S15-2
Removed Pin From Net: NetName=LED Green Ca0 Pin=S15-3
Removed Pin From Net: NetName=LED Blue Ca0 Pin=S15-4
Removed Pin From Net: NetName=SWH3 Pin=S15-5
Removed Pin From Net: NetName=NetD15_1 Pin=S15-6
Removed Pin From Net: NetName=LED Red Ca1 Pin=S16-1
Removed Pin From Net: NetName=LED An3 Pin=S16-2
Removed Pin From Net: NetName=LED Green Ca1 Pin=S16-3
Removed Pin From Net: NetName=LED Blue Ca1 Pin=S16-4
Removed Pin From Net: NetName=SWH3 Pin=S16-5
Removed Pin From Net: NetName=NetD16_1 Pin=S16-6
Removed Pin From Net: NetName=LED Red Ca2 Pin=S17-1
Removed Pin From Net: NetName=LED An3 Pin=S17-2
Removed Pin From Net: NetName=LED Green Ca2 Pin=S17-3
Removed Pin From Net: NetName=LED Blue Ca2 Pin=S17-4
Removed Pin From Net: NetName=SWH3 Pin=S17-5
Removed Pin From Net: NetName=NetD17_1 Pin=S17-6
Removed Pin From Net: NetName=LED Red Ca3 Pin=S18-1
Removed Pin From Net: NetName=LED An3 Pin=S18-2
Removed Pin From Net: NetName=LED Green Ca3 Pin=S18-3
Removed Pin From Net: NetName=LED Blue Ca3 Pin=S18-4
Removed Pin From Net: NetName=SWH3 Pin=S18-5
Removed Pin From Net: NetName=NetD18_1 Pin=S18-6
Removed Pin From Net: NetName=LED Red Ca4 Pin=S19-1
Removed Pin From Net: NetName=LED An3 Pin=S19-2
Removed Pin From Net: NetName=LED Green Ca4 Pin=S19-3
Removed Pin From Net: NetName=LED Blue Ca4 Pin=S19-4
Removed Pin From Net: NetName=SWH3 Pin=S19-5
Removed Pin From Net: NetName=NetD19_1 Pin=S19-6
Removed Pin From Net: NetName=LED Red Ca0 Pin=S20-1
Removed Pin From Net: NetName=LED An4 Pin=S20-2
Removed Pin From Net: NetName=LED Green Ca0 Pin=S20-3
Removed Pin From Net: NetName=LED Blue Ca0 Pin=S20-4
Removed Pin From Net: NetName=SWH4 Pin=S20-5
Removed Pin From Net: NetName=NetD20_1 Pin=S20-6
Removed Pin From Net: NetName=LED Red Ca1 Pin=S21-1
Removed Pin From Net: NetName=LED An4 Pin=S21-2
Removed Pin From Net: NetName=LED Green Ca1 Pin=S21-3
Removed Pin From Net: NetName=LED Blue Ca1 Pin=S21-4
Removed Pin From Net: NetName=SWH4 Pin=S21-5
Removed Pin From Net: NetName=NetD21_1 Pin=S21-6
Removed Pin From Net: NetName=LED Red Ca2 Pin=S22-1
Removed Pin From Net: NetName=LED An4 Pin=S22-2
Removed Pin From Net: NetName=LED Green Ca2 Pin=S22-3
Removed Pin From Net: NetName=LED Blue Ca2 Pin=S22-4
Removed Pin From Net: NetName=SWH4 Pin=S22-5
Removed Pin From Net: NetName=NetD22_1 Pin=S22-6
Removed Pin From Net: NetName=LED Red Ca3 Pin=S23-1
Removed Pin From Net: NetName=LED An4 Pin=S23-2
Removed Pin From Net: NetName=LED Green Ca3 Pin=S23-3
Removed Pin From Net: NetName=LED Blue Ca3 Pin=S23-4
Removed Pin From Net: NetName=SWH4 Pin=S23-5
Removed Pin From Net: NetName=NetD23_1 Pin=S23-6
Removed Pin From Net: NetName=LED Red Ca0 Pin=S24-1
Removed Pin From Net: NetName=LED An5 Pin=S24-2
Removed Pin From Net: NetName=LED Green Ca0 Pin=S24-3
Removed Pin From Net: NetName=LED Blue Ca0 Pin=S24-4
Removed Pin From Net: NetName=SWH5 Pin=S24-5
Removed Pin From Net: NetName=NetD24_1 Pin=S24-6
Removed Pin From Net: NetName=LED Red Ca2 Pin=S25-1
Removed Pin From Net: NetName=LED An5 Pin=S25-2
Removed Pin From Net: NetName=LED Green Ca2 Pin=S25-3
Removed Pin From Net: NetName=LED Blue Ca2 Pin=S25-4
Removed Pin From Net: NetName=SWH5 Pin=S25-5
Removed Pin From Net: NetName=NetD25_1 Pin=S25-6
Removed Pin From Net: NetName=LED Red Ca3 Pin=S26-1
Removed Pin From Net: NetName=LED An5 Pin=S26-2
Removed Pin From Net: NetName=LED Green Ca3 Pin=S26-3
Removed Pin From Net: NetName=LED Blue Ca3 Pin=S26-4
Removed Pin From Net: NetName=SWH5 Pin=S26-5
Removed Pin From Net: NetName=NetD26_1 Pin=S26-6
Removed Pin From Net: NetName=LED Red Ca4 Pin=S27-1
Removed Pin From Net: NetName=LED An5 Pin=S27-2
Removed Pin From Net: NetName=LED Green Ca4 Pin=S27-3
Removed Pin From Net: NetName=LED Blue Ca4 Pin=S27-4
Removed Pin From Net: NetName=SWH5 Pin=S27-5
Removed Pin From Net: NetName=NetD27_1 Pin=S27-6
Change Component DesignItemId : Designator=S2 Old DesignItemId=Gateron Green New DesignItemId=Kalih hotswap smd
Change Component DesignItemId : Designator=S3 Old DesignItemId=Gateron Green New DesignItemId=Kalih hotswap smd
Change Component DesignItemId : Designator=S4 Old DesignItemId=Gateron Green New DesignItemId=Kalih hotswap smd
Change Component DesignItemId : Designator=S5 Old DesignItemId=Gateron Green New DesignItemId=Kalih hotswap smd
Change Component DesignItemId : Designator=S6 Old DesignItemId=Gateron Green New DesignItemId=Kalih hotswap smd
Change Component DesignItemId : Designator=S7 Old DesignItemId=Gateron Green New DesignItemId=Kalih hotswap smd
Change Component DesignItemId : Designator=S8 Old DesignItemId=Gateron Green New DesignItemId=Kalih hotswap smd
Change Component DesignItemId : Designator=S9 Old DesignItemId=Gateron Green New DesignItemId=Kalih hotswap smd
Change Component DesignItemId : Designator=S10 Old DesignItemId=Gateron Green New DesignItemId=Kalih hotswap smd
Change Component DesignItemId : Designator=S11 Old DesignItemId=Gateron Green New DesignItemId=Kalih hotswap smd
Change Component DesignItemId : Designator=S12 Old DesignItemId=Gateron Green New DesignItemId=Kalih hotswap smd
Change Component DesignItemId : Designator=S13 Old DesignItemId=Gateron Green New DesignItemId=Kalih hotswap smd
Change Component DesignItemId : Designator=S14 Old DesignItemId=Gateron Green New DesignItemId=Kalih hotswap smd
Change Component DesignItemId : Designator=S15 Old DesignItemId=Gateron Green New DesignItemId=Kalih hotswap smd
Change Component DesignItemId : Designator=S16 Old DesignItemId=Gateron Green New DesignItemId=Kalih hotswap smd
Change Component DesignItemId : Designator=S17 Old DesignItemId=Gateron Green New DesignItemId=Kalih hotswap smd
Change Component DesignItemId : Designator=S18 Old DesignItemId=Gateron Green New DesignItemId=Kalih hotswap smd
Change Component DesignItemId : Designator=S19 Old DesignItemId=Gateron Green New DesignItemId=Kalih hotswap smd
Change Component DesignItemId : Designator=S20 Old DesignItemId=Gateron Green New DesignItemId=Kalih hotswap smd
Change Component DesignItemId : Designator=S21 Old DesignItemId=Gateron Green New DesignItemId=Kalih hotswap smd
Change Component DesignItemId : Designator=S22 Old DesignItemId=Gateron Green New DesignItemId=Kalih hotswap smd
Change Component DesignItemId : Designator=S23 Old DesignItemId=Gateron Green New DesignItemId=Kalih hotswap smd
Change Component DesignItemId : Designator=S24 Old DesignItemId=Gateron Green New DesignItemId=Kalih hotswap smd
Change Component DesignItemId : Designator=S25 Old DesignItemId=Gateron Green New DesignItemId=Kalih hotswap smd
Change Component DesignItemId : Designator=S26 Old DesignItemId=Gateron Green New DesignItemId=Kalih hotswap smd
Change Component DesignItemId : Designator=S27 Old DesignItemId=Gateron Green New DesignItemId=Kalih hotswap smd
Change Component Footprint: Designator=S2 Old Footprint=Gateron Green New Footprint=Kalih Hotswap smd
Change Component Footprint: Designator=S3 Old Footprint=Gateron Green New Footprint=Kalih Hotswap smd
Change Component Footprint: Designator=S4 Old Footprint=Gateron Green New Footprint=Kalih Hotswap smd
Change Component Footprint: Designator=S5 Old Footprint=Gateron Green New Footprint=Kalih Hotswap smd
Change Component Footprint: Designator=S6 Old Footprint=Gateron Green New Footprint=Kalih Hotswap smd
Change Component Footprint: Designator=S7 Old Footprint=Gateron Green New Footprint=Kalih Hotswap smd
Change Component Footprint: Designator=S8 Old Footprint=Gateron Green New Footprint=Kalih Hotswap smd
Change Component Footprint: Designator=S9 Old Footprint=Gateron Green New Footprint=Kalih Hotswap smd
Change Component Footprint: Designator=S10 Old Footprint=Gateron Green New Footprint=Kalih Hotswap smd
Change Component Footprint: Designator=S11 Old Footprint=Gateron Green New Footprint=Kalih Hotswap smd
Change Component Footprint: Designator=S12 Old Footprint=Gateron Green New Footprint=Kalih Hotswap smd
Change Component Footprint: Designator=S13 Old Footprint=Gateron Green New Footprint=Kalih Hotswap smd
Change Component Footprint: Designator=S14 Old Footprint=Gateron Green New Footprint=Kalih Hotswap smd
Change Component Footprint: Designator=S15 Old Footprint=Gateron Green New Footprint=Kalih Hotswap smd
Change Component Footprint: Designator=S16 Old Footprint=Gateron Green New Footprint=Kalih Hotswap smd
Change Component Footprint: Designator=S17 Old Footprint=Gateron Green New Footprint=Kalih Hotswap smd
Change Component Footprint: Designator=S18 Old Footprint=Gateron Green New Footprint=Kalih Hotswap smd
Change Component Footprint: Designator=S20 Old Footprint=Gateron Green New Footprint=Kalih Hotswap smd
Change Component Footprint: Designator=S21 Old Footprint=Gateron Green New Footprint=Kalih Hotswap smd
Change Component Footprint: Designator=S22 Old Footprint=Gateron Green New Footprint=Kalih Hotswap smd
Change Component Footprint: Designator=S23 Old Footprint=Gateron Green New Footprint=Kalih Hotswap smd
Change Component Footprint: Designator=S24 Old Footprint=Gateron Green New Footprint=Kalih Hotswap smd
Change Component Footprint: Designator=S26 Old Footprint=Gateron Green New Footprint=Kalih Hotswap smd
Change Component Footprint: Designator=S25 Old Footprint=Gateron Green W/ Stabilizer horizontal New Footprint=Kalih hotswap smd stabilizer H
Change Component Footprint: Designator=S19 Old Footprint=Gateron Green W/ Stabilizer vertical New Footprint=Kalih hotswap smd stabilizer V
Change Component Footprint: Designator=S27 Old Footprint=Gateron Green W/ Stabilizer vertical New Footprint=Kalih hotswap smd stabilizer V
Change Component Comment : Designator=S2 Old Comment=Gateron w/ RGB LED New Comment=Kalih hotswap w/ RGB
Change Component Comment : Designator=S3 Old Comment=Gateron w/ RGB LED New Comment=Kalih hotswap w/ RGB
Change Component Comment : Designator=S4 Old Comment=Gateron w/ RGB LED New Comment=Kalih hotswap w/ RGB
Change Component Comment : Designator=S5 Old Comment=Gateron w/ RGB LED New Comment=Kalih hotswap w/ RGB
Change Component Comment : Designator=S6 Old Comment=Gateron w/ RGB LED New Comment=Kalih hotswap w/ RGB
Change Component Comment : Designator=S7 Old Comment=Gateron w/ RGB LED New Comment=Kalih hotswap w/ RGB
Change Component Comment : Designator=S8 Old Comment=Gateron w/ RGB LED New Comment=Kalih hotswap w/ RGB
Change Component Comment : Designator=S9 Old Comment=Gateron w/ RGB LED New Comment=Kalih hotswap w/ RGB
Change Component Comment : Designator=S10 Old Comment=Gateron w/ RGB LED New Comment=Kalih hotswap w/ RGB
Change Component Comment : Designator=S11 Old Comment=Gateron w/ RGB LED New Comment=Kalih hotswap w/ RGB
Change Component Comment : Designator=S12 Old Comment=Gateron w/ RGB LED New Comment=Kalih hotswap w/ RGB
Change Component Comment : Designator=S13 Old Comment=Gateron w/ RGB LED New Comment=Kalih hotswap w/ RGB
Change Component Comment : Designator=S14 Old Comment=Gateron w/ RGB LED New Comment=Kalih hotswap w/ RGB
Change Component Comment : Designator=S15 Old Comment=Gateron w/ RGB LED New Comment=Kalih hotswap w/ RGB
Change Component Comment : Designator=S16 Old Comment=Gateron w/ RGB LED New Comment=Kalih hotswap w/ RGB
Change Component Comment : Designator=S17 Old Comment=Gateron w/ RGB LED New Comment=Kalih hotswap w/ RGB
Change Component Comment : Designator=S18 Old Comment=Gateron w/ RGB LED New Comment=Kalih hotswap w/ RGB
Change Component Comment : Designator=S19 Old Comment=Gateron w/ RGB LED New Comment=Kalih hotswap w/ RGB
Change Component Comment : Designator=S20 Old Comment=Gateron w/ RGB LED New Comment=Kalih hotswap w/ RGB
Change Component Comment : Designator=S21 Old Comment=Gateron w/ RGB LED New Comment=Kalih hotswap w/ RGB
Change Component Comment : Designator=S22 Old Comment=Gateron w/ RGB LED New Comment=Kalih hotswap w/ RGB
Change Component Comment : Designator=S23 Old Comment=Gateron w/ RGB LED New Comment=Kalih hotswap w/ RGB
Change Component Comment : Designator=S24 Old Comment=Gateron w/ RGB LED New Comment=Kalih hotswap w/ RGB
Change Component Comment : Designator=S25 Old Comment=Gateron w/ RGB LED New Comment=Kalih hotswap w/ RGB
Change Component Comment : Designator=S26 Old Comment=Gateron w/ RGB LED New Comment=Kalih hotswap w/ RGB
Change Component Comment : Designator=S27 Old Comment=Gateron w/ RGB LED New Comment=Kalih hotswap w/ RGB
Added Pin To Net: NetName=LED Blue Ca1 Pin=S2-B
Added Pin To Net: NetName=LED Green Ca1 Pin=S2-G
Added Pin To Net: NetName=LED Red Ca1 Pin=S2-R
Added Pin To Net: NetName=SWH0 Pin=S2-SW1
Added Pin To Net: NetName=NetD2_1 Pin=S2-SW2
Added Pin To Net: NetName=LED An0 Pin=S2-Vdd
Added Pin To Net: NetName=LED Blue Ca2 Pin=S3-B
Added Pin To Net: NetName=LED Green Ca2 Pin=S3-G
Added Pin To Net: NetName=LED Red Ca2 Pin=S3-R
Added Pin To Net: NetName=SWH0 Pin=S3-SW1
Added Pin To Net: NetName=NetD3_1 Pin=S3-SW2
Added Pin To Net: NetName=LED An0 Pin=S3-Vdd
Added Pin To Net: NetName=LED Blue Ca3 Pin=S4-B
Added Pin To Net: NetName=LED Green Ca3 Pin=S4-G
Added Pin To Net: NetName=LED Red Ca3 Pin=S4-R
Added Pin To Net: NetName=SWH0 Pin=S4-SW1
Added Pin To Net: NetName=NetD4_1 Pin=S4-SW2
Added Pin To Net: NetName=LED An0 Pin=S4-Vdd
Added Pin To Net: NetName=LED Blue Ca4 Pin=S5-B
Added Pin To Net: NetName=LED Green Ca4 Pin=S5-G
Added Pin To Net: NetName=LED Red Ca4 Pin=S5-R
Added Pin To Net: NetName=SWH0 Pin=S5-SW1
Added Pin To Net: NetName=NetD5_1 Pin=S5-SW2
Added Pin To Net: NetName=LED An0 Pin=S5-Vdd
Added Pin To Net: NetName=LED Blue Ca0 Pin=S6-B
Added Pin To Net: NetName=LED Green Ca0 Pin=S6-G
Added Pin To Net: NetName=LED Red Ca0 Pin=S6-R
Added Pin To Net: NetName=SWH1 Pin=S6-SW1
Added Pin To Net: NetName=NetD6_1 Pin=S6-SW2
Added Pin To Net: NetName=LED An1 Pin=S6-Vdd
Added Pin To Net: NetName=LED Blue Ca1 Pin=S7-B
Added Pin To Net: NetName=LED Green Ca1 Pin=S7-G
Added Pin To Net: NetName=LED Red Ca1 Pin=S7-R
Added Pin To Net: NetName=SWH1 Pin=S7-SW1
Added Pin To Net: NetName=NetD7_1 Pin=S7-SW2
Added Pin To Net: NetName=LED An1 Pin=S7-Vdd
Added Pin To Net: NetName=LED Blue Ca2 Pin=S8-B
Added Pin To Net: NetName=LED Green Ca2 Pin=S8-G
Added Pin To Net: NetName=LED Red Ca2 Pin=S8-R
Added Pin To Net: NetName=SWH1 Pin=S8-SW1
Added Pin To Net: NetName=NetD8_1 Pin=S8-SW2
Added Pin To Net: NetName=LED An1 Pin=S8-Vdd
Added Pin To Net: NetName=LED Blue Ca3 Pin=S9-B
Added Pin To Net: NetName=LED Green Ca3 Pin=S9-G
Added Pin To Net: NetName=LED Red Ca3 Pin=S9-R
Added Pin To Net: NetName=SWH1 Pin=S9-SW1
Added Pin To Net: NetName=NetD9_1 Pin=S9-SW2
Added Pin To Net: NetName=LED An1 Pin=S9-Vdd
Added Pin To Net: NetName=LED Blue Ca4 Pin=S10-B
Added Pin To Net: NetName=LED Green Ca4 Pin=S10-G
Added Pin To Net: NetName=LED Red Ca4 Pin=S10-R
Added Pin To Net: NetName=SWH1 Pin=S10-SW1
Added Pin To Net: NetName=NetD10_1 Pin=S10-SW2
Added Pin To Net: NetName=LED An1 Pin=S10-Vdd
Added Pin To Net: NetName=LED Blue Ca0 Pin=S11-B
Added Pin To Net: NetName=LED Green Ca0 Pin=S11-G
Added Pin To Net: NetName=LED Red Ca0 Pin=S11-R
Added Pin To Net: NetName=SWH2 Pin=S11-SW1
Added Pin To Net: NetName=NetD11_1 Pin=S11-SW2
Added Pin To Net: NetName=LED An2 Pin=S11-Vdd
Added Pin To Net: NetName=LED Blue Ca1 Pin=S12-B
Added Pin To Net: NetName=LED Green Ca1 Pin=S12-G
Added Pin To Net: NetName=LED Red Ca1 Pin=S12-R
Added Pin To Net: NetName=SWH2 Pin=S12-SW1
Added Pin To Net: NetName=NetD12_1 Pin=S12-SW2
Added Pin To Net: NetName=LED An2 Pin=S12-Vdd
Added Pin To Net: NetName=LED Blue Ca2 Pin=S13-B
Added Pin To Net: NetName=LED Green Ca2 Pin=S13-G
Added Pin To Net: NetName=LED Red Ca2 Pin=S13-R
Added Pin To Net: NetName=SWH2 Pin=S13-SW1
Added Pin To Net: NetName=NetD13_1 Pin=S13-SW2
Added Pin To Net: NetName=LED An2 Pin=S13-Vdd
Added Pin To Net: NetName=LED Blue Ca3 Pin=S14-B
Added Pin To Net: NetName=LED Green Ca3 Pin=S14-G
Added Pin To Net: NetName=LED Red Ca3 Pin=S14-R
Added Pin To Net: NetName=SWH2 Pin=S14-SW1
Added Pin To Net: NetName=NetD14_1 Pin=S14-SW2
Added Pin To Net: NetName=LED An2 Pin=S14-Vdd
Added Pin To Net: NetName=LED Blue Ca0 Pin=S15-B
Added Pin To Net: NetName=LED Green Ca0 Pin=S15-G
Added Pin To Net: NetName=LED Red Ca0 Pin=S15-R
Added Pin To Net: NetName=SWH3 Pin=S15-SW1
Added Pin To Net: NetName=NetD15_1 Pin=S15-SW2
Added Pin To Net: NetName=LED An3 Pin=S15-Vdd
Added Pin To Net: NetName=LED Blue Ca1 Pin=S16-B
Added Pin To Net: NetName=LED Green Ca1 Pin=S16-G
Added Pin To Net: NetName=LED Red Ca1 Pin=S16-R
Added Pin To Net: NetName=SWH3 Pin=S16-SW1
Added Pin To Net: NetName=NetD16_1 Pin=S16-SW2
Added Pin To Net: NetName=LED An3 Pin=S16-Vdd
Added Pin To Net: NetName=LED Blue Ca2 Pin=S17-B
Added Pin To Net: NetName=LED Green Ca2 Pin=S17-G
Added Pin To Net: NetName=LED Red Ca2 Pin=S17-R
Added Pin To Net: NetName=SWH3 Pin=S17-SW1
Added Pin To Net: NetName=NetD17_1 Pin=S17-SW2
Added Pin To Net: NetName=LED An3 Pin=S17-Vdd
Added Pin To Net: NetName=LED Blue Ca3 Pin=S18-B
Added Pin To Net: NetName=LED Green Ca3 Pin=S18-G
Added Pin To Net: NetName=LED Red Ca3 Pin=S18-R
Added Pin To Net: NetName=SWH3 Pin=S18-SW1
Added Pin To Net: NetName=NetD18_1 Pin=S18-SW2
Added Pin To Net: NetName=LED An3 Pin=S18-Vdd
Added Pin To Net: NetName=LED Blue Ca4 Pin=S19-B
Added Pin To Net: NetName=LED Green Ca4 Pin=S19-G
Added Pin To Net: NetName=LED Red Ca4 Pin=S19-R
Added Pin To Net: NetName=SWH3 Pin=S19-SW1
Added Pin To Net: NetName=NetD19_1 Pin=S19-SW2
Added Pin To Net: NetName=LED An3 Pin=S19-Vdd
Added Pin To Net: NetName=LED Blue Ca0 Pin=S20-B
Added Pin To Net: NetName=LED Green Ca0 Pin=S20-G
Added Pin To Net: NetName=LED Red Ca0 Pin=S20-R
Added Pin To Net: NetName=SWH4 Pin=S20-SW1
Added Pin To Net: NetName=NetD20_1 Pin=S20-SW2
Added Pin To Net: NetName=LED An4 Pin=S20-Vdd
Added Pin To Net: NetName=LED Blue Ca1 Pin=S21-B
Added Pin To Net: NetName=LED Green Ca1 Pin=S21-G
Added Pin To Net: NetName=LED Red Ca1 Pin=S21-R
Added Pin To Net: NetName=SWH4 Pin=S21-SW1
Added Pin To Net: NetName=NetD21_1 Pin=S21-SW2
Added Pin To Net: NetName=LED An4 Pin=S21-Vdd
Added Pin To Net: NetName=LED Blue Ca2 Pin=S22-B
Added Pin To Net: NetName=LED Green Ca2 Pin=S22-G
Added Pin To Net: NetName=LED Red Ca2 Pin=S22-R
Added Pin To Net: NetName=SWH4 Pin=S22-SW1
Added Pin To Net: NetName=NetD22_1 Pin=S22-SW2
Added Pin To Net: NetName=LED An4 Pin=S22-Vdd
Added Pin To Net: NetName=LED Blue Ca3 Pin=S23-B
Added Pin To Net: NetName=LED Green Ca3 Pin=S23-G
Added Pin To Net: NetName=LED Red Ca3 Pin=S23-R
Added Pin To Net: NetName=SWH4 Pin=S23-SW1
Added Pin To Net: NetName=NetD23_1 Pin=S23-SW2
Added Pin To Net: NetName=LED An4 Pin=S23-Vdd
Added Pin To Net: NetName=LED Blue Ca0 Pin=S24-B
Added Pin To Net: NetName=LED Green Ca0 Pin=S24-G
Added Pin To Net: NetName=LED Red Ca0 Pin=S24-R
Added Pin To Net: NetName=SWH5 Pin=S24-SW1
Added Pin To Net: NetName=NetD24_1 Pin=S24-SW2
Added Pin To Net: NetName=LED An5 Pin=S24-Vdd
Added Pin To Net: NetName=LED Blue Ca2 Pin=S25-B
Added Pin To Net: NetName=LED Green Ca2 Pin=S25-G
Added Pin To Net: NetName=LED Red Ca2 Pin=S25-R
Added Pin To Net: NetName=SWH5 Pin=S25-SW1
Added Pin To Net: NetName=NetD25_1 Pin=S25-SW2
Added Pin To Net: NetName=LED An5 Pin=S25-Vdd
Added Pin To Net: NetName=LED Blue Ca3 Pin=S26-B
Added Pin To Net: NetName=LED Green Ca3 Pin=S26-G
Added Pin To Net: NetName=LED Red Ca3 Pin=S26-R
Added Pin To Net: NetName=SWH5 Pin=S26-SW1
Added Pin To Net: NetName=NetD26_1 Pin=S26-SW2
Added Pin To Net: NetName=LED An5 Pin=S26-Vdd
Added Pin To Net: NetName=LED Blue Ca4 Pin=S27-B
Added Pin To Net: NetName=LED Green Ca4 Pin=S27-G
Added Pin To Net: NetName=LED Red Ca4 Pin=S27-R
Added Pin To Net: NetName=SWH5 Pin=S27-SW1
Added Pin To Net: NetName=NetD27_1 Pin=S27-SW2
Added Pin To Net: NetName=LED An5 Pin=S27-Vdd
Added Room: Name=Connectors
Added Room: Name=LED Driver and Switches
