Removed Pin From Net: NetName=LED Red Ca0 Pin=S1-1
Removed Pin From Net: NetName=LED An0 Pin=S1-2
Removed Pin From Net: NetName=LED Green Ca0 Pin=S1-3
Removed Pin From Net: NetName=LED Blue Ca0 Pin=S1-4
Removed Pin From Net: NetName=SWH0 Pin=S1-5
Removed Pin From Net: NetName=NetD1_1 Pin=S1-6
Change Component DesignItemId : Designator=S1 Old DesignItemId=Gateron Green New DesignItemId=Kalih hotswap smd
Change Component Footprint: Designator=S1 Old Footprint=Gateron Green New Footprint=Kalih Hotswap smd
Change Component Comment : Designator=S1 Old Comment=Gateron w/ RGB LED New Comment=Kalih hotswap w/ RGB
Change component parameters: Designator = "R5" ("R5"); Footprint = "J1-0603"; UniqueID = "\TGAWEVAJ" ("\TGAWEVAJ")
Change component parameters (AddParameter): Name = "LatestRevisionDate"; Value = "29-May-2009"; VariantName = "[No Variations]"
Change component parameters (AddParameter): Name = "LatestRevisionNote"; Value = "IPC-7351 Footprint Added."; VariantName = "[No Variations]"
Change component parameters (AddParameter): Name = "PackageDescription"; Value = "Chip Resistor"; VariantName = "[No Variations]"
Change component parameters (AddParameter): Name = "PackageReference"; Value = "J1-0603"; VariantName = "[No Variations]"
Change component parameters (AddParameter): Name = "Published"; Value = "8-Jun-2000"; VariantName = "[No Variations]"
Change component parameters (AddParameter): Name = "Publisher"; Value = "Altium Limited"; VariantName = "[No Variations]"
Change component parameters (AddParameter): Name = "Value"; Value = "3 ohm"; VariantName = "[No Variations]"
Change component parameters: Designator = "R6" ("R6"); Footprint = "J1-0603"; UniqueID = "\WISZCPMB" ("\WISZCPMB")
Change component parameters (AddParameter): Name = "LatestRevisionDate"; Value = "29-May-2009"; VariantName = "[No Variations]"
Change component parameters (AddParameter): Name = "LatestRevisionNote"; Value = "IPC-7351 Footprint Added."; VariantName = "[No Variations]"
Change component parameters (AddParameter): Name = "PackageDescription"; Value = "Chip Resistor"; VariantName = "[No Variations]"
Change component parameters (AddParameter): Name = "PackageReference"; Value = "J1-0603"; VariantName = "[No Variations]"
Change component parameters (AddParameter): Name = "Published"; Value = "8-Jun-2000"; VariantName = "[No Variations]"
Change component parameters (AddParameter): Name = "Publisher"; Value = "Altium Limited"; VariantName = "[No Variations]"
Change component parameters (AddParameter): Name = "Value"; Value = "3 ohm"; VariantName = "[No Variations]"
Change component parameters: Designator = "R14" ("R14"); Footprint = "J1-0603"; UniqueID = "\EGORIYCT" ("\EGORIYCT")
Change component parameters (AddParameter): Name = "LatestRevisionDate"; Value = "29-May-2009"; VariantName = "[No Variations]"
Change component parameters (AddParameter): Name = "LatestRevisionNote"; Value = "IPC-7351 Footprint Added."; VariantName = "[No Variations]"
Change component parameters (AddParameter): Name = "PackageDescription"; Value = "Chip Resistor"; VariantName = "[No Variations]"
Change component parameters (AddParameter): Name = "PackageReference"; Value = "J1-0603"; VariantName = "[No Variations]"
Change component parameters (AddParameter): Name = "Published"; Value = "8-Jun-2000"; VariantName = "[No Variations]"
Change component parameters (AddParameter): Name = "Publisher"; Value = "Altium Limited"; VariantName = "[No Variations]"
Change component parameters (AddParameter): Name = "Value"; Value = "8 ohm"; VariantName = "[No Variations]"
Added Pin To Net: NetName=LED Blue Ca0 Pin=S1-B
Added Pin To Net: NetName=LED Green Ca0 Pin=S1-G
Added Pin To Net: NetName=LED Red Ca0 Pin=S1-R
Added Pin To Net: NetName=SWH0 Pin=S1-SW1
Added Pin To Net: NetName=NetD1_1 Pin=S1-SW2
Added Pin To Net: NetName=LED An0 Pin=S1-Vdd
Added Room: Name=Connectors
Added Room: Name=LED Driver and Switches
