Removed Pin From Net: NetName=GND Pin=R3-1
Removed Pin From Net: NetName=NetR3_2 Pin=R3-2
Removed Pin From Net: NetName=NetR3_2 Pin=R3-3
Removed Pin From Net: NetName=GND Pin=R4-1
Removed Pin From Net: NetName=NetR4_2 Pin=R4-2
Removed Pin From Net: NetName=NetR4_2 Pin=R4-3
Removed Pin From Net: NetName=GND Pin=R13-1
Removed Pin From Net: NetName=NetR13_2 Pin=R13-2
Removed Pin From Net: NetName=NetR13_2 Pin=R13-3
Removed Member From Class: ClassName=LED Driver and Switches Member=R3
Removed Member From Class: ClassName=LED Driver and Switches Member=R4
Removed Member From Class: ClassName=LED Driver and Switches Member=R13
Added Component: Designator=P1(TC42X-2-101E)
Added Component: Designator=P2(TC42X-2-101E)
Added Component: Designator=P3(TC42X-2-101E)
Added Pin To Net: NetName=GND Pin=P1-1
Added Pin To Net: NetName=NetR3_2 Pin=P1-2
Added Pin To Net: NetName=NetR3_2 Pin=P1-3
Added Pin To Net: NetName=GND Pin=P2-1
Added Pin To Net: NetName=NetR4_2 Pin=P2-2
Added Pin To Net: NetName=NetR4_2 Pin=P2-3
Added Pin To Net: NetName=GND Pin=P3-1
Added Pin To Net: NetName=NetR13_2 Pin=P3-2
Added Pin To Net: NetName=NetR13_2 Pin=P3-3
Change Net Name : Old Net Name=NetR3_2 New Net Name=NetP1_2
Change Net Name : Old Net Name=NetR4_2 New Net Name=NetP2_2
Change Net Name : Old Net Name=NetR13_2 New Net Name=NetP3_2
Added Member To Class: ClassName=LED Driver and Switches Member=Component P1 TC42X-2-101E
Added Member To Class: ClassName=LED Driver and Switches Member=Component P2 TC42X-2-101E
Added Member To Class: ClassName=LED Driver and Switches Member=Component P3 TC42X-2-101E
Added Member To Class: ClassName=LED Driver and Switches Member=Component T13 C344010 NCH MOS
Added Room: Name=Connectors
Added Room: Name=LED Driver and Switches
