Removed Member From Class: ClassName=DG_0 Member=DQ32
Removed Member From Class: ClassName=DG_0 Member=DQ33
Removed Member From Class: ClassName=DG_0 Member=DQ34
Removed Member From Class: ClassName=DG_0 Member=DQ35
Removed Member From Class: ClassName=DG_0 Member=DQ36
Removed Member From Class: ClassName=DG_0 Member=DQ37
Removed Member From Class: ClassName=DG_0 Member=DQ38
Removed Member From Class: ClassName=DG_0 Member=DQ39
Removed Member From Class: ClassName=DG_1 Member=DQ39
Removed Member From Class: ClassName=DG_1 Member=DQ40
Removed Member From Class: ClassName=DG_1 Member=DQ41
Removed Member From Class: ClassName=DG_1 Member=DQ42
Removed Member From Class: ClassName=DG_1 Member=DQ43
Removed Member From Class: ClassName=DG_1 Member=DQ44
Removed Member From Class: ClassName=DG_1 Member=DQ45
Removed Member From Class: ClassName=DG_1 Member=DQ46
Removed Member From Class: ClassName=DG_1 Member=DQ47
Removed Member From Class: ClassName=DG_2 Member=DQ47
Removed Member From Class: ClassName=DG_2 Member=DQ48
Removed Member From Class: ClassName=DG_2 Member=DQ49
Removed Member From Class: ClassName=DG_2 Member=DQ50
Removed Member From Class: ClassName=DG_2 Member=DQ51
Removed Member From Class: ClassName=DG_2 Member=DQ52
Removed Member From Class: ClassName=DG_2 Member=DQ53
Removed Member From Class: ClassName=DG_2 Member=DQ54
Removed Member From Class: ClassName=DG_2 Member=DQ55
Removed Member From Class: ClassName=DG_3 Member=DQ55
Removed Member From Class: ClassName=DG_3 Member=DQ56
Removed Member From Class: ClassName=DG_3 Member=DQ57
Removed Member From Class: ClassName=DG_3 Member=DQ58
Removed Member From Class: ClassName=DG_3 Member=DQ59
Removed Member From Class: ClassName=DG_3 Member=DQ60
Removed Member From Class: ClassName=DG_3 Member=DQ61
Removed Member From Class: ClassName=DG_3 Member=DQ62
Removed Member From Class: ClassName=DG_3 Member=DQ63
Added Room: Name=A200T FPGA
Added Room: Name=FPGA Board Top
Added Room: Name=RAM (DDR3L)
Added Room: Name=SODIMM Motherboard Connector
