Added Pin To Net: NetName=DM0 Pin=C41-1
Added Pin To Net: NetName=DM0 Pin=C42-2
Added Pin To Net: NetName=DM0 Pin=C43-1
Added Pin To Net: NetName=DM0 Pin=C44-2
Added Pin To Net: NetName=DM0 Pin=C45-1
Added Pin To Net: NetName=DM0 Pin=C46-2
Added Pin To Net: NetName=DM0 Pin=C47-1
Added Pin To Net: NetName=DM0 Pin=C48-2
Added Pin To Net: NetName=DM0 Pin=C49-1
Added Pin To Net: NetName=DM0 Pin=C50-2
Added Pin To Net: NetName=DM0 Pin=C51-1
Added Pin To Net: NetName=DM0 Pin=C52-2
Added Pin To Net: NetName=DM0 Pin=C53-1
Added Pin To Net: NetName=DM0 Pin=C54-1
Added Pin To Net: NetName=DM0 Pin=C55-1
Added Pin To Net: NetName=DM0 Pin=C56-1
Added Pin To Net: NetName=DM0 Pin=C57-1
Added Pin To Net: NetName=DM0 Pin=C58-1
Added Pin To Net: NetName=DM0 Pin=C59-1
Added Pin To Net: NetName=DM0 Pin=C60-1
Added Pin To Net: NetName=DM0 Pin=C61-1
Added Pin To Net: NetName=DM0 Pin=C62-1
Added Pin To Net: NetName=DM0 Pin=J1-2
Added Pin To Net: NetName=DM0 Pin=J1-3
Added Pin To Net: NetName=DM0 Pin=J1-8
Added Pin To Net: NetName=DM0 Pin=J1-9
Added Pin To Net: NetName=DM0 Pin=J1-13
Added Pin To Net: NetName=DM0 Pin=J1-14
Added Pin To Net: NetName=DM0 Pin=J1-19
Added Pin To Net: NetName=DM0 Pin=J1-20
Added Pin To Net: NetName=DM0 Pin=J1-25
Added Pin To Net: NetName=DM0 Pin=J1-26
Added Pin To Net: NetName=DM0 Pin=J1-31
Added Pin To Net: NetName=DM0 Pin=J1-32
Added Pin To Net: NetName=DM0 Pin=J1-37
Added Pin To Net: NetName=DM0 Pin=J1-38
Added Pin To Net: NetName=DM0 Pin=J1-43
Added Pin To Net: NetName=DM0 Pin=J1-44
Added Pin To Net: NetName=DM0 Pin=J1-48
Added Pin To Net: NetName=DM0 Pin=J1-49
Added Pin To Net: NetName=DM0 Pin=J1-54
Added Pin To Net: NetName=DM0 Pin=J1-55
Added Pin To Net: NetName=DM0 Pin=J1-60
Added Pin To Net: NetName=DM0 Pin=J1-61
Added Pin To Net: NetName=DM0 Pin=J1-65
Added Pin To Net: NetName=DM0 Pin=J1-66
Added Pin To Net: NetName=DM0 Pin=J1-71
Added Pin To Net: NetName=DM0 Pin=J1-72
Added Pin To Net: NetName=DM0 Pin=J1-127
Added Pin To Net: NetName=DM0 Pin=J1-128
Added Pin To Net: NetName=DM0 Pin=J1-133
Added Pin To Net: NetName=DM0 Pin=J1-134
Added Pin To Net: NetName=DM0 Pin=J1-138
Added Pin To Net: NetName=DM0 Pin=J1-139
Added Pin To Net: NetName=DM0 Pin=J1-144
Added Pin To Net: NetName=DM0 Pin=J1-145
Added Pin To Net: NetName=DM0 Pin=J1-150
Added Pin To Net: NetName=DM0 Pin=J1-151
Added Pin To Net: NetName=DM0 Pin=J1-155
Added Pin To Net: NetName=DM0 Pin=J1-156
Added Pin To Net: NetName=DM0 Pin=J1-161
Added Pin To Net: NetName=DM0 Pin=J1-162
Added Pin To Net: NetName=DM0 Pin=J1-167
Added Pin To Net: NetName=DM0 Pin=J1-168
Added Pin To Net: NetName=DM0 Pin=J1-172
Added Pin To Net: NetName=DM0 Pin=J1-173
Added Pin To Net: NetName=DM0 Pin=J1-178
Added Pin To Net: NetName=DM0 Pin=J1-179
Added Pin To Net: NetName=DM0 Pin=J1-184
Added Pin To Net: NetName=DM0 Pin=J1-185
Added Pin To Net: NetName=DM0 Pin=J1-189
Added Pin To Net: NetName=DM0 Pin=J1-190
Added Pin To Net: NetName=DM0 Pin=J1-195
Added Pin To Net: NetName=DM0 Pin=J1-196
Added Pin To Net: NetName=DM0 Pin=J1-197
Added Pin To Net: NetName=DM0 Pin=J1-201
Added Pin To Net: NetName=DM0 Pin=P5-2
Added Pin To Net: NetName=DM0 Pin=P5-4
Added Pin To Net: NetName=DM0 Pin=R7-2
Added Pin To Net: NetName=DM0 Pin=R8-2
Added Pin To Net: NetName=DM0 Pin=R9-2
Added Member To Class: ClassName=Designator Member=Component TP? 5019
Added Member To Class: ClassName=Designator Member=Component TP? 5019
Added Member To Class: ClassName=Designator Member=Component TP? 5019
Added Member To Class: ClassName=Designator Member=Component TP? 5019
Added Member To Class: ClassName=Designator Member=Component TP? 5019
Added Member To Class: ClassName=Designator Member=Component TP? 5019
Added Member To Class: ClassName=Designator Member=Component TP? 5019
Added Member To Class: ClassName=Designator Member=Component TP? 5019
Added Room: Name=A200T FPGA
Added Room: Name=Designator
Added Room: Name=FPGA Board Top
Added Room: Name=RAM (DDR3L)
Added Room: Name=SODIMM Motherboard Connector
