Added Component: Designator=J(TE_2013289-1)
Add component (AddParameter): Name = "Centerline_Pitch"; Value = ".6 mm[.024 in]"; VariantName = "[No Variations]"
Add component (AddParameter): Name = "Digi-Key_Part_Number"; Value = "A115021-ND"; VariantName = "[No Variations]"
Add component (AddParameter): Name = "Digi-Key_Purchase_URL"; Value = "https://www.digikey.com/product-detail/en/te-connectivity-amp-connectors/2013289-1/A115021-ND/2135546?utm_source=snapeda&utm_medium=aggregator&utm_campaign=symbol"; VariantName = "[No Variations]"
Add component (AddParameter): Name = "MF"; Value = "TE Connectivity"; VariantName = "[No Variations]"
Add component (AddParameter): Name = "MP"; Value = "2013289-1"; VariantName = "[No Variations]"
Add component (AddParameter): Name = "Number_of_Positions"; Value = "204"; VariantName = "[No Variations]"
Add component (AddParameter): Name = "Package"; Value = "None"; VariantName = "[No Variations]"
Add component (AddParameter): Name = "Product_Type"; Value = "Socket"; VariantName = "[No Variations]"
Add component (AddParameter): Name = "SnapEDA_Link"; Value = "https://www.snapeda.com/parts/2013289-1/TE%20Connectivity%20AMP%20Connectors/view-part/231016/?ref=snap"; VariantName = "[No Variations]"
Add component (AddParameter): Name = "TE_purchase_URL"; Value = "https://www.te.com/usa-en/product-2013289-1.html?te_bu=Cor&te_type=disp&te_campaign=seda_glo_cor-seda-global-disp-prtnr-fy19-seda-model-bom-cta_sma-317_1&elqCampaignId=32493"; VariantName = "[No Variations]"
Add component (AddParameter): Name = "Value"; Value = ""; VariantName = "[No Variations]"
Added Component: Designator=P?(HDR1X12)
Add component (AddParameter): Name = "LatestRevisionDate"; Value = "17-Jul-2002"; VariantName = "[No Variations]"
Add component (AddParameter): Name = "LatestRevisionNote"; Value = "Re-released for DXP Platform."; VariantName = "[No Variations]"
Add component (AddParameter): Name = "Publisher"; Value = "Altium Limited"; VariantName = "[No Variations]"
Added Pin To Net: NetName=GND Pin=J-2
Added Pin To Net: NetName=GND Pin=J-3
Added Pin To Net: NetName=GND Pin=J-8
Added Pin To Net: NetName=GND Pin=J-9
Added Pin To Net: NetName=GND Pin=J-14
Added Pin To Net: NetName=GND Pin=J-17
Added Pin To Net: NetName=GND Pin=J-20
Added Pin To Net: NetName=GND Pin=J-23
Added Pin To Net: NetName=GND Pin=J-26
Added Pin To Net: NetName=GND Pin=J-29
Added Pin To Net: NetName=GND Pin=J-32
Added Pin To Net: NetName=GND Pin=J-35
Added Pin To Net: NetName=GND Pin=J-38
Added Pin To Net: NetName=GND Pin=J-41
Added Pin To Net: NetName=GND Pin=J-46
Added Pin To Net: NetName=GND Pin=J-47
Added Pin To Net: NetName=GND Pin=J-52
Added Pin To Net: NetName=GND Pin=J-53
Added Pin To Net: NetName=GND Pin=J-58
Added Pin To Net: NetName=GND Pin=J-61
Added Pin To Net: NetName=GND Pin=J-64
Added Pin To Net: NetName=GND Pin=J-67
Added Pin To Net: NetName=GND Pin=J-70
Added Pin To Net: NetName=GND Pin=J-73
Added Pin To Net: NetName=GND Pin=J-78
Added Pin To Net: NetName=GND Pin=J-79
Added Pin To Net: NetName=GND Pin=J-137
Added Pin To Net: NetName=GND Pin=J-138
Added Pin To Net: NetName=GND Pin=J-143
Added Pin To Net: NetName=GND Pin=J-146
Added Pin To Net: NetName=GND Pin=J-149
Added Pin To Net: NetName=GND Pin=J-152
Added Pin To Net: NetName=GND Pin=J-155
Added Pin To Net: NetName=GND Pin=J-158
Added Pin To Net: NetName=GND Pin=J-163
Added Pin To Net: NetName=GND Pin=J-164
Added Pin To Net: NetName=GND Pin=J-169
Added Pin To Net: NetName=GND Pin=J-170
Added Pin To Net: NetName=GND Pin=J-175
Added Pin To Net: NetName=GND Pin=J-178
Added Pin To Net: NetName=GND Pin=J-181
Added Pin To Net: NetName=GND Pin=J-184
Added Pin To Net: NetName=GND Pin=J-187
Added Pin To Net: NetName=GND Pin=J-190
Added Pin To Net: NetName=GND Pin=J-195
Added Pin To Net: NetName=GND Pin=J-196
Added Pin To Net: NetName=GND Pin=P?-12
Added Net: Name=GND
Added Pin To Net: NetName=NetJ_30 Pin=J-30
Added Pin To Net: NetName=NetJ_30 Pin=P?-6
Added Net: Name=NetJ_30
Added Pin To Net: NetName=NetJ_197 Pin=J-197
Added Pin To Net: NetName=NetJ_197 Pin=P?-8
Added Net: Name=NetJ_197
Added Pin To Net: NetName=NetJ_198 Pin=J-198
Added Pin To Net: NetName=NetJ_198 Pin=P?-7
Added Net: Name=NetJ_198
Added Pin To Net: NetName=NetJ_199 Pin=J-199
Added Pin To Net: NetName=NetJ_199 Pin=P?-5
Added Net: Name=NetJ_199
Added Pin To Net: NetName=NetJ_200 Pin=J-200
Added Pin To Net: NetName=NetJ_200 Pin=P?-10
Added Net: Name=NetJ_200
Added Pin To Net: NetName=NetJ_201 Pin=J-201
Added Pin To Net: NetName=NetJ_201 Pin=P?-9
Added Net: Name=NetJ_201
Added Pin To Net: NetName=NetJ_202 Pin=J-202
Added Pin To Net: NetName=NetJ_202 Pin=P?-11
Added Net: Name=NetJ_202
Added Pin To Net: NetName=Vdd Pin=J-85
Added Pin To Net: NetName=Vdd Pin=J-86
Added Pin To Net: NetName=Vdd Pin=J-93
Added Pin To Net: NetName=Vdd Pin=J-94
Added Pin To Net: NetName=Vdd Pin=J-101
Added Pin To Net: NetName=Vdd Pin=J-102
Added Pin To Net: NetName=Vdd Pin=J-109
Added Pin To Net: NetName=Vdd Pin=J-110
Added Pin To Net: NetName=Vdd Pin=J-115
Added Pin To Net: NetName=Vdd Pin=J-116
Added Pin To Net: NetName=Vdd Pin=J-123
Added Pin To Net: NetName=Vdd Pin=J-124
Added Pin To Net: NetName=Vdd Pin=J-131
Added Pin To Net: NetName=Vdd Pin=J-132
Added Pin To Net: NetName=Vdd Pin=P?-1
Added Net: Name=Vdd
Added Pin To Net: NetName=Vrefca Pin=J-84
Added Pin To Net: NetName=Vrefca Pin=P?-4
Added Net: Name=Vrefca
Added Pin To Net: NetName=Vrefdq Pin=J-1
Added Pin To Net: NetName=Vrefdq Pin=P?-2
Added Net: Name=Vrefdq
Added Pin To Net: NetName=Vtt Pin=J-203
Added Pin To Net: NetName=Vtt Pin=J-204
Added Pin To Net: NetName=Vtt Pin=P?-3
Added Net: Name=Vtt
Added Class: Name=DDR3 SODIMM SPD Breakout
Added Room: Name=DDR3 SODIMM SPD Breakout
