Removed Pin From Net: NetName=SWL0 Pin=J?-1
Removed Pin From Net: NetName=SWL1 Pin=J?-2
Removed Pin From Net: NetName=SWL2 Pin=J?-3
Removed Pin From Net: NetName=SWL3 Pin=J?-4
Removed Pin From Net: NetName=SWL4 Pin=J?-5
Removed Pin From Net: NetName=SWH5 Pin=J?-6
Removed Pin From Net: NetName=SWH4 Pin=J?-7
Removed Pin From Net: NetName=SWH3 Pin=J?-8
Removed Pin From Net: NetName=SWH2 Pin=J?-9
Removed Pin From Net: NetName=SWH1 Pin=J?-10
Removed Pin From Net: NetName=SWH0 Pin=J?-11
Removed Pin From Net: NetName=ALS3 Pin=J?-12
Removed Pin From Net: NetName=AHS0 Pin=J?-13
Removed Pin From Net: NetName=AHS1 Pin=J?-14
Removed Pin From Net: NetName=AHS2 Pin=J?-15
Removed Pin From Net: NetName=+5 Pin=J?-17
Removed Pin From Net: NetName=GND Pin=J?-19
Removed Pin From Net: NetName=GND Pin=J?-20
Removed Pin From Net: NetName=LS0 Pin=J?-21
Removed Pin From Net: NetName=LS1 Pin=J?-22
Removed Pin From Net: NetName=LS2 Pin=J?-23
Removed Pin From Net: NetName=LS3 Pin=J?-24
Removed Pin From Net: NetName=LS4 Pin=J?-25
Removed Pin From Net: NetName=LS5 Pin=J?-26
Removed Pin From Net: NetName=LS6 Pin=J?-27
Removed Pin From Net: NetName=LS7 Pin=J?-28
Removed Pin From Net: NetName=LS8 Pin=J?-29
Removed Pin From Net: NetName=LS9 Pin=J?-30
Removed Pin From Net: NetName=LS10 Pin=J?-31
Removed Pin From Net: NetName=LS11 Pin=J?-32
Removed Pin From Net: NetName=LS12 Pin=J?-33
Removed Pin From Net: NetName=LS13 Pin=J?-34
Removed Pin From Net: NetName=LS14 Pin=J?-35
Removed Pin From Net: NetName=VBatt Pin=J?-37
Removed Pin From Net: NetName=VBatt Pin=J?-38
Removed Pin From Net: NetName=GND Pin=J?-40
Change Component Footprint: Designator=J? Old Footprint=40 POS HEADER New Footprint=20 pos header
Change Component Comment : Designator=J? Old Comment=40 pos header New Comment=20 pos header
Added Component: Designator=J?(20 pos header)
Added Pin To Net: NetName=GND Pin=J?-1
Added Pin To Net: NetName=SWL0 Pin=J?-1
Added Pin To Net: NetName=SWL1 Pin=J?-2
Added Pin To Net: NetName=SWL2 Pin=J?-3
Added Pin To Net: NetName=VBatt Pin=J?-3
Added Pin To Net: NetName=SWL3 Pin=J?-4
Added Pin To Net: NetName=VBatt Pin=J?-4
Added Pin To Net: NetName=SWL4 Pin=J?-5
Added Pin To Net: NetName=LS14 Pin=J?-6
Added Pin To Net: NetName=SWH5 Pin=J?-6
Added Pin To Net: NetName=LS13 Pin=J?-7
Added Pin To Net: NetName=SWH4 Pin=J?-7
Added Pin To Net: NetName=LS12 Pin=J?-8
Added Pin To Net: NetName=SWH3 Pin=J?-8
Added Pin To Net: NetName=LS11 Pin=J?-9
Added Pin To Net: NetName=SWH2 Pin=J?-9
Added Pin To Net: NetName=LS10 Pin=J?-10
Added Pin To Net: NetName=SWH1 Pin=J?-10
Added Pin To Net: NetName=LS9 Pin=J?-11
Added Pin To Net: NetName=SWH0 Pin=J?-11
Added Pin To Net: NetName=ALS3 Pin=J?-12
Added Pin To Net: NetName=LS8 Pin=J?-12
Added Pin To Net: NetName=AHS0 Pin=J?-13
Added Pin To Net: NetName=LS7 Pin=J?-13
Added Pin To Net: NetName=AHS1 Pin=J?-14
Added Pin To Net: NetName=LS6 Pin=J?-14
Added Pin To Net: NetName=AHS2 Pin=J?-15
Added Pin To Net: NetName=LS5 Pin=J?-15
Added Pin To Net: NetName=LS4 Pin=J?-16
Added Pin To Net: NetName=+5 Pin=J?-17
Added Pin To Net: NetName=LS3 Pin=J?-17
Added Pin To Net: NetName=LS2 Pin=J?-18
Added Pin To Net: NetName=GND Pin=J?-19
Added Pin To Net: NetName=LS1 Pin=J?-19
Added Pin To Net: NetName=GND Pin=J?-20
Added Pin To Net: NetName=LS0 Pin=J?-20
Added Member To Class: ClassName=Connectors Member=Component J? 20 pos header
Added Room: Name=Connectors
Added Room: Name=LED Driver and Switches
