Removed Pin From Net: NetName=GND Pin=C8-1
Removed Pin From Net: NetName=USB_5V Pin=C8-2
Removed Pin From Net: NetName=GND Pin=C9-1
Removed Pin From Net: NetName=USB_5V Pin=C9-2
Removed Pin From Net: NetName=GND Pin=C10-1
Removed Pin From Net: NetName=Vbatt Pin=C10-2
Removed Pin From Net: NetName=LS5 Pin=J3-2
Removed Pin From Net: NetName=LS6 Pin=J3-3
Removed Pin From Net: NetName=LS7 Pin=J3-5
Removed Pin From Net: NetName=LS8 Pin=J3-6
Removed Pin From Net: NetName=LS9 Pin=J3-8
Removed Pin From Net: NetName=LS10 Pin=J3-9
Removed Pin From Net: NetName=LS11 Pin=J3-11
Removed Pin From Net: NetName=LS12 Pin=J3-12
Removed Pin From Net: NetName=LS13 Pin=J3-14
Removed Pin From Net: NetName=LS13 Pin=J3-14
Removed Pin From Net: NetName=LS13 Pin=J3-14
Removed Pin From Net: NetName=LS14 Pin=J3-15
Removed Pin From Net: NetName=LS4 Pin=J3-17
Removed Pin From Net: NetName=LS0 Pin=J4-2
Removed Pin From Net: NetName=LS1 Pin=J4-3
Removed Pin From Net: NetName=LS2 Pin=J4-5
Removed Pin From Net: NetName=LS3 Pin=J4-6
Removed Pin From Net: NetName=LS4 Pin=J4-8
Removed Pin From Net: NetName=LS5 Pin=J4-9
Removed Pin From Net: NetName=LS6 Pin=J4-11
Removed Pin From Net: NetName=LS7 Pin=J4-12
Removed Pin From Net: NetName=LS8 Pin=J4-14
Removed Pin From Net: NetName=LS8 Pin=J4-14
Removed Pin From Net: NetName=LS8 Pin=J4-14
Removed Pin From Net: NetName=LS9 Pin=J4-15
Removed Pin From Net: NetName=LS10 Pin=J4-17
Removed Pin From Net: NetName=LS11 Pin=J4-18
Removed Pin From Net: NetName=LS12 Pin=J4-20
Removed Pin From Net: NetName=LS13 Pin=J4-21
Removed Pin From Net: NetName=LS14 Pin=J4-23
Removed Pin From Net: NetName=GND Pin=R5-2
Removed Pin From Net: NetName=GND Pin=R6-2
Removed Pin From Net: NetName=PG Pin=U1-1
Removed Pin From Net: NetName=GND Pin=U1-2
Removed Pin From Net: NetName=USB_5V Pin=U1-3
Removed Pin From Net: NetName=Vbatt Pin=U1-4
Added Pin To Net: NetName=LS4 Pin=J3-2
Added Pin To Net: NetName=LS5 Pin=J3-3
Added Pin To Net: NetName=LS6 Pin=J3-5
Added Pin To Net: NetName=LS7 Pin=J3-6
Added Pin To Net: NetName=LS8 Pin=J3-8
Added Pin To Net: NetName=LS9 Pin=J3-9
Added Pin To Net: NetName=LS10 Pin=J3-11
Added Pin To Net: NetName=LS11 Pin=J3-12
Added Pin To Net: NetName=LS12 Pin=J3-14
Added Pin To Net: NetName=LS12 Pin=J3-14
Added Pin To Net: NetName=LS12 Pin=J3-14
Added Pin To Net: NetName=LS13 Pin=J3-15
Added Pin To Net: NetName=LS14 Pin=J3-17
Added Room: Name=5VBoost
Added Room: Name=Connectors
