Added Component: Designator=P1(HDR1X2)
Add component (AddParameter): Name = "Case/Package"; Value = ""; VariantName = "[No Variations]"
Add component (AddParameter): Name = "Component Type"; Value = "Standard"; VariantName = "[No Variations]"
Add component (AddParameter): Name = "ContactPlating"; Value = ""; VariantName = "[No Variations]"
Add component (AddParameter): Name = "DatasheetDocument"; Value = ""; VariantName = "[No Variations]"
Add component (AddParameter): Name = "Design Item ID"; Value = "Header 2"; VariantName = "[No Variations]"
Add component (AddParameter): Name = "DrillAndSlotSize"; Value = ""; VariantName = "[No Variations]"
Add component (AddParameter): Name = "DrillSize"; Value = ""; VariantName = "[No Variations]"
Add component (AddParameter): Name = "Gender"; Value = ""; VariantName = "[No Variations]"
Add component (AddParameter): Name = "LatestRevisionDate"; Value = "17-Jul-2002"; VariantName = "[No Variations]"
Add component (AddParameter): Name = "LatestRevisionNote"; Value = "Re-released for DXP Platform."; VariantName = "[No Variations]"
Add component (AddParameter): Name = "MaximumRating"; Value = ""; VariantName = "[No Variations]"
Add component (AddParameter): Name = "MountingFixtures"; Value = ""; VariantName = "[No Variations]"
Add component (AddParameter): Name = "Note"; Value = ""; VariantName = "[No Variations]"
Add component (AddParameter): Name = "Orientation"; Value = ""; VariantName = "[No Variations]"
Add component (AddParameter): Name = "PackageReference"; Value = ""; VariantName = "[No Variations]"
Add component (AddParameter): Name = "PCB_Layout"; Value = ""; VariantName = "[No Variations]"
Add component (AddParameter): Name = "Pins"; Value = "2"; VariantName = "[No Variations]"
Add component (AddParameter): Name = "Positions"; Value = ""; VariantName = "[No Variations]"
Add component (AddParameter): Name = "Published"; Value = ""; VariantName = "[No Variations]"
Add component (AddParameter): Name = "Publisher"; Value = "Altium Limited"; VariantName = "[No Variations]"
Add component (AddParameter): Name = "Source"; Value = "Miscellaneous Connectors.SchLib"; VariantName = "[No Variations]"
Add component (AddParameter): Name = "Terminations"; Value = ""; VariantName = "[No Variations]"
Added Pin To Net: NetName=Vbatt Pin=P1-1
Added Pin To Net: NetName=Vbatt_raw Pin=P1-2
Added Member To Class: ClassName=Connectors Member=Component J8 SSM-120-L-SV-BE
Added Member To Class: ClassName=Connectors Member=Component P1 Header 2
Added Room: Name=BatteryManagement
Added Room: Name=Connectors
