Removed Pin From Net: NetName=SWL0 Pin=D1-2
Removed Pin From Net: NetName=SWL1 Pin=D2-2
Removed Pin From Net: NetName=SWL2 Pin=D3-2
Removed Pin From Net: NetName=SWL3 Pin=D4-2
Removed Pin From Net: NetName=SWL4 Pin=D5-2
Removed Pin From Net: NetName=SWL0 Pin=D6-2
Removed Pin From Net: NetName=SWL1 Pin=D7-2
Removed Pin From Net: NetName=SWL2 Pin=D8-2
Removed Pin From Net: NetName=SWL3 Pin=D9-2
Removed Pin From Net: NetName=SWL4 Pin=D10-2
Removed Pin From Net: NetName=SWL0 Pin=D11-2
Removed Pin From Net: NetName=SWL1 Pin=D12-2
Removed Pin From Net: NetName=SWL2 Pin=D13-2
Removed Pin From Net: NetName=SWL3 Pin=D14-2
Removed Pin From Net: NetName=SWL0 Pin=D15-2
Removed Pin From Net: NetName=SWL1 Pin=D16-2
Removed Pin From Net: NetName=SWL2 Pin=D17-2
Removed Pin From Net: NetName=SWL3 Pin=D18-2
Removed Pin From Net: NetName=SWL4 Pin=D19-2
Removed Pin From Net: NetName=SWL0 Pin=D20-2
Removed Pin From Net: NetName=SWL1 Pin=D21-2
Removed Pin From Net: NetName=SWL2 Pin=D22-2
Removed Pin From Net: NetName=SWL3 Pin=D23-2
Removed Pin From Net: NetName=SWL0 Pin=D24-2
Removed Pin From Net: NetName=SWL2 Pin=D25-2
Removed Pin From Net: NetName=SWL3 Pin=D26-2
Removed Pin From Net: NetName=SWL4 Pin=D27-2
Removed Pin From Net: NetName=GND Pin=J1-1
Removed Pin From Net: NetName=GND Pin=J1-2
Removed Pin From Net: NetName=GND Pin=J1-3
Removed Pin From Net: NetName=GND Pin=J1-4
Removed Pin From Net: NetName=GND Pin=J1-A1
Removed Pin From Net: NetName=USB_5V Pin=J1-A4
Removed Pin From Net: NetName=D+ Pin=J1-A6
Removed Pin From Net: NetName=D- Pin=J1-A7
Removed Pin From Net: NetName=USB_5V Pin=J1-A9
Removed Pin From Net: NetName=GND Pin=J1-A12
Removed Pin From Net: NetName=GND Pin=J1-B1
Removed Pin From Net: NetName=USB_5V Pin=J1-B4
Removed Pin From Net: NetName=D+ Pin=J1-B6
Removed Pin From Net: NetName=D- Pin=J1-B7
Removed Pin From Net: NetName=USB_5V Pin=J1-B9
Removed Pin From Net: NetName=GND Pin=J1-B12
Removed Pin From Net: NetName=GND Pin=R3-2
Removed Pin From Net: NetName=GND Pin=R4-1
Removed Pin From Net: NetName=SWL0 Pin=R7-1
Removed Pin From Net: NetName=GND Pin=R7-2
Removed Pin From Net: NetName=SWL1 Pin=R8-1
Removed Pin From Net: NetName=GND Pin=R8-2
Removed Pin From Net: NetName=SWL2 Pin=R9-1
Removed Pin From Net: NetName=GND Pin=R9-2
Removed Pin From Net: NetName=SWL3 Pin=R10-1
Removed Pin From Net: NetName=GND Pin=R10-2
Removed Pin From Net: NetName=SWL4 Pin=R11-1
Removed Pin From Net: NetName=GND Pin=R11-2
Removed Pin From Net: NetName=+5 Pin=R12-2
Removed Pin From Net: NetName=GND Pin=R13-1
Removed Pin From Net: NetName=GND Pin=R14-1
Removed Pin From Net: NetName=SWH0 Pin=S1-5
Removed Pin From Net: NetName=SWH0 Pin=S2-5
Removed Pin From Net: NetName=SWH0 Pin=S3-5
Removed Pin From Net: NetName=SWH0 Pin=S4-5
Removed Pin From Net: NetName=SWH0 Pin=S5-5
Removed Pin From Net: NetName=SWH1 Pin=S6-5
Removed Pin From Net: NetName=SWH1 Pin=S7-5
Removed Pin From Net: NetName=SWH1 Pin=S8-5
Removed Pin From Net: NetName=SWH1 Pin=S9-5
Removed Pin From Net: NetName=SWH1 Pin=S10-5
Removed Pin From Net: NetName=SWH2 Pin=S11-5
Removed Pin From Net: NetName=SWH2 Pin=S12-5
Removed Pin From Net: NetName=SWH2 Pin=S13-5
Removed Pin From Net: NetName=SWH2 Pin=S14-5
Removed Pin From Net: NetName=SWH3 Pin=S15-5
Removed Pin From Net: NetName=SWH3 Pin=S16-5
Removed Pin From Net: NetName=SWH3 Pin=S17-5
Removed Pin From Net: NetName=SWH3 Pin=S18-5
Removed Pin From Net: NetName=SWH3 Pin=S19-5
Removed Pin From Net: NetName=SWH4 Pin=S20-5
Removed Pin From Net: NetName=SWH4 Pin=S21-5
Removed Pin From Net: NetName=SWH4 Pin=S22-5
Removed Pin From Net: NetName=SWH4 Pin=S23-5
Removed Pin From Net: NetName=SWH5 Pin=S24-5
Removed Pin From Net: NetName=SWH5 Pin=S25-5
Removed Pin From Net: NetName=SWH5 Pin=S26-5
Removed Pin From Net: NetName=SWH5 Pin=S27-5
Removed Pin From Net: NetName=GND Pin=T17-2
Removed Pin From Net: NetName=+5 Pin=T18-2
Removed Pin From Net: NetName=+5 Pin=T19-2
Removed Pin From Net: NetName=+5 Pin=T20-2
Removed Pin From Net: NetName=+5 Pin=T21-2
Removed Pin From Net: NetName=+5 Pin=T22-2
Removed Pin From Net: NetName=+5 Pin=T23-2
Removed Pin From Net: NetName=+5 Pin=TP7-1
Removed Pin From Net: NetName=ALS0 Pin=U2-1
Removed Pin From Net: NetName=ALS1 Pin=U2-2
Removed Pin From Net: NetName=ALS2 Pin=U2-3
Removed Pin From Net: NetName=ALS3 Pin=U2-4
Removed Pin From Net: NetName=+5 Pin=U2-6
Removed Pin From Net: NetName=GND Pin=U2-8
Removed Pin From Net: NetName=+5 Pin=U2-16
Removed Pin From Net: NetName=ALS0 Pin=U3-1
Removed Pin From Net: NetName=ALS1 Pin=U3-2
Removed Pin From Net: NetName=ALS2 Pin=U3-3
Removed Pin From Net: NetName=GND Pin=U3-4
Removed Pin From Net: NetName=ALS3 Pin=U3-6
Removed Pin From Net: NetName=GND Pin=U3-8
Removed Pin From Net: NetName=+5 Pin=U3-16
Removed Pin From Net: NetName=AHS0 Pin=U4-1
Removed Pin From Net: NetName=AHS1 Pin=U4-2
Removed Pin From Net: NetName=AHS2 Pin=U4-3
Removed Pin From Net: NetName=GND Pin=U4-5
Removed Pin From Net: NetName=+5 Pin=U4-6
Removed Pin From Net: NetName=GND Pin=U4-8
Removed Pin From Net: NetName=+5 Pin=U4-16
Removed Member From Class: ClassName=Connectors Member=J1
Removed Member From Class: ClassName=Connectors Member=R3
Removed Member From Class: ClassName=Connectors Member=R4
Added Component: Designator=J?(FP-USB4085-GF-A-MFG)
Add component (AddParameter): Name = "Contact Material"; Value = "Copper Alloy"; VariantName = "[No Variations]"
Add component (AddParameter): Name = "Contact Plating"; Value = "Gold"; VariantName = "[No Variations]"
Add component (AddParameter): Name = "Gender"; Value = "Receptacle"; VariantName = "[No Variations]"
Add component (AddParameter): Name = "Number of Positions"; Value = "16"; VariantName = "[No Variations]"
Add component (AddParameter): Name = "Orientation"; Value = "Right Angle"; VariantName = "[No Variations]"
Add component (AddParameter): Name = "USB Standard"; Value = "USB 2.0"; VariantName = "[No Variations]"
Added Component: Designator=P?(HDR1X25)
Add component (AddParameter): Name = "LatestRevisionDate"; Value = "17-Jul-2002"; VariantName = "[No Variations]"
Add component (AddParameter): Name = "LatestRevisionNote"; Value = "Re-released for DXP Platform."; VariantName = "[No Variations]"
Add component (AddParameter): Name = "Publisher"; Value = "Altium Limited"; VariantName = "[No Variations]"
Added Component: Designator=R?(RES 0805_2012)
Add component (AddParameter): Name = "ComponentLink1Description"; Value = "Datasheet"; VariantName = "[No Variations]"
Add component (AddParameter): Name = "ComponentLink1URL"; Value = "https://www.yageo.com/upload/media/product/productsearch/datasheet/rchip/PYu-RC_Group_51_RoHS_L_10.pdf"; VariantName = "[No Variations]"
Add component (AddParameter): Name = "ComponentLink2Description"; Value = "DigiKey Link"; VariantName = "[No Variations]"
Add component (AddParameter): Name = "ComponentLink2URL"; Value = "https://www.digikey.com/en/products/detail/yageo/RC0805JR-075K1L/728338"; VariantName = "[No Variations]"
Add component (AddParameter): Name = "Composition"; Value = "Thick Film"; VariantName = "[No Variations]"
Add component (AddParameter): Name = "Device Package"; Value = "0805 (2012 Metric)"; VariantName = "[No Variations]"
Add component (AddParameter): Name = "Features"; Value = "Moisture Resistant"; VariantName = "[No Variations]"
Add component (AddParameter): Name = "Height - Seated (Max)"; Value = "0.024" (0.60mm)"; VariantName = "[No Variations]"
Add component (AddParameter): Name = "LastUpdated"; Value = "2023-01-02 8:43:52 PM"; VariantName = "[No Variations]"
Add component (AddParameter): Name = "Lifecycle Status"; Value = "Active"; VariantName = "[No Variations]"
Add component (AddParameter): Name = "Manufacturer"; Value = "Yageo"; VariantName = "[No Variations]"
Add component (AddParameter): Name = "Minimum Order"; Value = "1"; VariantName = "[No Variations]"
Add component (AddParameter): Name = "Number of Terminations"; Value = "2"; VariantName = "[No Variations]"
Add component (AddParameter): Name = "Operating Temperature"; Value = "-55°C ~ 155°C"; VariantName = "[No Variations]"
Add component (AddParameter): Name = "Package / Case"; Value = "0805 (2012 Metric)"; VariantName = "[No Variations]"
Add component (AddParameter): Name = "Packaging"; Value = "CutTape"; VariantName = "[No Variations]"
Add component (AddParameter): Name = "Part Number"; Value = "RC0805JR-075K1L"; VariantName = "[No Variations]"
Add component (AddParameter): Name = "Part Status"; Value = "Active"; VariantName = "[No Variations]"
Add component (AddParameter): Name = "PartId"; Value = "41971"; VariantName = "[No Variations]"
Add component (AddParameter): Name = "Power (Watts)"; Value = "0.125W, 1/8W"; VariantName = "[No Variations]"
Add component (AddParameter): Name = "Price"; Value = "0.01"; VariantName = "[No Variations]"
Add component (AddParameter): Name = "Resistance"; Value = "5.1 kOhms"; VariantName = "[No Variations]"
Add component (AddParameter): Name = "Series"; Value = "RC_L"; VariantName = "[No Variations]"
Add component (AddParameter): Name = "Size / Dimension"; Value = "0.079" L x 0.049" W (2.00mm x 1.25mm)"; VariantName = "[No Variations]"
Add component (AddParameter): Name = "Supplier 1"; Value = "DigiKey"; VariantName = "[No Variations]"
Add component (AddParameter): Name = "Supplier Device Package"; Value = "0805"; VariantName = "[No Variations]"
Add component (AddParameter): Name = "Supplier Part Number 1"; Value = "311-5.1KARCT-ND"; VariantName = "[No Variations]"
Add component (AddParameter): Name = "Temperature Coefficient"; Value = "±100ppm/°C"; VariantName = "[No Variations]"
Add component (AddParameter): Name = "Tolerance"; Value = "±5%"; VariantName = "[No Variations]"
Add component (AddParameter): Name = "Value"; Value = "5.1 kOhms"; VariantName = "[No Variations]"
Added Component: Designator=R?(RES 0805_2012)
Add component (AddParameter): Name = "ComponentLink1Description"; Value = "Datasheet"; VariantName = "[No Variations]"
Add component (AddParameter): Name = "ComponentLink1URL"; Value = "https://www.yageo.com/upload/media/product/productsearch/datasheet/rchip/PYu-RC_Group_51_RoHS_L_10.pdf"; VariantName = "[No Variations]"
Add component (AddParameter): Name = "ComponentLink2Description"; Value = "DigiKey Link"; VariantName = "[No Variations]"
Add component (AddParameter): Name = "ComponentLink2URL"; Value = "https://www.digikey.com/en/products/detail/yageo/RC0805JR-075K1L/728338"; VariantName = "[No Variations]"
Add component (AddParameter): Name = "Composition"; Value = "Thick Film"; VariantName = "[No Variations]"
Add component (AddParameter): Name = "Device Package"; Value = "0805 (2012 Metric)"; VariantName = "[No Variations]"
Add component (AddParameter): Name = "Features"; Value = "Moisture Resistant"; VariantName = "[No Variations]"
Add component (AddParameter): Name = "Height - Seated (Max)"; Value = "0.024" (0.60mm)"; VariantName = "[No Variations]"
Add component (AddParameter): Name = "LastUpdated"; Value = "2023-01-02 8:43:52 PM"; VariantName = "[No Variations]"
Add component (AddParameter): Name = "Lifecycle Status"; Value = "Active"; VariantName = "[No Variations]"
Add component (AddParameter): Name = "Manufacturer"; Value = "Yageo"; VariantName = "[No Variations]"
Add component (AddParameter): Name = "Minimum Order"; Value = "1"; VariantName = "[No Variations]"
Add component (AddParameter): Name = "Number of Terminations"; Value = "2"; VariantName = "[No Variations]"
Add component (AddParameter): Name = "Operating Temperature"; Value = "-55°C ~ 155°C"; VariantName = "[No Variations]"
Add component (AddParameter): Name = "Package / Case"; Value = "0805 (2012 Metric)"; VariantName = "[No Variations]"
Add component (AddParameter): Name = "Packaging"; Value = "CutTape"; VariantName = "[No Variations]"
Add component (AddParameter): Name = "Part Number"; Value = "RC0805JR-075K1L"; VariantName = "[No Variations]"
Add component (AddParameter): Name = "Part Status"; Value = "Active"; VariantName = "[No Variations]"
Add component (AddParameter): Name = "PartId"; Value = "41971"; VariantName = "[No Variations]"
Add component (AddParameter): Name = "Power (Watts)"; Value = "0.125W, 1/8W"; VariantName = "[No Variations]"
Add component (AddParameter): Name = "Price"; Value = "0.01"; VariantName = "[No Variations]"
Add component (AddParameter): Name = "Resistance"; Value = "5.1 kOhms"; VariantName = "[No Variations]"
Add component (AddParameter): Name = "Series"; Value = "RC_L"; VariantName = "[No Variations]"
Add component (AddParameter): Name = "Size / Dimension"; Value = "0.079" L x 0.049" W (2.00mm x 1.25mm)"; VariantName = "[No Variations]"
Add component (AddParameter): Name = "Supplier 1"; Value = "DigiKey"; VariantName = "[No Variations]"
Add component (AddParameter): Name = "Supplier Device Package"; Value = "0805"; VariantName = "[No Variations]"
Add component (AddParameter): Name = "Supplier Part Number 1"; Value = "311-5.1KARCT-ND"; VariantName = "[No Variations]"
Add component (AddParameter): Name = "Temperature Coefficient"; Value = "±100ppm/°C"; VariantName = "[No Variations]"
Add component (AddParameter): Name = "Tolerance"; Value = "±5%"; VariantName = "[No Variations]"
Add component (AddParameter): Name = "Value"; Value = "5.1 kOhms"; VariantName = "[No Variations]"
Added Pin To Net: NetName=GND Pin=J?-1
Added Pin To Net: NetName=GND Pin=J?-2
Added Pin To Net: NetName=GND Pin=J?-3
Added Pin To Net: NetName=GND Pin=J?-4
Added Pin To Net: NetName=GND Pin=J?-A1
Added Pin To Net: NetName=USB_5V Pin=J?-A4
Added Pin To Net: NetName=D+ Pin=J?-A6
Added Pin To Net: NetName=D- Pin=J?-A7
Added Pin To Net: NetName=USB_5V Pin=J?-A9
Added Pin To Net: NetName=GND Pin=J?-A12
Added Pin To Net: NetName=GND Pin=J?-B1
Added Pin To Net: NetName=USB_5V Pin=J?-B4
Added Pin To Net: NetName=D+ Pin=J?-B6
Added Pin To Net: NetName=D- Pin=J?-B7
Added Pin To Net: NetName=USB_5V Pin=J?-B9
Added Pin To Net: NetName=GND Pin=J?-B12
Added Pin To Net: NetName=SWL0 Pin=P?-1
Added Pin To Net: NetName=SWL1 Pin=P?-2
Added Pin To Net: NetName=SWL2 Pin=P?-3
Added Pin To Net: NetName=SWL3 Pin=P?-4
Added Pin To Net: NetName=SWL4 Pin=P?-5
Added Pin To Net: NetName=SWH0 Pin=P?-6
Added Pin To Net: NetName=SWH1 Pin=P?-7
Added Pin To Net: NetName=SWH2 Pin=P?-8
Added Pin To Net: NetName=SWH3 Pin=P?-9
Added Pin To Net: NetName=SWH4 Pin=P?-10
Added Pin To Net: NetName=SWH5 Pin=P?-11
Added Pin To Net: NetName=ALS0 Pin=P?-12
Added Pin To Net: NetName=ALS1 Pin=P?-13
Added Pin To Net: NetName=ALS2 Pin=P?-14
Added Pin To Net: NetName=ALS3 Pin=P?-15
Added Pin To Net: NetName=AHS0 Pin=P?-16
Added Pin To Net: NetName=AHS1 Pin=P?-17
Added Pin To Net: NetName=AHS2 Pin=P?-18
Added Pin To Net: NetName=+5 Pin=P?-20
Added Pin To Net: NetName=GND Pin=P?-21
Added Pin To Net: NetName=GND Pin=R?-2
Added Pin To Net: NetName=GND Pin=R?-2
Added Pin To Net: NetName=LED_EN Pin=J2-27
Added Pin To Net: NetName=LED_EN Pin=P?-19
Added Net: Name=LED_EN
Added Pin To Net: NetName=NetJ?_A5 Pin=J?-A5
Added Pin To Net: NetName=NetJ?_A5 Pin=R?-1
Added Net: Name=NetJ?_A5
Added Pin To Net: NetName=NetJ?_B5 Pin=J?-B5
Added Pin To Net: NetName=NetJ?_B5 Pin=R?-1
Added Net: Name=NetJ?_B5
Added Member To Class: ClassName=Connectors Member=Component J? USB4085-GF-A
Added Member To Class: ClassName=Connectors Member=Component P? Header 25
Added Member To Class: ClassName=Connectors Member=Component R? 5.1 kOhms
Added Member To Class: ClassName=Connectors Member=Component R? 5.1 kOhms
Change Room Name: Old Name=LED Driver and Switches New Name=Connectors
Change Room Scope: Old Scope=InComponentClass('LED Driver and Switches') New Scope=InComponentClass('Connectors')
