Removed Pin From Net: NetName=GND Pin=P6-1
Removed Pin From Net: NetName=+1.25 Pin=P6-2
Removed Pin From Net: NetName=+1.8 Pin=P6-3
Removed Pin From Net: NetName=EN Pin=P6-4
Removed Pin From Net: NetName=Vin Pin=P6-6
Removed Pin From Net: NetName=+1.5 Pin=P6-7
Removed Pin From Net: NetName=+3.3 Pin=P6-8
Removed Pin From Net: NetName=+5 Pin=P6-9
Removed Pin From Net: NetName=+1.2 Pin=P6-10
Removed Pin From Net: NetName=+1 Pin=P6-11
Removed Pin From Net: NetName=Vtt Pin=P6-12
Change Component Footprint: Designator=P6 Old Footprint=HDR1X12 New Footprint=HDR1X6
Change Component Comment : Designator=P6 Old Comment=Header 12 New Comment=Header 6
Added Component: Designator=P7(HDR1X3)
Add component (AddParameter): Name = "LatestRevisionDate"; Value = "17-Jul-2002"; VariantName = "[No Variations]"
Add component (AddParameter): Name = "LatestRevisionNote"; Value = "Re-released for DXP Platform."; VariantName = "[No Variations]"
Add component (AddParameter): Name = "Publisher"; Value = "Altium Limited"; VariantName = "[No Variations]"
Added Component: Designator=P8(HDR1X3)
Add component (AddParameter): Name = "LatestRevisionDate"; Value = "17-Jul-2002"; VariantName = "[No Variations]"
Add component (AddParameter): Name = "LatestRevisionNote"; Value = "Re-released for DXP Platform."; VariantName = "[No Variations]"
Add component (AddParameter): Name = "Publisher"; Value = "Altium Limited"; VariantName = "[No Variations]"
Added Pin To Net: NetName=+1.25 Pin=P6-1
Added Pin To Net: NetName=+1.5 Pin=P6-2
Added Pin To Net: NetName=Vtt Pin=P6-3
Added Pin To Net: NetName=+3.3 Pin=P6-4
Added Pin To Net: NetName=+1.2 Pin=P6-6
Added Pin To Net: NetName=+1 Pin=P7-1
Added Pin To Net: NetName=+5 Pin=P7-2
Added Pin To Net: NetName=+1.8 Pin=P7-3
Added Pin To Net: NetName=GND Pin=P8-1
Added Pin To Net: NetName=Vin Pin=P8-2
Added Pin To Net: NetName=EN Pin=P8-3
Added Member To Class: ClassName=Power Regulator Breakout V1 Member=Component P7 Header 3
Added Member To Class: ClassName=Power Regulator Breakout V1 Member=Component P8 Header 3
Added Room: Name=Designator
Added Room: Name=Power Regulator Breakout V1
