Added Component: Designator=D1(C2128 SOD323)
Added Component: Designator=D2(C2128 SOD323)
Added Component: Designator=D3(C2128 SOD323)
Added Component: Designator=D4(C2128 SOD323)
Added Component: Designator=D5(C2128 SOD323)
Added Component: Designator=D6(C2128 SOD323)
Added Component: Designator=D7(C2128 SOD323)
Added Component: Designator=D8(C2128 SOD323)
Added Component: Designator=D9(C2128 SOD323)
Added Component: Designator=D10(C2128 SOD323)
Added Component: Designator=D11(C2128 SOD323)
Added Component: Designator=D12(C2128 SOD323)
Added Component: Designator=D13(C2128 SOD323)
Added Component: Designator=D14(C2128 SOD323)
Added Component: Designator=D15(C2128 SOD323)
Added Component: Designator=D16(C2128 SOD323)
Added Component: Designator=D17(C2128 SOD323)
Added Component: Designator=D18(C2128 SOD323)
Added Component: Designator=D19(C2128 SOD323)
Added Component: Designator=D20(C2128 SOD323)
Added Component: Designator=D21(C2128 SOD323)
Added Component: Designator=D22(C2128 SOD323)
Added Component: Designator=D23(C2128 SOD323)
Added Component: Designator=D24(C2128 SOD323)
Added Component: Designator=D25(C2128 SOD323)
Added Component: Designator=D26(C2128 SOD323)
Added Component: Designator=D27(C2128 SOD323)
Added Component: Designator=P1(HDR1X9)
Add component (AddParameter): Name = "LatestRevisionDate"; Value = "17-Jul-2002"; VariantName = "[No Variations]"
Add component (AddParameter): Name = "LatestRevisionNote"; Value = "Re-released for DXP Platform."; VariantName = "[No Variations]"
Add component (AddParameter): Name = "Publisher"; Value = "Altium Limited"; VariantName = "[No Variations]"
Added Component: Designator=R1(AXIAL-0.3)
Add component (AddParameter): Name = "LatestRevisionDate"; Value = "17-Jul-2002"; VariantName = "[No Variations]"
Add component (AddParameter): Name = "LatestRevisionNote"; Value = "Re-released for DXP Platform."; VariantName = "[No Variations]"
Add component (AddParameter): Name = "PackageDescription"; Value = "Axial Device, Thru-Hole; 2 Leads; 0.3 in Pin Spacing"; VariantName = "[No Variations]"
Add component (AddParameter): Name = "PackageReference"; Value = "AXIAL-0.3"; VariantName = "[No Variations]"
Add component (AddParameter): Name = "Published"; Value = "8-Jun-2000"; VariantName = "[No Variations]"
Add component (AddParameter): Name = "Publisher"; Value = "Altium Limited"; VariantName = "[No Variations]"
Add component (AddParameter): Name = "Value"; Value = "750"; VariantName = "[No Variations]"
Added Component: Designator=R2(AXIAL-0.3)
Add component (AddParameter): Name = "LatestRevisionDate"; Value = "17-Jul-2002"; VariantName = "[No Variations]"
Add component (AddParameter): Name = "LatestRevisionNote"; Value = "Re-released for DXP Platform."; VariantName = "[No Variations]"
Add component (AddParameter): Name = "PackageDescription"; Value = "Axial Device, Thru-Hole; 2 Leads; 0.3 in Pin Spacing"; VariantName = "[No Variations]"
Add component (AddParameter): Name = "PackageReference"; Value = "AXIAL-0.3"; VariantName = "[No Variations]"
Add component (AddParameter): Name = "Published"; Value = "8-Jun-2000"; VariantName = "[No Variations]"
Add component (AddParameter): Name = "Publisher"; Value = "Altium Limited"; VariantName = "[No Variations]"
Add component (AddParameter): Name = "Value"; Value = "83"; VariantName = "[No Variations]"
Added Component: Designator=R3(J1-0603)
Add component (AddParameter): Name = "LatestRevisionDate"; Value = "29-May-2009"; VariantName = "[No Variations]"
Add component (AddParameter): Name = "LatestRevisionNote"; Value = "IPC-7351 Footprint Added."; VariantName = "[No Variations]"
Add component (AddParameter): Name = "PackageDescription"; Value = "Chip Resistor"; VariantName = "[No Variations]"
Add component (AddParameter): Name = "PackageReference"; Value = "J1-0603"; VariantName = "[No Variations]"
Add component (AddParameter): Name = "Published"; Value = "8-Jun-2000"; VariantName = "[No Variations]"
Add component (AddParameter): Name = "Publisher"; Value = "Altium Limited"; VariantName = "[No Variations]"
Add component (AddParameter): Name = "Value"; Value = "10k"; VariantName = "[No Variations]"
Added Component: Designator=R4(J1-0603)
Add component (AddParameter): Name = "LatestRevisionDate"; Value = "29-May-2009"; VariantName = "[No Variations]"
Add component (AddParameter): Name = "LatestRevisionNote"; Value = "IPC-7351 Footprint Added."; VariantName = "[No Variations]"
Add component (AddParameter): Name = "PackageDescription"; Value = "Chip Resistor"; VariantName = "[No Variations]"
Add component (AddParameter): Name = "PackageReference"; Value = "J1-0603"; VariantName = "[No Variations]"
Add component (AddParameter): Name = "Published"; Value = "8-Jun-2000"; VariantName = "[No Variations]"
Add component (AddParameter): Name = "Publisher"; Value = "Altium Limited"; VariantName = "[No Variations]"
Add component (AddParameter): Name = "Value"; Value = "10k"; VariantName = "[No Variations]"
Added Component: Designator=R5(J1-0603)
Add component (AddParameter): Name = "LatestRevisionDate"; Value = "29-May-2009"; VariantName = "[No Variations]"
Add component (AddParameter): Name = "LatestRevisionNote"; Value = "IPC-7351 Footprint Added."; VariantName = "[No Variations]"
Add component (AddParameter): Name = "PackageDescription"; Value = "Chip Resistor"; VariantName = "[No Variations]"
Add component (AddParameter): Name = "PackageReference"; Value = "J1-0603"; VariantName = "[No Variations]"
Add component (AddParameter): Name = "Published"; Value = "8-Jun-2000"; VariantName = "[No Variations]"
Add component (AddParameter): Name = "Publisher"; Value = "Altium Limited"; VariantName = "[No Variations]"
Add component (AddParameter): Name = "Value"; Value = "10k"; VariantName = "[No Variations]"
Added Component: Designator=R6(J1-0603)
Add component (AddParameter): Name = "LatestRevisionDate"; Value = "29-May-2009"; VariantName = "[No Variations]"
Add component (AddParameter): Name = "LatestRevisionNote"; Value = "IPC-7351 Footprint Added."; VariantName = "[No Variations]"
Add component (AddParameter): Name = "PackageDescription"; Value = "Chip Resistor"; VariantName = "[No Variations]"
Add component (AddParameter): Name = "PackageReference"; Value = "J1-0603"; VariantName = "[No Variations]"
Add component (AddParameter): Name = "Published"; Value = "8-Jun-2000"; VariantName = "[No Variations]"
Add component (AddParameter): Name = "Publisher"; Value = "Altium Limited"; VariantName = "[No Variations]"
Add component (AddParameter): Name = "Value"; Value = "10k"; VariantName = "[No Variations]"
Added Component: Designator=R7(J1-0603)
Add component (AddParameter): Name = "LatestRevisionDate"; Value = "29-May-2009"; VariantName = "[No Variations]"
Add component (AddParameter): Name = "LatestRevisionNote"; Value = "IPC-7351 Footprint Added."; VariantName = "[No Variations]"
Add component (AddParameter): Name = "PackageDescription"; Value = "Chip Resistor"; VariantName = "[No Variations]"
Add component (AddParameter): Name = "PackageReference"; Value = "J1-0603"; VariantName = "[No Variations]"
Add component (AddParameter): Name = "Published"; Value = "8-Jun-2000"; VariantName = "[No Variations]"
Add component (AddParameter): Name = "Publisher"; Value = "Altium Limited"; VariantName = "[No Variations]"
Add component (AddParameter): Name = "Value"; Value = "10k"; VariantName = "[No Variations]"
Added Component: Designator=R8(J1-0603)
Add component (AddParameter): Name = "LatestRevisionDate"; Value = "29-May-2009"; VariantName = "[No Variations]"
Add component (AddParameter): Name = "LatestRevisionNote"; Value = "IPC-7351 Footprint Added."; VariantName = "[No Variations]"
Add component (AddParameter): Name = "PackageDescription"; Value = "Chip Resistor"; VariantName = "[No Variations]"
Add component (AddParameter): Name = "PackageReference"; Value = "J1-0603"; VariantName = "[No Variations]"
Add component (AddParameter): Name = "Published"; Value = "8-Jun-2000"; VariantName = "[No Variations]"
Add component (AddParameter): Name = "Publisher"; Value = "Altium Limited"; VariantName = "[No Variations]"
Add component (AddParameter): Name = "Value"; Value = "10k"; VariantName = "[No Variations]"
Added Component: Designator=R9(J1-0603)
Add component (AddParameter): Name = "LatestRevisionDate"; Value = "29-May-2009"; VariantName = "[No Variations]"
Add component (AddParameter): Name = "LatestRevisionNote"; Value = "IPC-7351 Footprint Added."; VariantName = "[No Variations]"
Add component (AddParameter): Name = "PackageDescription"; Value = "Chip Resistor"; VariantName = "[No Variations]"
Add component (AddParameter): Name = "PackageReference"; Value = "J1-0603"; VariantName = "[No Variations]"
Add component (AddParameter): Name = "Published"; Value = "8-Jun-2000"; VariantName = "[No Variations]"
Add component (AddParameter): Name = "Publisher"; Value = "Altium Limited"; VariantName = "[No Variations]"
Add component (AddParameter): Name = "Value"; Value = "10k"; VariantName = "[No Variations]"
Added Component: Designator=R10(J1-0603)
Add component (AddParameter): Name = "LatestRevisionDate"; Value = "29-May-2009"; VariantName = "[No Variations]"
Add component (AddParameter): Name = "LatestRevisionNote"; Value = "IPC-7351 Footprint Added."; VariantName = "[No Variations]"
Add component (AddParameter): Name = "PackageDescription"; Value = "Chip Resistor"; VariantName = "[No Variations]"
Add component (AddParameter): Name = "PackageReference"; Value = "J1-0603"; VariantName = "[No Variations]"
Add component (AddParameter): Name = "Published"; Value = "8-Jun-2000"; VariantName = "[No Variations]"
Add component (AddParameter): Name = "Publisher"; Value = "Altium Limited"; VariantName = "[No Variations]"
Add component (AddParameter): Name = "Value"; Value = "10k"; VariantName = "[No Variations]"
Added Component: Designator=R11(J1-0603)
Add component (AddParameter): Name = "LatestRevisionDate"; Value = "29-May-2009"; VariantName = "[No Variations]"
Add component (AddParameter): Name = "LatestRevisionNote"; Value = "IPC-7351 Footprint Added."; VariantName = "[No Variations]"
Add component (AddParameter): Name = "PackageDescription"; Value = "Chip Resistor"; VariantName = "[No Variations]"
Add component (AddParameter): Name = "PackageReference"; Value = "J1-0603"; VariantName = "[No Variations]"
Add component (AddParameter): Name = "Published"; Value = "8-Jun-2000"; VariantName = "[No Variations]"
Add component (AddParameter): Name = "Publisher"; Value = "Altium Limited"; VariantName = "[No Variations]"
Add component (AddParameter): Name = "Value"; Value = "10k"; VariantName = "[No Variations]"
Added Component: Designator=R12(J1-0603)
Add component (AddParameter): Name = "LatestRevisionDate"; Value = "29-May-2009"; VariantName = "[No Variations]"
Add component (AddParameter): Name = "LatestRevisionNote"; Value = "IPC-7351 Footprint Added."; VariantName = "[No Variations]"
Add component (AddParameter): Name = "PackageDescription"; Value = "Chip Resistor"; VariantName = "[No Variations]"
Add component (AddParameter): Name = "PackageReference"; Value = "J1-0603"; VariantName = "[No Variations]"
Add component (AddParameter): Name = "Published"; Value = "8-Jun-2000"; VariantName = "[No Variations]"
Add component (AddParameter): Name = "Publisher"; Value = "Altium Limited"; VariantName = "[No Variations]"
Add component (AddParameter): Name = "Value"; Value = "10k"; VariantName = "[No Variations]"
Added Component: Designator=R13(J1-0603)
Add component (AddParameter): Name = "LatestRevisionDate"; Value = "29-May-2009"; VariantName = "[No Variations]"
Add component (AddParameter): Name = "LatestRevisionNote"; Value = "IPC-7351 Footprint Added."; VariantName = "[No Variations]"
Add component (AddParameter): Name = "PackageDescription"; Value = "Chip Resistor"; VariantName = "[No Variations]"
Add component (AddParameter): Name = "PackageReference"; Value = "J1-0603"; VariantName = "[No Variations]"
Add component (AddParameter): Name = "Published"; Value = "8-Jun-2000"; VariantName = "[No Variations]"
Add component (AddParameter): Name = "Publisher"; Value = "Altium Limited"; VariantName = "[No Variations]"
Add component (AddParameter): Name = "Value"; Value = "10k"; VariantName = "[No Variations]"
Added Component: Designator=R14(J1-0603)
Add component (AddParameter): Name = "LatestRevisionDate"; Value = "29-May-2009"; VariantName = "[No Variations]"
Add component (AddParameter): Name = "LatestRevisionNote"; Value = "IPC-7351 Footprint Added."; VariantName = "[No Variations]"
Add component (AddParameter): Name = "PackageDescription"; Value = "Chip Resistor"; VariantName = "[No Variations]"
Add component (AddParameter): Name = "PackageReference"; Value = "J1-0603"; VariantName = "[No Variations]"
Add component (AddParameter): Name = "Published"; Value = "8-Jun-2000"; VariantName = "[No Variations]"
Add component (AddParameter): Name = "Publisher"; Value = "Altium Limited"; VariantName = "[No Variations]"
Add component (AddParameter): Name = "Value"; Value = "10k"; VariantName = "[No Variations]"
Added Component: Designator=R15(J1-0603)
Add component (AddParameter): Name = "LatestRevisionDate"; Value = "29-May-2009"; VariantName = "[No Variations]"
Add component (AddParameter): Name = "LatestRevisionNote"; Value = "IPC-7351 Footprint Added."; VariantName = "[No Variations]"
Add component (AddParameter): Name = "PackageDescription"; Value = "Chip Resistor"; VariantName = "[No Variations]"
Add component (AddParameter): Name = "PackageReference"; Value = "J1-0603"; VariantName = "[No Variations]"
Add component (AddParameter): Name = "Published"; Value = "8-Jun-2000"; VariantName = "[No Variations]"
Add component (AddParameter): Name = "Publisher"; Value = "Altium Limited"; VariantName = "[No Variations]"
Add component (AddParameter): Name = "Value"; Value = "10k"; VariantName = "[No Variations]"
Added Component: Designator=R16(J1-0603)
Add component (AddParameter): Name = "LatestRevisionDate"; Value = "29-May-2009"; VariantName = "[No Variations]"
Add component (AddParameter): Name = "LatestRevisionNote"; Value = "IPC-7351 Footprint Added."; VariantName = "[No Variations]"
Add component (AddParameter): Name = "PackageDescription"; Value = "Chip Resistor"; VariantName = "[No Variations]"
Add component (AddParameter): Name = "PackageReference"; Value = "J1-0603"; VariantName = "[No Variations]"
Add component (AddParameter): Name = "Published"; Value = "8-Jun-2000"; VariantName = "[No Variations]"
Add component (AddParameter): Name = "Publisher"; Value = "Altium Limited"; VariantName = "[No Variations]"
Add component (AddParameter): Name = "Value"; Value = "10k"; VariantName = "[No Variations]"
Added Component: Designator=R17(J1-0603)
Add component (AddParameter): Name = "LatestRevisionDate"; Value = "29-May-2009"; VariantName = "[No Variations]"
Add component (AddParameter): Name = "LatestRevisionNote"; Value = "IPC-7351 Footprint Added."; VariantName = "[No Variations]"
Add component (AddParameter): Name = "PackageDescription"; Value = "Chip Resistor"; VariantName = "[No Variations]"
Add component (AddParameter): Name = "PackageReference"; Value = "J1-0603"; VariantName = "[No Variations]"
Add component (AddParameter): Name = "Published"; Value = "8-Jun-2000"; VariantName = "[No Variations]"
Add component (AddParameter): Name = "Publisher"; Value = "Altium Limited"; VariantName = "[No Variations]"
Add component (AddParameter): Name = "Value"; Value = "10k"; VariantName = "[No Variations]"
Added Component: Designator=R18(J1-0603)
Add component (AddParameter): Name = "LatestRevisionDate"; Value = "29-May-2009"; VariantName = "[No Variations]"
Add component (AddParameter): Name = "LatestRevisionNote"; Value = "IPC-7351 Footprint Added."; VariantName = "[No Variations]"
Add component (AddParameter): Name = "PackageDescription"; Value = "Chip Resistor"; VariantName = "[No Variations]"
Add component (AddParameter): Name = "PackageReference"; Value = "J1-0603"; VariantName = "[No Variations]"
Add component (AddParameter): Name = "Published"; Value = "8-Jun-2000"; VariantName = "[No Variations]"
Add component (AddParameter): Name = "Publisher"; Value = "Altium Limited"; VariantName = "[No Variations]"
Add component (AddParameter): Name = "Value"; Value = "10k"; VariantName = "[No Variations]"
Added Component: Designator=R19(J1-0603)
Add component (AddParameter): Name = "LatestRevisionDate"; Value = "29-May-2009"; VariantName = "[No Variations]"
Add component (AddParameter): Name = "LatestRevisionNote"; Value = "IPC-7351 Footprint Added."; VariantName = "[No Variations]"
Add component (AddParameter): Name = "PackageDescription"; Value = "Chip Resistor"; VariantName = "[No Variations]"
Add component (AddParameter): Name = "PackageReference"; Value = "J1-0603"; VariantName = "[No Variations]"
Add component (AddParameter): Name = "Published"; Value = "8-Jun-2000"; VariantName = "[No Variations]"
Add component (AddParameter): Name = "Publisher"; Value = "Altium Limited"; VariantName = "[No Variations]"
Add component (AddParameter): Name = "Value"; Value = "10k"; VariantName = "[No Variations]"
Added Component: Designator=R20(J1-0603)
Add component (AddParameter): Name = "LatestRevisionDate"; Value = "29-May-2009"; VariantName = "[No Variations]"
Add component (AddParameter): Name = "LatestRevisionNote"; Value = "IPC-7351 Footprint Added."; VariantName = "[No Variations]"
Add component (AddParameter): Name = "PackageDescription"; Value = "Chip Resistor"; VariantName = "[No Variations]"
Add component (AddParameter): Name = "PackageReference"; Value = "J1-0603"; VariantName = "[No Variations]"
Add component (AddParameter): Name = "Published"; Value = "8-Jun-2000"; VariantName = "[No Variations]"
Add component (AddParameter): Name = "Publisher"; Value = "Altium Limited"; VariantName = "[No Variations]"
Add component (AddParameter): Name = "Value"; Value = "10k"; VariantName = "[No Variations]"
Added Component: Designator=R21(J1-0603)
Add component (AddParameter): Name = "LatestRevisionDate"; Value = "29-May-2009"; VariantName = "[No Variations]"
Add component (AddParameter): Name = "LatestRevisionNote"; Value = "IPC-7351 Footprint Added."; VariantName = "[No Variations]"
Add component (AddParameter): Name = "PackageDescription"; Value = "Chip Resistor"; VariantName = "[No Variations]"
Add component (AddParameter): Name = "PackageReference"; Value = "J1-0603"; VariantName = "[No Variations]"
Add component (AddParameter): Name = "Published"; Value = "8-Jun-2000"; VariantName = "[No Variations]"
Add component (AddParameter): Name = "Publisher"; Value = "Altium Limited"; VariantName = "[No Variations]"
Add component (AddParameter): Name = "Value"; Value = "10k"; VariantName = "[No Variations]"
Added Component: Designator=R22(J1-0603)
Add component (AddParameter): Name = "LatestRevisionDate"; Value = "29-May-2009"; VariantName = "[No Variations]"
Add component (AddParameter): Name = "LatestRevisionNote"; Value = "IPC-7351 Footprint Added."; VariantName = "[No Variations]"
Add component (AddParameter): Name = "PackageDescription"; Value = "Chip Resistor"; VariantName = "[No Variations]"
Add component (AddParameter): Name = "PackageReference"; Value = "J1-0603"; VariantName = "[No Variations]"
Add component (AddParameter): Name = "Published"; Value = "8-Jun-2000"; VariantName = "[No Variations]"
Add component (AddParameter): Name = "Publisher"; Value = "Altium Limited"; VariantName = "[No Variations]"
Add component (AddParameter): Name = "Value"; Value = "10k"; VariantName = "[No Variations]"
Added Component: Designator=R23(J1-0603)
Add component (AddParameter): Name = "LatestRevisionDate"; Value = "29-May-2009"; VariantName = "[No Variations]"
Add component (AddParameter): Name = "LatestRevisionNote"; Value = "IPC-7351 Footprint Added."; VariantName = "[No Variations]"
Add component (AddParameter): Name = "PackageDescription"; Value = "Chip Resistor"; VariantName = "[No Variations]"
Add component (AddParameter): Name = "PackageReference"; Value = "J1-0603"; VariantName = "[No Variations]"
Add component (AddParameter): Name = "Published"; Value = "8-Jun-2000"; VariantName = "[No Variations]"
Add component (AddParameter): Name = "Publisher"; Value = "Altium Limited"; VariantName = "[No Variations]"
Add component (AddParameter): Name = "Value"; Value = "10k"; VariantName = "[No Variations]"
Added Component: Designator=S1(Gateron Green)
Added Component: Designator=S2(Gateron Green)
Added Component: Designator=S3(Gateron Green)
Added Component: Designator=S4(Gateron Green)
Added Component: Designator=S5(Gateron Green)
Added Component: Designator=S6(Gateron Green)
Added Component: Designator=S7(Gateron Green)
Added Component: Designator=S8(Gateron Green)
Added Component: Designator=S9(Gateron Green)
Added Component: Designator=S10(Gateron Green)
Added Component: Designator=S11(Gateron Green)
Added Component: Designator=S12(Gateron Green)
Added Component: Designator=S13(Gateron Green)
Added Component: Designator=S14(Gateron Green)
Added Component: Designator=S15(Gateron Green)
Added Component: Designator=S16(Gateron Green)
Added Component: Designator=S17(Gateron Green)
Added Component: Designator=S18(Gateron Green)
Added Component: Designator=S19(Gateron Green)
Added Component: Designator=S20(Gateron Green)
Added Component: Designator=S21(Gateron Green)
Added Component: Designator=S22(Gateron Green)
Added Component: Designator=S23(Gateron Green)
Added Component: Designator=S24(Gateron Green)
Added Component: Designator=S25(Gateron Green)
Added Component: Designator=S26(Gateron Green)
Added Component: Designator=S27(Gateron Green)
Added Component: Designator=T1(C6749 NPN BJT)
Added Component: Designator=T2(C6749 NPN BJT)
Added Component: Designator=T3(C6749 NPN BJT)
Added Component: Designator=T4(C6749 NPN BJT)
Added Component: Designator=T5(C6749 NPN BJT)
Added Component: Designator=T6(C6749 NPN BJT)
Added Component: Designator=T7(C6749 NPN BJT)
Added Component: Designator=T8(C6749 NPN BJT)
Added Component: Designator=T9(C6749 NPN BJT)
Added Component: Designator=T10(C6749 NPN BJT)
Added Component: Designator=T11(C6749 NPN BJT)
Added Component: Designator=T12(C6749 NPN BJT)
Added Component: Designator=T13(C6749 NPN BJT)
Added Component: Designator=T14(C6749 NPN BJT)
Added Component: Designator=T15(C6749 NPN BJT)
Added Component: Designator=T16(C6749 NPN BJT)
Added Component: Designator=T17(C6749 NPN BJT)
Added Component: Designator=U1(SOIC16)
Added Component: Designator=U2(SOIC16)
Added Component: Designator=U3(SOIC16)
Added Pin To Net: NetName=+5 Pin=P1-2
Added Pin To Net: NetName=+5 Pin=R1-2
Added Pin To Net: NetName=+5 Pin=U1-6
Added Pin To Net: NetName=+5 Pin=U1-16
Added Pin To Net: NetName=+5 Pin=U2-6
Added Pin To Net: NetName=+5 Pin=U2-16
Added Pin To Net: NetName=+5 Pin=U3-16
Added Net: Name=+5
Added Pin To Net: NetName=En Pin=U1-5
Added Pin To Net: NetName=En Pin=U2-4
Added Pin To Net: NetName=En Pin=U3-5
Added Net: Name=En
Added Pin To Net: NetName=GND Pin=P1-1
Added Pin To Net: NetName=GND Pin=R2-1
Added Pin To Net: NetName=GND Pin=T17-2
Added Pin To Net: NetName=GND Pin=U1-8
Added Pin To Net: NetName=GND Pin=U2-5
Added Pin To Net: NetName=GND Pin=U2-8
Added Pin To Net: NetName=GND Pin=U3-4
Added Pin To Net: NetName=GND Pin=U3-8
Added Net: Name=GND
Added Pin To Net: NetName=HS0 Pin=R18-2
Added Net: Name=HS0
Added Pin To Net: NetName=HS1 Pin=R19-2
Added Net: Name=HS1
Added Pin To Net: NetName=HS2 Pin=R20-2
Added Net: Name=HS2
Added Pin To Net: NetName=HS3 Pin=R21-2
Added Net: Name=HS3
Added Pin To Net: NetName=HS4 Pin=R22-2
Added Net: Name=HS4
Added Pin To Net: NetName=HS5 Pin=R23-2
Added Net: Name=HS5
Added Pin To Net: NetName=HSG0 Pin=P1-6
Added Pin To Net: NetName=HSG0 Pin=U1-1
Added Pin To Net: NetName=HSG0 Pin=U3-1
Added Net: Name=HSG0
Added Pin To Net: NetName=HSG1 Pin=P1-5
Added Pin To Net: NetName=HSG1 Pin=U1-2
Added Pin To Net: NetName=HSG1 Pin=U3-2
Added Net: Name=HSG1
Added Pin To Net: NetName=HSG2 Pin=P1-4
Added Pin To Net: NetName=HSG2 Pin=U1-3
Added Pin To Net: NetName=HSG2 Pin=U3-3
Added Net: Name=HSG2
Added Pin To Net: NetName=HSG3 Pin=P1-3
Added Pin To Net: NetName=HSG3 Pin=U1-4
Added Pin To Net: NetName=HSG3 Pin=U3-6
Added Net: Name=HSG3
Added Pin To Net: NetName=LED An0 Pin=S1-2
Added Pin To Net: NetName=LED An0 Pin=S2-2
Added Pin To Net: NetName=LED An0 Pin=S3-2
Added Pin To Net: NetName=LED An0 Pin=S4-2
Added Pin To Net: NetName=LED An0 Pin=S5-2
Added Net: Name=LED An0
Added Pin To Net: NetName=LED An1 Pin=S6-2
Added Pin To Net: NetName=LED An1 Pin=S7-2
Added Pin To Net: NetName=LED An1 Pin=S8-2
Added Pin To Net: NetName=LED An1 Pin=S9-2
Added Pin To Net: NetName=LED An1 Pin=S10-2
Added Net: Name=LED An1
Added Pin To Net: NetName=LED An2 Pin=S11-2
Added Pin To Net: NetName=LED An2 Pin=S12-2
Added Pin To Net: NetName=LED An2 Pin=S13-2
Added Pin To Net: NetName=LED An2 Pin=S14-2
Added Net: Name=LED An2
Added Pin To Net: NetName=LED An3 Pin=S15-2
Added Pin To Net: NetName=LED An3 Pin=S16-2
Added Pin To Net: NetName=LED An3 Pin=S17-2
Added Pin To Net: NetName=LED An3 Pin=S18-2
Added Pin To Net: NetName=LED An3 Pin=S19-2
Added Net: Name=LED An3
Added Pin To Net: NetName=LED An4 Pin=S20-2
Added Pin To Net: NetName=LED An4 Pin=S21-2
Added Pin To Net: NetName=LED An4 Pin=S22-2
Added Pin To Net: NetName=LED An4 Pin=S23-2
Added Net: Name=LED An4
Added Pin To Net: NetName=LED An5 Pin=S24-2
Added Pin To Net: NetName=LED An5 Pin=S25-2
Added Pin To Net: NetName=LED An5 Pin=S26-2
Added Pin To Net: NetName=LED An5 Pin=S27-2
Added Net: Name=LED An5
Added Pin To Net: NetName=LED Ca0 Pin=S1-4
Added Pin To Net: NetName=LED Ca0 Pin=S6-4
Added Pin To Net: NetName=LED Ca0 Pin=S11-4
Added Pin To Net: NetName=LED Ca0 Pin=S15-4
Added Pin To Net: NetName=LED Ca0 Pin=S20-4
Added Pin To Net: NetName=LED Ca0 Pin=S24-4
Added Pin To Net: NetName=LED Ca0 Pin=T13-3
Added Net: Name=LED Ca0
Added Pin To Net: NetName=LED Ca1 Pin=S1-3
Added Pin To Net: NetName=LED Ca1 Pin=S6-3
Added Pin To Net: NetName=LED Ca1 Pin=S11-3
Added Pin To Net: NetName=LED Ca1 Pin=S15-3
Added Pin To Net: NetName=LED Ca1 Pin=S20-3
Added Pin To Net: NetName=LED Ca1 Pin=S24-3
Added Pin To Net: NetName=LED Ca1 Pin=T10-3
Added Net: Name=LED Ca1
Added Pin To Net: NetName=LED Ca2 Pin=S1-1
Added Pin To Net: NetName=LED Ca2 Pin=S6-1
Added Pin To Net: NetName=LED Ca2 Pin=S11-1
Added Pin To Net: NetName=LED Ca2 Pin=S15-1
Added Pin To Net: NetName=LED Ca2 Pin=S20-1
Added Pin To Net: NetName=LED Ca2 Pin=S24-1
Added Pin To Net: NetName=LED Ca2 Pin=T7-3
Added Net: Name=LED Ca2
Added Pin To Net: NetName=LED Ca3 Pin=S2-4
Added Pin To Net: NetName=LED Ca3 Pin=S7-4
Added Pin To Net: NetName=LED Ca3 Pin=S12-4
Added Pin To Net: NetName=LED Ca3 Pin=S16-4
Added Pin To Net: NetName=LED Ca3 Pin=S21-4
Added Pin To Net: NetName=LED Ca3 Pin=T4-3
Added Net: Name=LED Ca3
Added Pin To Net: NetName=LED Ca4 Pin=S2-3
Added Pin To Net: NetName=LED Ca4 Pin=S7-3
Added Pin To Net: NetName=LED Ca4 Pin=S12-3
Added Pin To Net: NetName=LED Ca4 Pin=S16-3
Added Pin To Net: NetName=LED Ca4 Pin=S21-3
Added Pin To Net: NetName=LED Ca4 Pin=T1-3
Added Net: Name=LED Ca4
Added Pin To Net: NetName=LED Ca5 Pin=S2-1
Added Pin To Net: NetName=LED Ca5 Pin=S7-1
Added Pin To Net: NetName=LED Ca5 Pin=S12-1
Added Pin To Net: NetName=LED Ca5 Pin=S16-1
Added Pin To Net: NetName=LED Ca5 Pin=S21-1
Added Pin To Net: NetName=LED Ca5 Pin=T2-3
Added Net: Name=LED Ca5
Added Pin To Net: NetName=LED Ca6 Pin=S3-4
Added Pin To Net: NetName=LED Ca6 Pin=S8-4
Added Pin To Net: NetName=LED Ca6 Pin=S13-4
Added Pin To Net: NetName=LED Ca6 Pin=S17-4
Added Pin To Net: NetName=LED Ca6 Pin=S22-4
Added Pin To Net: NetName=LED Ca6 Pin=S25-4
Added Pin To Net: NetName=LED Ca6 Pin=T5-3
Added Net: Name=LED Ca6
Added Pin To Net: NetName=LED Ca7 Pin=S3-3
Added Pin To Net: NetName=LED Ca7 Pin=S8-3
Added Pin To Net: NetName=LED Ca7 Pin=S13-3
Added Pin To Net: NetName=LED Ca7 Pin=S17-3
Added Pin To Net: NetName=LED Ca7 Pin=S22-3
Added Pin To Net: NetName=LED Ca7 Pin=S25-3
Added Pin To Net: NetName=LED Ca7 Pin=T8-3
Added Net: Name=LED Ca7
Added Pin To Net: NetName=LED Ca8 Pin=S3-1
Added Pin To Net: NetName=LED Ca8 Pin=S8-1
Added Pin To Net: NetName=LED Ca8 Pin=S13-1
Added Pin To Net: NetName=LED Ca8 Pin=S17-1
Added Pin To Net: NetName=LED Ca8 Pin=S22-1
Added Pin To Net: NetName=LED Ca8 Pin=S25-1
Added Pin To Net: NetName=LED Ca8 Pin=T11-3
Added Net: Name=LED Ca8
Added Pin To Net: NetName=LED Ca9 Pin=S4-4
Added Pin To Net: NetName=LED Ca9 Pin=S9-4
Added Pin To Net: NetName=LED Ca9 Pin=S14-4
Added Pin To Net: NetName=LED Ca9 Pin=S18-4
Added Pin To Net: NetName=LED Ca9 Pin=S23-4
Added Pin To Net: NetName=LED Ca9 Pin=S26-4
Added Pin To Net: NetName=LED Ca9 Pin=T14-3
Added Net: Name=LED Ca9
Added Pin To Net: NetName=LED Ca10 Pin=S4-3
Added Pin To Net: NetName=LED Ca10 Pin=S9-3
Added Pin To Net: NetName=LED Ca10 Pin=S14-3
Added Pin To Net: NetName=LED Ca10 Pin=S18-3
Added Pin To Net: NetName=LED Ca10 Pin=S23-3
Added Pin To Net: NetName=LED Ca10 Pin=S26-3
Added Pin To Net: NetName=LED Ca10 Pin=T15-3
Added Net: Name=LED Ca10
Added Pin To Net: NetName=LED Ca11 Pin=S4-1
Added Pin To Net: NetName=LED Ca11 Pin=S9-1
Added Pin To Net: NetName=LED Ca11 Pin=S14-1
Added Pin To Net: NetName=LED Ca11 Pin=S18-1
Added Pin To Net: NetName=LED Ca11 Pin=S23-1
Added Pin To Net: NetName=LED Ca11 Pin=S26-1
Added Pin To Net: NetName=LED Ca11 Pin=T12-3
Added Net: Name=LED Ca11
Added Pin To Net: NetName=LED Ca12 Pin=S5-4
Added Pin To Net: NetName=LED Ca12 Pin=S10-4
Added Pin To Net: NetName=LED Ca12 Pin=S19-4
Added Pin To Net: NetName=LED Ca12 Pin=S27-4
Added Pin To Net: NetName=LED Ca12 Pin=T9-3
Added Net: Name=LED Ca12
Added Pin To Net: NetName=LED Ca13 Pin=S5-3
Added Pin To Net: NetName=LED Ca13 Pin=S10-3
Added Pin To Net: NetName=LED Ca13 Pin=S19-3
Added Pin To Net: NetName=LED Ca13 Pin=S27-3
Added Pin To Net: NetName=LED Ca13 Pin=T6-3
Added Net: Name=LED Ca13
Added Pin To Net: NetName=LED Ca14 Pin=S5-1
Added Pin To Net: NetName=LED Ca14 Pin=S10-1
Added Pin To Net: NetName=LED Ca14 Pin=S19-1
Added Pin To Net: NetName=LED Ca14 Pin=S27-1
Added Pin To Net: NetName=LED Ca14 Pin=T3-3
Added Net: Name=LED Ca14
Added Pin To Net: NetName=LS0 Pin=R3-2
Added Pin To Net: NetName=LS0 Pin=T1-1
Added Net: Name=LS0
Added Pin To Net: NetName=LS1 Pin=R4-2
Added Pin To Net: NetName=LS1 Pin=T4-1
Added Net: Name=LS1
Added Pin To Net: NetName=LS2 Pin=R5-2
Added Pin To Net: NetName=LS2 Pin=T7-1
Added Net: Name=LS2
Added Pin To Net: NetName=LS3 Pin=R6-2
Added Pin To Net: NetName=LS3 Pin=T10-1
Added Net: Name=LS3
Added Pin To Net: NetName=LS4 Pin=R7-2
Added Pin To Net: NetName=LS4 Pin=T13-1
Added Net: Name=LS4
Added Pin To Net: NetName=LS5 Pin=R9-2
Added Pin To Net: NetName=LS5 Pin=T2-1
Added Net: Name=LS5
Added Pin To Net: NetName=LS6 Pin=R10-2
Added Pin To Net: NetName=LS6 Pin=T5-1
Added Net: Name=LS6
Added Pin To Net: NetName=LS7 Pin=R8-1
Added Pin To Net: NetName=LS7 Pin=T8-1
Added Net: Name=LS7
Added Pin To Net: NetName=LS8 Pin=R11-2
Added Pin To Net: NetName=LS8 Pin=T11-1
Added Net: Name=LS8
Added Pin To Net: NetName=LS9 Pin=R12-2
Added Pin To Net: NetName=LS9 Pin=T14-1
Added Net: Name=LS9
Added Pin To Net: NetName=LS10 Pin=R13-2
Added Pin To Net: NetName=LS10 Pin=T3-1
Added Net: Name=LS10
Added Pin To Net: NetName=LS11 Pin=R14-2
Added Pin To Net: NetName=LS11 Pin=T6-1
Added Net: Name=LS11
Added Pin To Net: NetName=LS12 Pin=R15-2
Added Pin To Net: NetName=LS12 Pin=T9-1
Added Net: Name=LS12
Added Pin To Net: NetName=LS13 Pin=R16-2
Added Pin To Net: NetName=LS13 Pin=T12-1
Added Net: Name=LS13
Added Pin To Net: NetName=LS14 Pin=R17-2
Added Pin To Net: NetName=LS14 Pin=T15-1
Added Net: Name=LS14
Added Pin To Net: NetName=LSG0 Pin=P1-9
Added Pin To Net: NetName=LSG0 Pin=U2-1
Added Net: Name=LSG0
Added Pin To Net: NetName=LSG1 Pin=P1-8
Added Pin To Net: NetName=LSG1 Pin=U2-2
Added Net: Name=LSG1
Added Pin To Net: NetName=LSG2 Pin=P1-7
Added Pin To Net: NetName=LSG2 Pin=U2-3
Added Net: Name=LSG2
Added Pin To Net: NetName=NetD1_An Pin=D1-An
Added Pin To Net: NetName=NetD1_An Pin=S1-6
Added Net: Name=NetD1_An
Added Pin To Net: NetName=NetD2_An Pin=D2-An
Added Pin To Net: NetName=NetD2_An Pin=S2-6
Added Net: Name=NetD2_An
Added Pin To Net: NetName=NetD3_An Pin=D3-An
Added Pin To Net: NetName=NetD3_An Pin=S3-6
Added Net: Name=NetD3_An
Added Pin To Net: NetName=NetD4_An Pin=D4-An
Added Pin To Net: NetName=NetD4_An Pin=S4-6
Added Net: Name=NetD4_An
Added Pin To Net: NetName=NetD5_An Pin=D5-An
Added Pin To Net: NetName=NetD5_An Pin=S5-6
Added Net: Name=NetD5_An
Added Pin To Net: NetName=NetD6_An Pin=D6-An
Added Pin To Net: NetName=NetD6_An Pin=S6-6
Added Net: Name=NetD6_An
Added Pin To Net: NetName=NetD7_An Pin=D7-An
Added Pin To Net: NetName=NetD7_An Pin=S7-6
Added Net: Name=NetD7_An
Added Pin To Net: NetName=NetD8_An Pin=D8-An
Added Pin To Net: NetName=NetD8_An Pin=S8-6
Added Net: Name=NetD8_An
Added Pin To Net: NetName=NetD9_An Pin=D9-An
Added Pin To Net: NetName=NetD9_An Pin=S9-6
Added Net: Name=NetD9_An
Added Pin To Net: NetName=NetD10_An Pin=D10-An
Added Pin To Net: NetName=NetD10_An Pin=S10-6
Added Net: Name=NetD10_An
Added Pin To Net: NetName=NetD11_An Pin=D11-An
Added Pin To Net: NetName=NetD11_An Pin=S11-6
Added Net: Name=NetD11_An
Added Pin To Net: NetName=NetD12_An Pin=D12-An
Added Pin To Net: NetName=NetD12_An Pin=S12-6
Added Net: Name=NetD12_An
Added Pin To Net: NetName=NetD13_An Pin=D13-An
Added Pin To Net: NetName=NetD13_An Pin=S13-6
Added Net: Name=NetD13_An
Added Pin To Net: NetName=NetD14_An Pin=D14-An
Added Pin To Net: NetName=NetD14_An Pin=S14-6
Added Net: Name=NetD14_An
Added Pin To Net: NetName=NetD15_An Pin=D15-An
Added Pin To Net: NetName=NetD15_An Pin=S15-6
Added Net: Name=NetD15_An
Added Pin To Net: NetName=NetD16_An Pin=D16-An
Added Pin To Net: NetName=NetD16_An Pin=S16-6
Added Net: Name=NetD16_An
Added Pin To Net: NetName=NetD17_An Pin=D17-An
Added Pin To Net: NetName=NetD17_An Pin=S17-6
Added Net: Name=NetD17_An
Added Pin To Net: NetName=NetD18_An Pin=D18-An
Added Pin To Net: NetName=NetD18_An Pin=S18-6
Added Net: Name=NetD18_An
Added Pin To Net: NetName=NetD19_An Pin=D19-An
Added Pin To Net: NetName=NetD19_An Pin=S19-6
Added Net: Name=NetD19_An
Added Pin To Net: NetName=NetD20_An Pin=D20-An
Added Pin To Net: NetName=NetD20_An Pin=S20-6
Added Net: Name=NetD20_An
Added Pin To Net: NetName=NetD21_An Pin=D21-An
Added Pin To Net: NetName=NetD21_An Pin=S21-6
Added Net: Name=NetD21_An
Added Pin To Net: NetName=NetD22_An Pin=D22-An
Added Pin To Net: NetName=NetD22_An Pin=S22-6
Added Net: Name=NetD22_An
Added Pin To Net: NetName=NetD23_An Pin=D23-An
Added Pin To Net: NetName=NetD23_An Pin=S23-6
Added Net: Name=NetD23_An
Added Pin To Net: NetName=NetD24_An Pin=D24-An
Added Pin To Net: NetName=NetD24_An Pin=S24-6
Added Net: Name=NetD24_An
Added Pin To Net: NetName=NetD25_An Pin=D25-An
Added Pin To Net: NetName=NetD25_An Pin=S25-6
Added Net: Name=NetD25_An
Added Pin To Net: NetName=NetD26_An Pin=D26-An
Added Pin To Net: NetName=NetD26_An Pin=S26-6
Added Net: Name=NetD26_An
Added Pin To Net: NetName=NetD27_An Pin=D27-An
Added Pin To Net: NetName=NetD27_An Pin=S27-6
Added Net: Name=NetD27_An
Added Pin To Net: NetName=NetR1_1 Pin=R1-1
Added Pin To Net: NetName=NetR1_1 Pin=T16-1
Added Pin To Net: NetName=NetR1_1 Pin=T17-3
Added Net: Name=NetR1_1
Added Pin To Net: NetName=NetR2_2 Pin=R2-2
Added Pin To Net: NetName=NetR2_2 Pin=T16-2
Added Pin To Net: NetName=NetR2_2 Pin=T17-1
Added Net: Name=NetR2_2
Added Pin To Net: NetName=NetR3_1 Pin=R3-1
Added Pin To Net: NetName=NetR3_1 Pin=U1-15
Added Net: Name=NetR3_1
Added Pin To Net: NetName=NetR4_1 Pin=R4-1
Added Pin To Net: NetName=NetR4_1 Pin=U1-14
Added Net: Name=NetR4_1
Added Pin To Net: NetName=NetR5_1 Pin=R5-1
Added Pin To Net: NetName=NetR5_1 Pin=U1-13
Added Net: Name=NetR5_1
Added Pin To Net: NetName=NetR6_1 Pin=R6-1
Added Pin To Net: NetName=NetR6_1 Pin=U1-12
Added Net: Name=NetR6_1
Added Pin To Net: NetName=NetR7_1 Pin=R7-1
Added Pin To Net: NetName=NetR7_1 Pin=U1-11
Added Net: Name=NetR7_1
Added Pin To Net: NetName=NetR8_2 Pin=R8-2
Added Pin To Net: NetName=NetR8_2 Pin=U1-7
Added Net: Name=NetR8_2
Added Pin To Net: NetName=NetR9_1 Pin=R9-1
Added Pin To Net: NetName=NetR9_1 Pin=U1-10
Added Net: Name=NetR9_1
Added Pin To Net: NetName=NetR10_1 Pin=R10-1
Added Pin To Net: NetName=NetR10_1 Pin=U1-9
Added Net: Name=NetR10_1
Added Pin To Net: NetName=NetR11_1 Pin=R11-1
Added Pin To Net: NetName=NetR11_1 Pin=U3-15
Added Net: Name=NetR11_1
Added Pin To Net: NetName=NetR12_1 Pin=R12-1
Added Pin To Net: NetName=NetR12_1 Pin=U3-14
Added Net: Name=NetR12_1
Added Pin To Net: NetName=NetR13_1 Pin=R13-1
Added Pin To Net: NetName=NetR13_1 Pin=U3-13
Added Net: Name=NetR13_1
Added Pin To Net: NetName=NetR14_1 Pin=R14-1
Added Pin To Net: NetName=NetR14_1 Pin=U3-12
Added Net: Name=NetR14_1
Added Pin To Net: NetName=NetR15_1 Pin=R15-1
Added Pin To Net: NetName=NetR15_1 Pin=U3-11
Added Net: Name=NetR15_1
Added Pin To Net: NetName=NetR16_1 Pin=R16-1
Added Pin To Net: NetName=NetR16_1 Pin=U3-10
Added Net: Name=NetR16_1
Added Pin To Net: NetName=NetR17_1 Pin=R17-1
Added Pin To Net: NetName=NetR17_1 Pin=U3-9
Added Net: Name=NetR17_1
Added Pin To Net: NetName=NetR18_1 Pin=R18-1
Added Pin To Net: NetName=NetR18_1 Pin=U2-15
Added Net: Name=NetR18_1
Added Pin To Net: NetName=NetR19_1 Pin=R19-1
Added Pin To Net: NetName=NetR19_1 Pin=U2-14
Added Net: Name=NetR19_1
Added Pin To Net: NetName=NetR20_1 Pin=R20-1
Added Pin To Net: NetName=NetR20_1 Pin=U2-13
Added Net: Name=NetR20_1
Added Pin To Net: NetName=NetR21_1 Pin=R21-1
Added Pin To Net: NetName=NetR21_1 Pin=U2-12
Added Net: Name=NetR21_1
Added Pin To Net: NetName=NetR22_1 Pin=R22-1
Added Pin To Net: NetName=NetR22_1 Pin=U2-11
Added Net: Name=NetR22_1
Added Pin To Net: NetName=NetR23_1 Pin=R23-1
Added Pin To Net: NetName=NetR23_1 Pin=U2-10
Added Net: Name=NetR23_1
Added Pin To Net: NetName=NetT1_2 Pin=T1-2
Added Pin To Net: NetName=NetT1_2 Pin=T2-2
Added Pin To Net: NetName=NetT1_2 Pin=T3-2
Added Pin To Net: NetName=NetT1_2 Pin=T4-2
Added Pin To Net: NetName=NetT1_2 Pin=T5-2
Added Pin To Net: NetName=NetT1_2 Pin=T6-2
Added Pin To Net: NetName=NetT1_2 Pin=T7-2
Added Pin To Net: NetName=NetT1_2 Pin=T8-2
Added Pin To Net: NetName=NetT1_2 Pin=T9-2
Added Pin To Net: NetName=NetT1_2 Pin=T10-2
Added Pin To Net: NetName=NetT1_2 Pin=T11-2
Added Pin To Net: NetName=NetT1_2 Pin=T12-2
Added Pin To Net: NetName=NetT1_2 Pin=T13-2
Added Pin To Net: NetName=NetT1_2 Pin=T14-2
Added Pin To Net: NetName=NetT1_2 Pin=T15-2
Added Pin To Net: NetName=NetT1_2 Pin=T16-3
Added Net: Name=NetT1_2
Added Pin To Net: NetName=SWH0 Pin=S1-5
Added Pin To Net: NetName=SWH0 Pin=S2-5
Added Pin To Net: NetName=SWH0 Pin=S3-5
Added Pin To Net: NetName=SWH0 Pin=S4-5
Added Pin To Net: NetName=SWH0 Pin=S5-5
Added Net: Name=SWH0
Added Pin To Net: NetName=SWH1 Pin=S6-5
Added Pin To Net: NetName=SWH1 Pin=S7-5
Added Pin To Net: NetName=SWH1 Pin=S8-5
Added Pin To Net: NetName=SWH1 Pin=S9-5
Added Pin To Net: NetName=SWH1 Pin=S10-5
Added Net: Name=SWH1
Added Pin To Net: NetName=SWH2 Pin=S11-5
Added Pin To Net: NetName=SWH2 Pin=S12-5
Added Pin To Net: NetName=SWH2 Pin=S13-5
Added Pin To Net: NetName=SWH2 Pin=S14-5
Added Net: Name=SWH2
Added Pin To Net: NetName=SWH3 Pin=S15-5
Added Pin To Net: NetName=SWH3 Pin=S16-5
Added Pin To Net: NetName=SWH3 Pin=S17-5
Added Pin To Net: NetName=SWH3 Pin=S18-5
Added Pin To Net: NetName=SWH3 Pin=S19-5
Added Net: Name=SWH3
Added Pin To Net: NetName=SWH4 Pin=S20-5
Added Pin To Net: NetName=SWH4 Pin=S21-5
Added Pin To Net: NetName=SWH4 Pin=S22-5
Added Pin To Net: NetName=SWH4 Pin=S23-5
Added Net: Name=SWH4
Added Pin To Net: NetName=SWH5 Pin=S24-5
Added Pin To Net: NetName=SWH5 Pin=S25-5
Added Pin To Net: NetName=SWH5 Pin=S26-5
Added Pin To Net: NetName=SWH5 Pin=S27-5
Added Net: Name=SWH5
Added Pin To Net: NetName=SWL0 Pin=D1-Ca
Added Pin To Net: NetName=SWL0 Pin=D6-Ca
Added Pin To Net: NetName=SWL0 Pin=D11-Ca
Added Pin To Net: NetName=SWL0 Pin=D15-Ca
Added Pin To Net: NetName=SWL0 Pin=D20-Ca
Added Pin To Net: NetName=SWL0 Pin=D24-Ca
Added Net: Name=SWL0
Added Pin To Net: NetName=SWL1 Pin=D2-Ca
Added Pin To Net: NetName=SWL1 Pin=D21-Ca
Added Net: Name=SWL1
Added Pin To Net: NetName=SWL2 Pin=D3-Ca
Added Pin To Net: NetName=SWL2 Pin=D8-Ca
Added Pin To Net: NetName=SWL2 Pin=D13-Ca
Added Pin To Net: NetName=SWL2 Pin=D17-Ca
Added Pin To Net: NetName=SWL2 Pin=D22-Ca
Added Pin To Net: NetName=SWL2 Pin=D25-Ca
Added Net: Name=SWL2
Added Pin To Net: NetName=SWL3 Pin=D4-Ca
Added Pin To Net: NetName=SWL3 Pin=D9-Ca
Added Pin To Net: NetName=SWL3 Pin=D14-Ca
Added Pin To Net: NetName=SWL3 Pin=D18-Ca
Added Pin To Net: NetName=SWL3 Pin=D23-Ca
Added Pin To Net: NetName=SWL3 Pin=D26-Ca
Added Net: Name=SWL3
Added Pin To Net: NetName=SWL4 Pin=D5-Ca
Added Pin To Net: NetName=SWL4 Pin=D10-Ca
Added Pin To Net: NetName=SWL4 Pin=D19-Ca
Added Pin To Net: NetName=SWL4 Pin=D27-Ca
Added Net: Name=SWL4
Added Class: Name=Designator
Added Class: Name=LED Driver and Switch Breakout
Added Class: Name=HS[5..0]
Added Class: Name=HSG[3..0]
Added Class: Name=LED An[5..0]
Added Class: Name=LED Ca[14..0]
Added Class: Name=LS[14..0]
Added Class: Name=LSG[2..0]
Added Class: Name=SWH[5..0]
Added Class: Name=SWL[4..0]
Added Room: Name=Designator
Added Room: Name=LED Driver and Switch Breakout
