Replace Part D1 C2128 Diode in C:\Users\ethan\Documents\GitHub\Big-Crete-Calculator\Hardware\Big Crete Calculator\LED Driver and Switches.SchDoc with C2128 Diode from 2020-09-26_17-27-19.SchLib
Replace Part D2 C2128 Diode in C:\Users\ethan\Documents\GitHub\Big-Crete-Calculator\Hardware\Big Crete Calculator\LED Driver and Switches.SchDoc with C2128 Diode from 2020-09-26_17-27-19.SchLib
Replace Part D3 C2128 Diode in C:\Users\ethan\Documents\GitHub\Big-Crete-Calculator\Hardware\Big Crete Calculator\LED Driver and Switches.SchDoc with C2128 Diode from 2020-09-26_17-27-19.SchLib
Replace Part D4 C2128 Diode in C:\Users\ethan\Documents\GitHub\Big-Crete-Calculator\Hardware\Big Crete Calculator\LED Driver and Switches.SchDoc with C2128 Diode from 2020-09-26_17-27-19.SchLib
Replace Part D5 C2128 Diode in C:\Users\ethan\Documents\GitHub\Big-Crete-Calculator\Hardware\Big Crete Calculator\LED Driver and Switches.SchDoc with C2128 Diode from 2020-09-26_17-27-19.SchLib
Replace Part D6 C2128 Diode in C:\Users\ethan\Documents\GitHub\Big-Crete-Calculator\Hardware\Big Crete Calculator\LED Driver and Switches.SchDoc with C2128 Diode from 2020-09-26_17-27-19.SchLib
Replace Part D7 C2128 Diode in C:\Users\ethan\Documents\GitHub\Big-Crete-Calculator\Hardware\Big Crete Calculator\LED Driver and Switches.SchDoc with C2128 Diode from 2020-09-26_17-27-19.SchLib
Replace Part D8 C2128 Diode in C:\Users\ethan\Documents\GitHub\Big-Crete-Calculator\Hardware\Big Crete Calculator\LED Driver and Switches.SchDoc with C2128 Diode from 2020-09-26_17-27-19.SchLib
Replace Part D9 C2128 Diode in C:\Users\ethan\Documents\GitHub\Big-Crete-Calculator\Hardware\Big Crete Calculator\LED Driver and Switches.SchDoc with C2128 Diode from 2020-09-26_17-27-19.SchLib
Replace Part D10 C2128 Diode in C:\Users\ethan\Documents\GitHub\Big-Crete-Calculator\Hardware\Big Crete Calculator\LED Driver and Switches.SchDoc with C2128 Diode from 2020-09-26_17-27-19.SchLib
Replace Part D11 C2128 Diode in C:\Users\ethan\Documents\GitHub\Big-Crete-Calculator\Hardware\Big Crete Calculator\LED Driver and Switches.SchDoc with C2128 Diode from 2020-09-26_17-27-19.SchLib
Replace Part D12 C2128 Diode in C:\Users\ethan\Documents\GitHub\Big-Crete-Calculator\Hardware\Big Crete Calculator\LED Driver and Switches.SchDoc with C2128 Diode from 2020-09-26_17-27-19.SchLib
Replace Part D13 C2128 Diode in C:\Users\ethan\Documents\GitHub\Big-Crete-Calculator\Hardware\Big Crete Calculator\LED Driver and Switches.SchDoc with C2128 Diode from 2020-09-26_17-27-19.SchLib
Replace Part D14 C2128 Diode in C:\Users\ethan\Documents\GitHub\Big-Crete-Calculator\Hardware\Big Crete Calculator\LED Driver and Switches.SchDoc with C2128 Diode from 2020-09-26_17-27-19.SchLib
Replace Part D15 C2128 Diode in C:\Users\ethan\Documents\GitHub\Big-Crete-Calculator\Hardware\Big Crete Calculator\LED Driver and Switches.SchDoc with C2128 Diode from 2020-09-26_17-27-19.SchLib
Replace Part D16 C2128 Diode in C:\Users\ethan\Documents\GitHub\Big-Crete-Calculator\Hardware\Big Crete Calculator\LED Driver and Switches.SchDoc with C2128 Diode from 2020-09-26_17-27-19.SchLib
Replace Part D17 C2128 Diode in C:\Users\ethan\Documents\GitHub\Big-Crete-Calculator\Hardware\Big Crete Calculator\LED Driver and Switches.SchDoc with C2128 Diode from 2020-09-26_17-27-19.SchLib
Replace Part D18 C2128 Diode in C:\Users\ethan\Documents\GitHub\Big-Crete-Calculator\Hardware\Big Crete Calculator\LED Driver and Switches.SchDoc with C2128 Diode from 2020-09-26_17-27-19.SchLib
Replace Part D19 C2128 Diode in C:\Users\ethan\Documents\GitHub\Big-Crete-Calculator\Hardware\Big Crete Calculator\LED Driver and Switches.SchDoc with C2128 Diode from 2020-09-26_17-27-19.SchLib
Replace Part D20 C2128 Diode in C:\Users\ethan\Documents\GitHub\Big-Crete-Calculator\Hardware\Big Crete Calculator\LED Driver and Switches.SchDoc with C2128 Diode from 2020-09-26_17-27-19.SchLib
Replace Part D21 C2128 Diode in C:\Users\ethan\Documents\GitHub\Big-Crete-Calculator\Hardware\Big Crete Calculator\LED Driver and Switches.SchDoc with C2128 Diode from 2020-09-26_17-27-19.SchLib
Replace Part D22 C2128 Diode in C:\Users\ethan\Documents\GitHub\Big-Crete-Calculator\Hardware\Big Crete Calculator\LED Driver and Switches.SchDoc with C2128 Diode from 2020-09-26_17-27-19.SchLib
Replace Part D23 C2128 Diode in C:\Users\ethan\Documents\GitHub\Big-Crete-Calculator\Hardware\Big Crete Calculator\LED Driver and Switches.SchDoc with C2128 Diode from 2020-09-26_17-27-19.SchLib
Replace Part D24 C2128 Diode in C:\Users\ethan\Documents\GitHub\Big-Crete-Calculator\Hardware\Big Crete Calculator\LED Driver and Switches.SchDoc with C2128 Diode from 2020-09-26_17-27-19.SchLib
Replace Part D25 C2128 Diode in C:\Users\ethan\Documents\GitHub\Big-Crete-Calculator\Hardware\Big Crete Calculator\LED Driver and Switches.SchDoc with C2128 Diode from 2020-09-26_17-27-19.SchLib
Replace Part D26 C2128 Diode in C:\Users\ethan\Documents\GitHub\Big-Crete-Calculator\Hardware\Big Crete Calculator\LED Driver and Switches.SchDoc with C2128 Diode from 2020-09-26_17-27-19.SchLib
Replace Part D27 C2128 Diode in C:\Users\ethan\Documents\GitHub\Big-Crete-Calculator\Hardware\Big Crete Calculator\LED Driver and Switches.SchDoc with C2128 Diode from 2020-09-26_17-27-19.SchLib
Replace Part R1 Res1 in C:\Users\ethan\Documents\GitHub\Big-Crete-Calculator\Hardware\Big Crete Calculator\LED Driver and Switches.SchDoc with Res1 from Miscellaneous Devices.IntLib
Replace Part R2 Res1 in C:\Users\ethan\Documents\GitHub\Big-Crete-Calculator\Hardware\Big Crete Calculator\LED Driver and Switches.SchDoc with Res1 from Miscellaneous Devices.IntLib
Replace Part R3 Res3 in C:\Users\ethan\Documents\GitHub\Big-Crete-Calculator\Hardware\Big Crete Calculator\LED Driver and Switches.SchDoc with Res3 from Miscellaneous Devices.IntLib
Replace Part R4 Res3 in C:\Users\ethan\Documents\GitHub\Big-Crete-Calculator\Hardware\Big Crete Calculator\LED Driver and Switches.SchDoc with Res3 from Miscellaneous Devices.IntLib
Replace Part R5 Res3 in C:\Users\ethan\Documents\GitHub\Big-Crete-Calculator\Hardware\Big Crete Calculator\LED Driver and Switches.SchDoc with Res3 from Miscellaneous Devices.IntLib
Replace Part R6 Res3 in C:\Users\ethan\Documents\GitHub\Big-Crete-Calculator\Hardware\Big Crete Calculator\LED Driver and Switches.SchDoc with Res3 from Miscellaneous Devices.IntLib
Replace Part R7 Res3 in C:\Users\ethan\Documents\GitHub\Big-Crete-Calculator\Hardware\Big Crete Calculator\LED Driver and Switches.SchDoc with Res3 from Miscellaneous Devices.IntLib
Replace Part R8 Res3 in C:\Users\ethan\Documents\GitHub\Big-Crete-Calculator\Hardware\Big Crete Calculator\LED Driver and Switches.SchDoc with Res3 from Miscellaneous Devices.IntLib
Replace Part R9 Res3 in C:\Users\ethan\Documents\GitHub\Big-Crete-Calculator\Hardware\Big Crete Calculator\LED Driver and Switches.SchDoc with Res3 from Miscellaneous Devices.IntLib
Replace Part R10 Res3 in C:\Users\ethan\Documents\GitHub\Big-Crete-Calculator\Hardware\Big Crete Calculator\LED Driver and Switches.SchDoc with Res3 from Miscellaneous Devices.IntLib
Replace Part R11 Res3 in C:\Users\ethan\Documents\GitHub\Big-Crete-Calculator\Hardware\Big Crete Calculator\LED Driver and Switches.SchDoc with Res3 from Miscellaneous Devices.IntLib
Replace Part R12 Res3 in C:\Users\ethan\Documents\GitHub\Big-Crete-Calculator\Hardware\Big Crete Calculator\LED Driver and Switches.SchDoc with Res3 from Miscellaneous Devices.IntLib
Replace Part R13 Res3 in C:\Users\ethan\Documents\GitHub\Big-Crete-Calculator\Hardware\Big Crete Calculator\LED Driver and Switches.SchDoc with Res3 from Miscellaneous Devices.IntLib
Replace Part R14 Res3 in C:\Users\ethan\Documents\GitHub\Big-Crete-Calculator\Hardware\Big Crete Calculator\LED Driver and Switches.SchDoc with Res3 from Miscellaneous Devices.IntLib
Replace Part R15 Res3 in C:\Users\ethan\Documents\GitHub\Big-Crete-Calculator\Hardware\Big Crete Calculator\LED Driver and Switches.SchDoc with Res3 from Miscellaneous Devices.IntLib
Replace Part R16 Res3 in C:\Users\ethan\Documents\GitHub\Big-Crete-Calculator\Hardware\Big Crete Calculator\LED Driver and Switches.SchDoc with Res3 from Miscellaneous Devices.IntLib
Replace Part R17 Res3 in C:\Users\ethan\Documents\GitHub\Big-Crete-Calculator\Hardware\Big Crete Calculator\LED Driver and Switches.SchDoc with Res3 from Miscellaneous Devices.IntLib
Replace Part R18 Res3 in C:\Users\ethan\Documents\GitHub\Big-Crete-Calculator\Hardware\Big Crete Calculator\LED Driver and Switches.SchDoc with Res3 from Miscellaneous Devices.IntLib
Replace Part R19 Res3 in C:\Users\ethan\Documents\GitHub\Big-Crete-Calculator\Hardware\Big Crete Calculator\LED Driver and Switches.SchDoc with Res3 from Miscellaneous Devices.IntLib
Replace Part R20 Res3 in C:\Users\ethan\Documents\GitHub\Big-Crete-Calculator\Hardware\Big Crete Calculator\LED Driver and Switches.SchDoc with Res3 from Miscellaneous Devices.IntLib
Replace Part R21 Res3 in C:\Users\ethan\Documents\GitHub\Big-Crete-Calculator\Hardware\Big Crete Calculator\LED Driver and Switches.SchDoc with Res3 from Miscellaneous Devices.IntLib
Replace Part R22 Res3 in C:\Users\ethan\Documents\GitHub\Big-Crete-Calculator\Hardware\Big Crete Calculator\LED Driver and Switches.SchDoc with Res3 from Miscellaneous Devices.IntLib
Replace Part R23 Res3 in C:\Users\ethan\Documents\GitHub\Big-Crete-Calculator\Hardware\Big Crete Calculator\LED Driver and Switches.SchDoc with Res3 from Miscellaneous Devices.IntLib
Replace Part S1 Gateron Green in C:\Users\ethan\Documents\GitHub\Big-Crete-Calculator\Hardware\Big Crete Calculator\LED Driver and Switches.SchDoc with Gateron Green from 2020-09-26_17-27-19.SchLib
Replace Part S2 Gateron Green in C:\Users\ethan\Documents\GitHub\Big-Crete-Calculator\Hardware\Big Crete Calculator\LED Driver and Switches.SchDoc with Gateron Green from 2020-09-26_17-27-19.SchLib
Replace Part S3 Gateron Green in C:\Users\ethan\Documents\GitHub\Big-Crete-Calculator\Hardware\Big Crete Calculator\LED Driver and Switches.SchDoc with Gateron Green from 2020-09-26_17-27-19.SchLib
Replace Part S4 Gateron Green in C:\Users\ethan\Documents\GitHub\Big-Crete-Calculator\Hardware\Big Crete Calculator\LED Driver and Switches.SchDoc with Gateron Green from 2020-09-26_17-27-19.SchLib
Replace Part S5 Gateron Green in C:\Users\ethan\Documents\GitHub\Big-Crete-Calculator\Hardware\Big Crete Calculator\LED Driver and Switches.SchDoc with Gateron Green from 2020-09-26_17-27-19.SchLib
Replace Part S6 Gateron Green in C:\Users\ethan\Documents\GitHub\Big-Crete-Calculator\Hardware\Big Crete Calculator\LED Driver and Switches.SchDoc with Gateron Green from 2020-09-26_17-27-19.SchLib
Replace Part S7 Gateron Green in C:\Users\ethan\Documents\GitHub\Big-Crete-Calculator\Hardware\Big Crete Calculator\LED Driver and Switches.SchDoc with Gateron Green from 2020-09-26_17-27-19.SchLib
Replace Part S8 Gateron Green in C:\Users\ethan\Documents\GitHub\Big-Crete-Calculator\Hardware\Big Crete Calculator\LED Driver and Switches.SchDoc with Gateron Green from 2020-09-26_17-27-19.SchLib
Replace Part S9 Gateron Green in C:\Users\ethan\Documents\GitHub\Big-Crete-Calculator\Hardware\Big Crete Calculator\LED Driver and Switches.SchDoc with Gateron Green from 2020-09-26_17-27-19.SchLib
Replace Part S10 Gateron Green in C:\Users\ethan\Documents\GitHub\Big-Crete-Calculator\Hardware\Big Crete Calculator\LED Driver and Switches.SchDoc with Gateron Green from 2020-09-26_17-27-19.SchLib
Replace Part S11 Gateron Green in C:\Users\ethan\Documents\GitHub\Big-Crete-Calculator\Hardware\Big Crete Calculator\LED Driver and Switches.SchDoc with Gateron Green from 2020-09-26_17-27-19.SchLib
Replace Part S12 Gateron Green in C:\Users\ethan\Documents\GitHub\Big-Crete-Calculator\Hardware\Big Crete Calculator\LED Driver and Switches.SchDoc with Gateron Green from 2020-09-26_17-27-19.SchLib
Replace Part S13 Gateron Green in C:\Users\ethan\Documents\GitHub\Big-Crete-Calculator\Hardware\Big Crete Calculator\LED Driver and Switches.SchDoc with Gateron Green from 2020-09-26_17-27-19.SchLib
Replace Part S14 Gateron Green in C:\Users\ethan\Documents\GitHub\Big-Crete-Calculator\Hardware\Big Crete Calculator\LED Driver and Switches.SchDoc with Gateron Green from 2020-09-26_17-27-19.SchLib
Replace Part S15 Gateron Green in C:\Users\ethan\Documents\GitHub\Big-Crete-Calculator\Hardware\Big Crete Calculator\LED Driver and Switches.SchDoc with Gateron Green from 2020-09-26_17-27-19.SchLib
Replace Part S16 Gateron Green in C:\Users\ethan\Documents\GitHub\Big-Crete-Calculator\Hardware\Big Crete Calculator\LED Driver and Switches.SchDoc with Gateron Green from 2020-09-26_17-27-19.SchLib
Replace Part S17 Gateron Green in C:\Users\ethan\Documents\GitHub\Big-Crete-Calculator\Hardware\Big Crete Calculator\LED Driver and Switches.SchDoc with Gateron Green from 2020-09-26_17-27-19.SchLib
Replace Part S18 Gateron Green in C:\Users\ethan\Documents\GitHub\Big-Crete-Calculator\Hardware\Big Crete Calculator\LED Driver and Switches.SchDoc with Gateron Green from 2020-09-26_17-27-19.SchLib
Replace Part S19 Gateron Green in C:\Users\ethan\Documents\GitHub\Big-Crete-Calculator\Hardware\Big Crete Calculator\LED Driver and Switches.SchDoc with Gateron Green from 2020-09-26_17-27-19.SchLib
Replace Part S20 Gateron Green in C:\Users\ethan\Documents\GitHub\Big-Crete-Calculator\Hardware\Big Crete Calculator\LED Driver and Switches.SchDoc with Gateron Green from 2020-09-26_17-27-19.SchLib
Replace Part S21 Gateron Green in C:\Users\ethan\Documents\GitHub\Big-Crete-Calculator\Hardware\Big Crete Calculator\LED Driver and Switches.SchDoc with Gateron Green from 2020-09-26_17-27-19.SchLib
Replace Part S22 Gateron Green in C:\Users\ethan\Documents\GitHub\Big-Crete-Calculator\Hardware\Big Crete Calculator\LED Driver and Switches.SchDoc with Gateron Green from 2020-09-26_17-27-19.SchLib
Replace Part S23 Gateron Green in C:\Users\ethan\Documents\GitHub\Big-Crete-Calculator\Hardware\Big Crete Calculator\LED Driver and Switches.SchDoc with Gateron Green from 2020-09-26_17-27-19.SchLib
Replace Part S24 Gateron Green in C:\Users\ethan\Documents\GitHub\Big-Crete-Calculator\Hardware\Big Crete Calculator\LED Driver and Switches.SchDoc with Gateron Green from 2020-09-26_17-27-19.SchLib
Replace Part S25 Gateron Green in C:\Users\ethan\Documents\GitHub\Big-Crete-Calculator\Hardware\Big Crete Calculator\LED Driver and Switches.SchDoc with Gateron Green from 2020-09-26_17-27-19.SchLib
Replace Part S26 Gateron Green in C:\Users\ethan\Documents\GitHub\Big-Crete-Calculator\Hardware\Big Crete Calculator\LED Driver and Switches.SchDoc with Gateron Green from 2020-09-26_17-27-19.SchLib
Replace Part S27 Gateron Green in C:\Users\ethan\Documents\GitHub\Big-Crete-Calculator\Hardware\Big Crete Calculator\LED Driver and Switches.SchDoc with Gateron Green from 2020-09-26_17-27-19.SchLib
Replace Part T1 C344010 NCH MOS in C:\Users\ethan\Documents\GitHub\Big-Crete-Calculator\Hardware\Big Crete Calculator\LED Driver and Switches.SchDoc with C344010 NCH MOS from 2020-09-26_17-27-19.SchLib
Replace Part T2 C344010 NCH MOS in C:\Users\ethan\Documents\GitHub\Big-Crete-Calculator\Hardware\Big Crete Calculator\LED Driver and Switches.SchDoc with C344010 NCH MOS from 2020-09-26_17-27-19.SchLib
Replace Part T3 C344010 NCH MOS in C:\Users\ethan\Documents\GitHub\Big-Crete-Calculator\Hardware\Big Crete Calculator\LED Driver and Switches.SchDoc with C344010 NCH MOS from 2020-09-26_17-27-19.SchLib
Replace Part T4 C344010 NCH MOS in C:\Users\ethan\Documents\GitHub\Big-Crete-Calculator\Hardware\Big Crete Calculator\LED Driver and Switches.SchDoc with C344010 NCH MOS from 2020-09-26_17-27-19.SchLib
Replace Part T5 C344010 NCH MOS in C:\Users\ethan\Documents\GitHub\Big-Crete-Calculator\Hardware\Big Crete Calculator\LED Driver and Switches.SchDoc with C344010 NCH MOS from 2020-09-26_17-27-19.SchLib
Replace Part T6 C344010 NCH MOS in C:\Users\ethan\Documents\GitHub\Big-Crete-Calculator\Hardware\Big Crete Calculator\LED Driver and Switches.SchDoc with C344010 NCH MOS from 2020-09-26_17-27-19.SchLib
Replace Part T7 C344010 NCH MOS in C:\Users\ethan\Documents\GitHub\Big-Crete-Calculator\Hardware\Big Crete Calculator\LED Driver and Switches.SchDoc with C344010 NCH MOS from 2020-09-26_17-27-19.SchLib
Replace Part T8 C344010 NCH MOS in C:\Users\ethan\Documents\GitHub\Big-Crete-Calculator\Hardware\Big Crete Calculator\LED Driver and Switches.SchDoc with C344010 NCH MOS from 2020-09-26_17-27-19.SchLib
Replace Part T9 C344010 NCH MOS in C:\Users\ethan\Documents\GitHub\Big-Crete-Calculator\Hardware\Big Crete Calculator\LED Driver and Switches.SchDoc with C344010 NCH MOS from 2020-09-26_17-27-19.SchLib
Replace Part T10 C344010 NCH MOS in C:\Users\ethan\Documents\GitHub\Big-Crete-Calculator\Hardware\Big Crete Calculator\LED Driver and Switches.SchDoc with C344010 NCH MOS from 2020-09-26_17-27-19.SchLib
Replace Part T11 C344010 NCH MOS in C:\Users\ethan\Documents\GitHub\Big-Crete-Calculator\Hardware\Big Crete Calculator\LED Driver and Switches.SchDoc with C344010 NCH MOS from 2020-09-26_17-27-19.SchLib
Replace Part T12 C344010 NCH MOS in C:\Users\ethan\Documents\GitHub\Big-Crete-Calculator\Hardware\Big Crete Calculator\LED Driver and Switches.SchDoc with C344010 NCH MOS from 2020-09-26_17-27-19.SchLib
Replace Part T13 C344010 NCH MOS in C:\Users\ethan\Documents\GitHub\Big-Crete-Calculator\Hardware\Big Crete Calculator\LED Driver and Switches.SchDoc with C344010 NCH MOS from 2020-09-26_17-27-19.SchLib
Replace Part T14 C344010 NCH MOS in C:\Users\ethan\Documents\GitHub\Big-Crete-Calculator\Hardware\Big Crete Calculator\LED Driver and Switches.SchDoc with C344010 NCH MOS from 2020-09-26_17-27-19.SchLib
Replace Part T15 C344010 NCH MOS in C:\Users\ethan\Documents\GitHub\Big-Crete-Calculator\Hardware\Big Crete Calculator\LED Driver and Switches.SchDoc with C344010 NCH MOS from 2020-09-26_17-27-19.SchLib
Replace Part T16 C6749 NPN BJT in C:\Users\ethan\Documents\GitHub\Big-Crete-Calculator\Hardware\Big Crete Calculator\LED Driver and Switches.SchDoc with C6749 NPN BJT from 2020-09-26_17-27-19.SchLib
Replace Part T17 C6749 NPN BJT in C:\Users\ethan\Documents\GitHub\Big-Crete-Calculator\Hardware\Big Crete Calculator\LED Driver and Switches.SchDoc with C6749 NPN BJT from 2020-09-26_17-27-19.SchLib
Replace Part T18 C15127 PCH MOS in C:\Users\ethan\Documents\GitHub\Big-Crete-Calculator\Hardware\Big Crete Calculator\LED Driver and Switches.SchDoc with C15127 PCH MOS from 2020-09-26_17-27-19.SchLib
Replace Part T19 C15127 PCH MOS in C:\Users\ethan\Documents\GitHub\Big-Crete-Calculator\Hardware\Big Crete Calculator\LED Driver and Switches.SchDoc with C15127 PCH MOS from 2020-09-26_17-27-19.SchLib
Replace Part T20 C15127 PCH MOS in C:\Users\ethan\Documents\GitHub\Big-Crete-Calculator\Hardware\Big Crete Calculator\LED Driver and Switches.SchDoc with C15127 PCH MOS from 2020-09-26_17-27-19.SchLib
Replace Part T21 C15127 PCH MOS in C:\Users\ethan\Documents\GitHub\Big-Crete-Calculator\Hardware\Big Crete Calculator\LED Driver and Switches.SchDoc with C15127 PCH MOS from 2020-09-26_17-27-19.SchLib
Replace Part T22 C15127 PCH MOS in C:\Users\ethan\Documents\GitHub\Big-Crete-Calculator\Hardware\Big Crete Calculator\LED Driver and Switches.SchDoc with C15127 PCH MOS from 2020-09-26_17-27-19.SchLib
Replace Part T23 C15127 PCH MOS in C:\Users\ethan\Documents\GitHub\Big-Crete-Calculator\Hardware\Big Crete Calculator\LED Driver and Switches.SchDoc with C15127 PCH MOS from 2020-09-26_17-27-19.SchLib
Replace Part U1 74HC238 in C:\Users\ethan\Documents\GitHub\Big-Crete-Calculator\Hardware\Big Crete Calculator\LED Driver and Switches.SchDoc with 74HC238 from 2020-09-26_17-27-19.SchLib
Replace Part U2 74HC138 in C:\Users\ethan\Documents\GitHub\Big-Crete-Calculator\Hardware\Big Crete Calculator\LED Driver and Switches.SchDoc with 74HC138 from 2020-09-26_17-27-19.SchLib
Replace Part U3 74HC238 in C:\Users\ethan\Documents\GitHub\Big-Crete-Calculator\Hardware\Big Crete Calculator\LED Driver and Switches.SchDoc with 74HC238 from 2020-09-26_17-27-19.SchLib
