Change Physical Footprint: Designator=D1 Old Footprint=C2128 SOD323 New Footprint=C2128 SOD323
Change Physical Footprint: Designator=D2 Old Footprint=C2128 SOD323 New Footprint=C2128 SOD323
Change Physical Footprint: Designator=D3 Old Footprint=C2128 SOD323 New Footprint=C2128 SOD323
Change Physical Footprint: Designator=D4 Old Footprint=C2128 SOD323 New Footprint=C2128 SOD323
Change Physical Footprint: Designator=D5 Old Footprint=C2128 SOD323 New Footprint=C2128 SOD323
Change Physical Footprint: Designator=D6 Old Footprint=C2128 SOD323 New Footprint=C2128 SOD323
Change Physical Footprint: Designator=D7 Old Footprint=C2128 SOD323 New Footprint=C2128 SOD323
Change Physical Footprint: Designator=D8 Old Footprint=C2128 SOD323 New Footprint=C2128 SOD323
Change Physical Footprint: Designator=D9 Old Footprint=C2128 SOD323 New Footprint=C2128 SOD323
Change Physical Footprint: Designator=D10 Old Footprint=C2128 SOD323 New Footprint=C2128 SOD323
Change Physical Footprint: Designator=D11 Old Footprint=C2128 SOD323 New Footprint=C2128 SOD323
Change Physical Footprint: Designator=D12 Old Footprint=C2128 SOD323 New Footprint=C2128 SOD323
Change Physical Footprint: Designator=D13 Old Footprint=C2128 SOD323 New Footprint=C2128 SOD323
Change Physical Footprint: Designator=D14 Old Footprint=C2128 SOD323 New Footprint=C2128 SOD323
Change Physical Footprint: Designator=D15 Old Footprint=C2128 SOD323 New Footprint=C2128 SOD323
Change Physical Footprint: Designator=D16 Old Footprint=C2128 SOD323 New Footprint=C2128 SOD323
Change Physical Footprint: Designator=D17 Old Footprint=C2128 SOD323 New Footprint=C2128 SOD323
Change Physical Footprint: Designator=D18 Old Footprint=C2128 SOD323 New Footprint=C2128 SOD323
Change Physical Footprint: Designator=D19 Old Footprint=C2128 SOD323 New Footprint=C2128 SOD323
Change Physical Footprint: Designator=D20 Old Footprint=C2128 SOD323 New Footprint=C2128 SOD323
Change Physical Footprint: Designator=D21 Old Footprint=C2128 SOD323 New Footprint=C2128 SOD323
Change Physical Footprint: Designator=D22 Old Footprint=C2128 SOD323 New Footprint=C2128 SOD323
Change Physical Footprint: Designator=D23 Old Footprint=C2128 SOD323 New Footprint=C2128 SOD323
Change Physical Footprint: Designator=D24 Old Footprint=C2128 SOD323 New Footprint=C2128 SOD323
Change Physical Footprint: Designator=D25 Old Footprint=C2128 SOD323 New Footprint=C2128 SOD323
Change Physical Footprint: Designator=D26 Old Footprint=C2128 SOD323 New Footprint=C2128 SOD323
Change Physical Footprint: Designator=D27 Old Footprint=C2128 SOD323 New Footprint=C2128 SOD323
Change Physical Footprint: Designator=P1 Old Footprint=HDR1X9 New Footprint=HDR1X9
Change Physical Footprint: Designator=P2 Old Footprint=HDR1X3 New Footprint=HDR1X3
Change Physical Footprint: Designator=P? Old Footprint=HDR1X11 New Footprint=HDR1X11
Change Physical Footprint: Designator=R1 Old Footprint=AXIAL-0.3 New Footprint=AXIAL-0.3
Change Physical Footprint: Designator=R2 Old Footprint=AXIAL-0.3 New Footprint=AXIAL-0.3
Change Physical Footprint: Designator=R3 Old Footprint=J1-0603 New Footprint=J1-0603
Change Physical Footprint: Designator=R4 Old Footprint=J1-0603 New Footprint=J1-0603
Change Physical Footprint: Designator=R5 Old Footprint=J1-0603 New Footprint=J1-0603
Change Physical Footprint: Designator=R6 Old Footprint=J1-0603 New Footprint=J1-0603
Change Physical Footprint: Designator=R7 Old Footprint=J1-0603 New Footprint=J1-0603
Change Physical Footprint: Designator=R8 Old Footprint=J1-0603 New Footprint=J1-0603
Change Physical Footprint: Designator=R9 Old Footprint=J1-0603 New Footprint=J1-0603
Change Physical Footprint: Designator=R10 Old Footprint=J1-0603 New Footprint=J1-0603
Change Physical Footprint: Designator=R11 Old Footprint=J1-0603 New Footprint=J1-0603
Change Physical Footprint: Designator=R12 Old Footprint=J1-0603 New Footprint=J1-0603
Change Physical Footprint: Designator=R13 Old Footprint=J1-0603 New Footprint=J1-0603
Change Physical Footprint: Designator=R14 Old Footprint=J1-0603 New Footprint=J1-0603
Change Physical Footprint: Designator=R15 Old Footprint=J1-0603 New Footprint=J1-0603
Change Physical Footprint: Designator=R16 Old Footprint=J1-0603 New Footprint=J1-0603
Change Physical Footprint: Designator=R17 Old Footprint=J1-0603 New Footprint=J1-0603
Change Physical Footprint: Designator=R18 Old Footprint=J1-0603 New Footprint=J1-0603
Change Physical Footprint: Designator=R19 Old Footprint=J1-0603 New Footprint=J1-0603
Change Physical Footprint: Designator=R20 Old Footprint=J1-0603 New Footprint=J1-0603
Change Physical Footprint: Designator=R21 Old Footprint=J1-0603 New Footprint=J1-0603
Change Physical Footprint: Designator=R22 Old Footprint=J1-0603 New Footprint=J1-0603
Change Physical Footprint: Designator=R23 Old Footprint=J1-0603 New Footprint=J1-0603
Change Physical Footprint: Designator=S1 Old Footprint=Gateron Green New Footprint=Gateron Green
Change Physical Footprint: Designator=S2 Old Footprint=Gateron Green New Footprint=Gateron Green
Change Physical Footprint: Designator=S3 Old Footprint=Gateron Green New Footprint=Gateron Green
Change Physical Footprint: Designator=S4 Old Footprint=Gateron Green New Footprint=Gateron Green
Change Physical Footprint: Designator=S5 Old Footprint=Gateron Green New Footprint=Gateron Green
Change Physical Footprint: Designator=S6 Old Footprint=Gateron Green New Footprint=Gateron Green
Change Physical Footprint: Designator=S7 Old Footprint=Gateron Green New Footprint=Gateron Green
Change Physical Footprint: Designator=S8 Old Footprint=Gateron Green New Footprint=Gateron Green
Change Physical Footprint: Designator=S9 Old Footprint=Gateron Green New Footprint=Gateron Green
Change Physical Footprint: Designator=S10 Old Footprint=Gateron Green New Footprint=Gateron Green
Change Physical Footprint: Designator=S11 Old Footprint=Gateron Green New Footprint=Gateron Green
Change Physical Footprint: Designator=S12 Old Footprint=Gateron Green New Footprint=Gateron Green
Change Physical Footprint: Designator=S13 Old Footprint=Gateron Green New Footprint=Gateron Green
Change Physical Footprint: Designator=S14 Old Footprint=Gateron Green New Footprint=Gateron Green
Change Physical Footprint: Designator=S15 Old Footprint=Gateron Green New Footprint=Gateron Green
Change Physical Footprint: Designator=S16 Old Footprint=Gateron Green New Footprint=Gateron Green
Change Physical Footprint: Designator=S17 Old Footprint=Gateron Green New Footprint=Gateron Green
Change Physical Footprint: Designator=S18 Old Footprint=Gateron Green New Footprint=Gateron Green
Change Physical Footprint: Designator=S19 Old Footprint=Gateron Green New Footprint=Gateron Green
Change Physical Footprint: Designator=S20 Old Footprint=Gateron Green New Footprint=Gateron Green
Change Physical Footprint: Designator=S21 Old Footprint=Gateron Green New Footprint=Gateron Green
Change Physical Footprint: Designator=S22 Old Footprint=Gateron Green New Footprint=Gateron Green
Change Physical Footprint: Designator=S23 Old Footprint=Gateron Green New Footprint=Gateron Green
Change Physical Footprint: Designator=S24 Old Footprint=Gateron Green New Footprint=Gateron Green
Change Physical Footprint: Designator=S25 Old Footprint=Gateron Green New Footprint=Gateron Green
Change Physical Footprint: Designator=S26 Old Footprint=Gateron Green New Footprint=Gateron Green
Change Physical Footprint: Designator=S27 Old Footprint=Gateron Green New Footprint=Gateron Green
Change Physical Footprint: Designator=T1 Old Footprint=C6749 NPN BJT New Footprint=C6749 NPN BJT
Change Physical Footprint: Designator=T2 Old Footprint=C6749 NPN BJT New Footprint=C6749 NPN BJT
Change Physical Footprint: Designator=T3 Old Footprint=C6749 NPN BJT New Footprint=C6749 NPN BJT
Change Physical Footprint: Designator=T4 Old Footprint=C6749 NPN BJT New Footprint=C6749 NPN BJT
Change Physical Footprint: Designator=T5 Old Footprint=C6749 NPN BJT New Footprint=C6749 NPN BJT
Change Physical Footprint: Designator=T6 Old Footprint=C6749 NPN BJT New Footprint=C6749 NPN BJT
Change Physical Footprint: Designator=T7 Old Footprint=C6749 NPN BJT New Footprint=C6749 NPN BJT
Change Physical Footprint: Designator=T8 Old Footprint=C6749 NPN BJT New Footprint=C6749 NPN BJT
Change Physical Footprint: Designator=T9 Old Footprint=C6749 NPN BJT New Footprint=C6749 NPN BJT
Change Physical Footprint: Designator=T10 Old Footprint=C6749 NPN BJT New Footprint=C6749 NPN BJT
Change Physical Footprint: Designator=T11 Old Footprint=C6749 NPN BJT New Footprint=C6749 NPN BJT
Change Physical Footprint: Designator=T12 Old Footprint=C6749 NPN BJT New Footprint=C6749 NPN BJT
Change Physical Footprint: Designator=T13 Old Footprint=C6749 NPN BJT New Footprint=C6749 NPN BJT
Change Physical Footprint: Designator=T14 Old Footprint=C6749 NPN BJT New Footprint=C6749 NPN BJT
Change Physical Footprint: Designator=T15 Old Footprint=C6749 NPN BJT New Footprint=C6749 NPN BJT
Change Physical Footprint: Designator=T16 Old Footprint=C6749 NPN BJT New Footprint=C6749 NPN BJT
Change Physical Footprint: Designator=T17 Old Footprint=C6749 NPN BJT New Footprint=C6749 NPN BJT
Change Physical Footprint: Designator=T18 Old Footprint=C6749 NPN BJT New Footprint=C6749 NPN BJT
Change Physical Footprint: Designator=T19 Old Footprint=C6749 NPN BJT New Footprint=C6749 NPN BJT
Change Physical Footprint: Designator=T20 Old Footprint=C6749 NPN BJT New Footprint=C6749 NPN BJT
Change Physical Footprint: Designator=T21 Old Footprint=C6749 NPN BJT New Footprint=C6749 NPN BJT
Change Physical Footprint: Designator=T22 Old Footprint=C6749 NPN BJT New Footprint=C6749 NPN BJT
Change Physical Footprint: Designator=T23 Old Footprint=C6749 NPN BJT New Footprint=C6749 NPN BJT
Change Physical Footprint: Designator=U1 Old Footprint=SOIC16 New Footprint=SOIC16
Change Physical Footprint: Designator=U2 Old Footprint=SOIC16 New Footprint=SOIC16
Change Physical Footprint: Designator=U3 Old Footprint=SOIC16 New Footprint=SOIC16
