
*** Running vivado
    with args -log RamInterface.vds -m64 -product Vivado -mode batch -messageDb vivado.pb -notrace -source RamInterface.tcl



****** Vivado v2020.1 (64-bit)
  **** SW Build 2902540 on Wed May 27 19:54:49 MDT 2020
  **** IP Build 2902112 on Wed May 27 22:43:36 MDT 2020
    ** Copyright 1986-2020 Xilinx, Inc. All Rights Reserved.

source RamInterface.tcl -notrace
Command: synth_design -top RamInterface -part xc7a200tfbg484-1
Starting synth_design
Attempting to get a license for feature 'Synthesis' and/or device 'xc7a200t'
INFO: [Common 17-349] Got license for feature 'Synthesis' and/or device 'xc7a200t'
INFO: [Device 21-403] Loading part xc7a200tfbg484-1
INFO: [Synth 8-7079] Multithreading enabled for synth_design using a maximum of 2 processes.
INFO: [Synth 8-7078] Launching helper process for spawning children vivado processes
INFO: [Synth 8-7075] Helper process launched with PID 24216
---------------------------------------------------------------------------------
Starting RTL Elaboration : Time (s): cpu = 00:00:05 ; elapsed = 00:00:05 . Memory (MB): peak = 1106.012 ; gain = 32.055
---------------------------------------------------------------------------------
INFO: [Synth 8-6157] synthesizing module 'RamInterface' [C:/Users/ethan/Documents/GitHub/Big-Crete-Calculator/Digital Designs/Template/Template.srcs/sources_1/new/Ram Interface.v:23]
INFO: [Synth 8-6157] synthesizing module 'RamBuf' [C:/Users/ethan/Documents/GitHub/Big-Crete-Calculator/Digital Designs/Template/Template.runs/synth_1/.Xil/Vivado-28216-Tony-Maloney/realtime/RamBuf_stub.v:5]
INFO: [Synth 8-6155] done synthesizing module 'RamBuf' (1#1) [C:/Users/ethan/Documents/GitHub/Big-Crete-Calculator/Digital Designs/Template/Template.runs/synth_1/.Xil/Vivado-28216-Tony-Maloney/realtime/RamBuf_stub.v:5]
WARNING: [Synth 8-7071] port 'device_temp' of module 'RamBuf' is unconnected for instance 'u_RamBuf' [C:/Users/ethan/Documents/GitHub/Big-Crete-Calculator/Digital Designs/Template/Template.srcs/sources_1/new/Ram Interface.v:73]
WARNING: [Synth 8-7023] instance 'u_RamBuf' of module 'RamBuf' has 39 connections declared, but only 38 given [C:/Users/ethan/Documents/GitHub/Big-Crete-Calculator/Digital Designs/Template/Template.srcs/sources_1/new/Ram Interface.v:73]
INFO: [Synth 8-6155] done synthesizing module 'RamInterface' (2#1) [C:/Users/ethan/Documents/GitHub/Big-Crete-Calculator/Digital Designs/Template/Template.srcs/sources_1/new/Ram Interface.v:23]
---------------------------------------------------------------------------------
Finished RTL Elaboration : Time (s): cpu = 00:00:06 ; elapsed = 00:00:06 . Memory (MB): peak = 1155.594 ; gain = 81.637
---------------------------------------------------------------------------------
---------------------------------------------------------------------------------
Start Handling Custom Attributes
---------------------------------------------------------------------------------
---------------------------------------------------------------------------------
Finished Handling Custom Attributes : Time (s): cpu = 00:00:06 ; elapsed = 00:00:07 . Memory (MB): peak = 1173.504 ; gain = 99.547
---------------------------------------------------------------------------------
---------------------------------------------------------------------------------
Finished RTL Optimization Phase 1 : Time (s): cpu = 00:00:06 ; elapsed = 00:00:07 . Memory (MB): peak = 1173.504 ; gain = 99.547
---------------------------------------------------------------------------------
Netlist sorting complete. Time (s): cpu = 00:00:00 ; elapsed = 00:00:00.013 . Memory (MB): peak = 1173.504 ; gain = 0.000
INFO: [Project 1-570] Preparing netlist for logic optimization

Processing XDC Constraints
Initializing timing engine
Parsing XDC File [c:/Users/ethan/Documents/GitHub/Big-Crete-Calculator/Digital Designs/Template/Template.srcs/sources_1/ip/RamBuf/RamBuf/RamBuf_in_context.xdc] for cell 'u_RamBuf'
WARNING: [Vivado 12-584] No ports matched ''. [c:/Users/ethan/Documents/GitHub/Big-Crete-Calculator/Digital Designs/Template/Template.srcs/sources_1/ip/RamBuf/RamBuf/RamBuf_in_context.xdc:1]
WARNING: [Vivado 12-584] No ports matched ''. [c:/Users/ethan/Documents/GitHub/Big-Crete-Calculator/Digital Designs/Template/Template.srcs/sources_1/ip/RamBuf/RamBuf/RamBuf_in_context.xdc:4]
Finished Parsing XDC File [c:/Users/ethan/Documents/GitHub/Big-Crete-Calculator/Digital Designs/Template/Template.srcs/sources_1/ip/RamBuf/RamBuf/RamBuf_in_context.xdc] for cell 'u_RamBuf'
Completed Processing XDC Constraints

Netlist sorting complete. Time (s): cpu = 00:00:00 ; elapsed = 00:00:00 . Memory (MB): peak = 1208.406 ; gain = 0.000
INFO: [Project 1-111] Unisim Transformation Summary:
No Unisim elements were transformed.

Constraint Validation Runtime : Time (s): cpu = 00:00:00 ; elapsed = 00:00:00.013 . Memory (MB): peak = 1208.406 ; gain = 0.000
---------------------------------------------------------------------------------
Finished Constraint Validation : Time (s): cpu = 00:00:14 ; elapsed = 00:00:15 . Memory (MB): peak = 1208.406 ; gain = 134.449
---------------------------------------------------------------------------------
---------------------------------------------------------------------------------
Start Loading Part and Timing Information
---------------------------------------------------------------------------------
Loading part: xc7a200tfbg484-1
---------------------------------------------------------------------------------
Finished Loading Part and Timing Information : Time (s): cpu = 00:00:14 ; elapsed = 00:00:15 . Memory (MB): peak = 1208.406 ; gain = 134.449
---------------------------------------------------------------------------------
---------------------------------------------------------------------------------
Start Applying 'set_property' XDC Constraints
---------------------------------------------------------------------------------
Applied set_property IO_BUFFER_TYPE = NONE for ddr3_addr[0]. (constraint file  {c:/Users/ethan/Documents/GitHub/Big-Crete-Calculator/Digital Designs/Template/Template.srcs/sources_1/ip/RamBuf/RamBuf/RamBuf_in_context.xdc}, line 5).
Applied set_property CLOCK_BUFFER_TYPE = NONE for ddr3_addr[0]. (constraint file  {c:/Users/ethan/Documents/GitHub/Big-Crete-Calculator/Digital Designs/Template/Template.srcs/sources_1/ip/RamBuf/RamBuf/RamBuf_in_context.xdc}, line 6).
Applied set_property IO_BUFFER_TYPE = NONE for ddr3_addr[10]. (constraint file  {c:/Users/ethan/Documents/GitHub/Big-Crete-Calculator/Digital Designs/Template/Template.srcs/sources_1/ip/RamBuf/RamBuf/RamBuf_in_context.xdc}, line 7).
Applied set_property CLOCK_BUFFER_TYPE = NONE for ddr3_addr[10]. (constraint file  {c:/Users/ethan/Documents/GitHub/Big-Crete-Calculator/Digital Designs/Template/Template.srcs/sources_1/ip/RamBuf/RamBuf/RamBuf_in_context.xdc}, line 8).
Applied set_property IO_BUFFER_TYPE = NONE for ddr3_addr[11]. (constraint file  {c:/Users/ethan/Documents/GitHub/Big-Crete-Calculator/Digital Designs/Template/Template.srcs/sources_1/ip/RamBuf/RamBuf/RamBuf_in_context.xdc}, line 9).
Applied set_property CLOCK_BUFFER_TYPE = NONE for ddr3_addr[11]. (constraint file  {c:/Users/ethan/Documents/GitHub/Big-Crete-Calculator/Digital Designs/Template/Template.srcs/sources_1/ip/RamBuf/RamBuf/RamBuf_in_context.xdc}, line 10).
Applied set_property IO_BUFFER_TYPE = NONE for ddr3_addr[12]. (constraint file  {c:/Users/ethan/Documents/GitHub/Big-Crete-Calculator/Digital Designs/Template/Template.srcs/sources_1/ip/RamBuf/RamBuf/RamBuf_in_context.xdc}, line 11).
Applied set_property CLOCK_BUFFER_TYPE = NONE for ddr3_addr[12]. (constraint file  {c:/Users/ethan/Documents/GitHub/Big-Crete-Calculator/Digital Designs/Template/Template.srcs/sources_1/ip/RamBuf/RamBuf/RamBuf_in_context.xdc}, line 12).
Applied set_property IO_BUFFER_TYPE = NONE for ddr3_addr[13]. (constraint file  {c:/Users/ethan/Documents/GitHub/Big-Crete-Calculator/Digital Designs/Template/Template.srcs/sources_1/ip/RamBuf/RamBuf/RamBuf_in_context.xdc}, line 13).
Applied set_property CLOCK_BUFFER_TYPE = NONE for ddr3_addr[13]. (constraint file  {c:/Users/ethan/Documents/GitHub/Big-Crete-Calculator/Digital Designs/Template/Template.srcs/sources_1/ip/RamBuf/RamBuf/RamBuf_in_context.xdc}, line 14).
Applied set_property IO_BUFFER_TYPE = NONE for ddr3_addr[14]. (constraint file  {c:/Users/ethan/Documents/GitHub/Big-Crete-Calculator/Digital Designs/Template/Template.srcs/sources_1/ip/RamBuf/RamBuf/RamBuf_in_context.xdc}, line 15).
Applied set_property CLOCK_BUFFER_TYPE = NONE for ddr3_addr[14]. (constraint file  {c:/Users/ethan/Documents/GitHub/Big-Crete-Calculator/Digital Designs/Template/Template.srcs/sources_1/ip/RamBuf/RamBuf/RamBuf_in_context.xdc}, line 16).
Applied set_property IO_BUFFER_TYPE = NONE for ddr3_addr[1]. (constraint file  {c:/Users/ethan/Documents/GitHub/Big-Crete-Calculator/Digital Designs/Template/Template.srcs/sources_1/ip/RamBuf/RamBuf/RamBuf_in_context.xdc}, line 17).
Applied set_property CLOCK_BUFFER_TYPE = NONE for ddr3_addr[1]. (constraint file  {c:/Users/ethan/Documents/GitHub/Big-Crete-Calculator/Digital Designs/Template/Template.srcs/sources_1/ip/RamBuf/RamBuf/RamBuf_in_context.xdc}, line 18).
Applied set_property IO_BUFFER_TYPE = NONE for ddr3_addr[2]. (constraint file  {c:/Users/ethan/Documents/GitHub/Big-Crete-Calculator/Digital Designs/Template/Template.srcs/sources_1/ip/RamBuf/RamBuf/RamBuf_in_context.xdc}, line 19).
Applied set_property CLOCK_BUFFER_TYPE = NONE for ddr3_addr[2]. (constraint file  {c:/Users/ethan/Documents/GitHub/Big-Crete-Calculator/Digital Designs/Template/Template.srcs/sources_1/ip/RamBuf/RamBuf/RamBuf_in_context.xdc}, line 20).
Applied set_property IO_BUFFER_TYPE = NONE for ddr3_addr[3]. (constraint file  {c:/Users/ethan/Documents/GitHub/Big-Crete-Calculator/Digital Designs/Template/Template.srcs/sources_1/ip/RamBuf/RamBuf/RamBuf_in_context.xdc}, line 21).
Applied set_property CLOCK_BUFFER_TYPE = NONE for ddr3_addr[3]. (constraint file  {c:/Users/ethan/Documents/GitHub/Big-Crete-Calculator/Digital Designs/Template/Template.srcs/sources_1/ip/RamBuf/RamBuf/RamBuf_in_context.xdc}, line 22).
Applied set_property IO_BUFFER_TYPE = NONE for ddr3_addr[4]. (constraint file  {c:/Users/ethan/Documents/GitHub/Big-Crete-Calculator/Digital Designs/Template/Template.srcs/sources_1/ip/RamBuf/RamBuf/RamBuf_in_context.xdc}, line 23).
Applied set_property CLOCK_BUFFER_TYPE = NONE for ddr3_addr[4]. (constraint file  {c:/Users/ethan/Documents/GitHub/Big-Crete-Calculator/Digital Designs/Template/Template.srcs/sources_1/ip/RamBuf/RamBuf/RamBuf_in_context.xdc}, line 24).
Applied set_property IO_BUFFER_TYPE = NONE for ddr3_addr[5]. (constraint file  {c:/Users/ethan/Documents/GitHub/Big-Crete-Calculator/Digital Designs/Template/Template.srcs/sources_1/ip/RamBuf/RamBuf/RamBuf_in_context.xdc}, line 25).
Applied set_property CLOCK_BUFFER_TYPE = NONE for ddr3_addr[5]. (constraint file  {c:/Users/ethan/Documents/GitHub/Big-Crete-Calculator/Digital Designs/Template/Template.srcs/sources_1/ip/RamBuf/RamBuf/RamBuf_in_context.xdc}, line 26).
Applied set_property IO_BUFFER_TYPE = NONE for ddr3_addr[6]. (constraint file  {c:/Users/ethan/Documents/GitHub/Big-Crete-Calculator/Digital Designs/Template/Template.srcs/sources_1/ip/RamBuf/RamBuf/RamBuf_in_context.xdc}, line 27).
Applied set_property CLOCK_BUFFER_TYPE = NONE for ddr3_addr[6]. (constraint file  {c:/Users/ethan/Documents/GitHub/Big-Crete-Calculator/Digital Designs/Template/Template.srcs/sources_1/ip/RamBuf/RamBuf/RamBuf_in_context.xdc}, line 28).
Applied set_property IO_BUFFER_TYPE = NONE for ddr3_addr[7]. (constraint file  {c:/Users/ethan/Documents/GitHub/Big-Crete-Calculator/Digital Designs/Template/Template.srcs/sources_1/ip/RamBuf/RamBuf/RamBuf_in_context.xdc}, line 29).
Applied set_property CLOCK_BUFFER_TYPE = NONE for ddr3_addr[7]. (constraint file  {c:/Users/ethan/Documents/GitHub/Big-Crete-Calculator/Digital Designs/Template/Template.srcs/sources_1/ip/RamBuf/RamBuf/RamBuf_in_context.xdc}, line 30).
Applied set_property IO_BUFFER_TYPE = NONE for ddr3_addr[8]. (constraint file  {c:/Users/ethan/Documents/GitHub/Big-Crete-Calculator/Digital Designs/Template/Template.srcs/sources_1/ip/RamBuf/RamBuf/RamBuf_in_context.xdc}, line 31).
Applied set_property CLOCK_BUFFER_TYPE = NONE for ddr3_addr[8]. (constraint file  {c:/Users/ethan/Documents/GitHub/Big-Crete-Calculator/Digital Designs/Template/Template.srcs/sources_1/ip/RamBuf/RamBuf/RamBuf_in_context.xdc}, line 32).
Applied set_property IO_BUFFER_TYPE = NONE for ddr3_addr[9]. (constraint file  {c:/Users/ethan/Documents/GitHub/Big-Crete-Calculator/Digital Designs/Template/Template.srcs/sources_1/ip/RamBuf/RamBuf/RamBuf_in_context.xdc}, line 33).
Applied set_property CLOCK_BUFFER_TYPE = NONE for ddr3_addr[9]. (constraint file  {c:/Users/ethan/Documents/GitHub/Big-Crete-Calculator/Digital Designs/Template/Template.srcs/sources_1/ip/RamBuf/RamBuf/RamBuf_in_context.xdc}, line 34).
Applied set_property IO_BUFFER_TYPE = NONE for ddr3_ba[0]. (constraint file  {c:/Users/ethan/Documents/GitHub/Big-Crete-Calculator/Digital Designs/Template/Template.srcs/sources_1/ip/RamBuf/RamBuf/RamBuf_in_context.xdc}, line 35).
Applied set_property CLOCK_BUFFER_TYPE = NONE for ddr3_ba[0]. (constraint file  {c:/Users/ethan/Documents/GitHub/Big-Crete-Calculator/Digital Designs/Template/Template.srcs/sources_1/ip/RamBuf/RamBuf/RamBuf_in_context.xdc}, line 36).
Applied set_property IO_BUFFER_TYPE = NONE for ddr3_ba[1]. (constraint file  {c:/Users/ethan/Documents/GitHub/Big-Crete-Calculator/Digital Designs/Template/Template.srcs/sources_1/ip/RamBuf/RamBuf/RamBuf_in_context.xdc}, line 37).
Applied set_property CLOCK_BUFFER_TYPE = NONE for ddr3_ba[1]. (constraint file  {c:/Users/ethan/Documents/GitHub/Big-Crete-Calculator/Digital Designs/Template/Template.srcs/sources_1/ip/RamBuf/RamBuf/RamBuf_in_context.xdc}, line 38).
Applied set_property IO_BUFFER_TYPE = NONE for ddr3_ba[2]. (constraint file  {c:/Users/ethan/Documents/GitHub/Big-Crete-Calculator/Digital Designs/Template/Template.srcs/sources_1/ip/RamBuf/RamBuf/RamBuf_in_context.xdc}, line 39).
Applied set_property CLOCK_BUFFER_TYPE = NONE for ddr3_ba[2]. (constraint file  {c:/Users/ethan/Documents/GitHub/Big-Crete-Calculator/Digital Designs/Template/Template.srcs/sources_1/ip/RamBuf/RamBuf/RamBuf_in_context.xdc}, line 40).
Applied set_property IO_BUFFER_TYPE = NONE for ddr3_cas_n. (constraint file  {c:/Users/ethan/Documents/GitHub/Big-Crete-Calculator/Digital Designs/Template/Template.srcs/sources_1/ip/RamBuf/RamBuf/RamBuf_in_context.xdc}, line 41).
Applied set_property CLOCK_BUFFER_TYPE = NONE for ddr3_cas_n. (constraint file  {c:/Users/ethan/Documents/GitHub/Big-Crete-Calculator/Digital Designs/Template/Template.srcs/sources_1/ip/RamBuf/RamBuf/RamBuf_in_context.xdc}, line 42).
Applied set_property IO_BUFFER_TYPE = NONE for ddr3_ck_n[0]. (constraint file  {c:/Users/ethan/Documents/GitHub/Big-Crete-Calculator/Digital Designs/Template/Template.srcs/sources_1/ip/RamBuf/RamBuf/RamBuf_in_context.xdc}, line 43).
Applied set_property CLOCK_BUFFER_TYPE = NONE for ddr3_ck_n[0]. (constraint file  {c:/Users/ethan/Documents/GitHub/Big-Crete-Calculator/Digital Designs/Template/Template.srcs/sources_1/ip/RamBuf/RamBuf/RamBuf_in_context.xdc}, line 44).
Applied set_property IO_BUFFER_TYPE = NONE for ddr3_ck_n[1]. (constraint file  {c:/Users/ethan/Documents/GitHub/Big-Crete-Calculator/Digital Designs/Template/Template.srcs/sources_1/ip/RamBuf/RamBuf/RamBuf_in_context.xdc}, line 45).
Applied set_property CLOCK_BUFFER_TYPE = NONE for ddr3_ck_n[1]. (constraint file  {c:/Users/ethan/Documents/GitHub/Big-Crete-Calculator/Digital Designs/Template/Template.srcs/sources_1/ip/RamBuf/RamBuf/RamBuf_in_context.xdc}, line 46).
Applied set_property IO_BUFFER_TYPE = NONE for ddr3_ck_p[0]. (constraint file  {c:/Users/ethan/Documents/GitHub/Big-Crete-Calculator/Digital Designs/Template/Template.srcs/sources_1/ip/RamBuf/RamBuf/RamBuf_in_context.xdc}, line 47).
Applied set_property CLOCK_BUFFER_TYPE = NONE for ddr3_ck_p[0]. (constraint file  {c:/Users/ethan/Documents/GitHub/Big-Crete-Calculator/Digital Designs/Template/Template.srcs/sources_1/ip/RamBuf/RamBuf/RamBuf_in_context.xdc}, line 48).
Applied set_property IO_BUFFER_TYPE = NONE for ddr3_ck_p[1]. (constraint file  {c:/Users/ethan/Documents/GitHub/Big-Crete-Calculator/Digital Designs/Template/Template.srcs/sources_1/ip/RamBuf/RamBuf/RamBuf_in_context.xdc}, line 49).
Applied set_property CLOCK_BUFFER_TYPE = NONE for ddr3_ck_p[1]. (constraint file  {c:/Users/ethan/Documents/GitHub/Big-Crete-Calculator/Digital Designs/Template/Template.srcs/sources_1/ip/RamBuf/RamBuf/RamBuf_in_context.xdc}, line 50).
Applied set_property IO_BUFFER_TYPE = NONE for ddr3_cke[0]. (constraint file  {c:/Users/ethan/Documents/GitHub/Big-Crete-Calculator/Digital Designs/Template/Template.srcs/sources_1/ip/RamBuf/RamBuf/RamBuf_in_context.xdc}, line 51).
Applied set_property CLOCK_BUFFER_TYPE = NONE for ddr3_cke[0]. (constraint file  {c:/Users/ethan/Documents/GitHub/Big-Crete-Calculator/Digital Designs/Template/Template.srcs/sources_1/ip/RamBuf/RamBuf/RamBuf_in_context.xdc}, line 52).
Applied set_property IO_BUFFER_TYPE = NONE for ddr3_cke[1]. (constraint file  {c:/Users/ethan/Documents/GitHub/Big-Crete-Calculator/Digital Designs/Template/Template.srcs/sources_1/ip/RamBuf/RamBuf/RamBuf_in_context.xdc}, line 53).
Applied set_property CLOCK_BUFFER_TYPE = NONE for ddr3_cke[1]. (constraint file  {c:/Users/ethan/Documents/GitHub/Big-Crete-Calculator/Digital Designs/Template/Template.srcs/sources_1/ip/RamBuf/RamBuf/RamBuf_in_context.xdc}, line 54).
Applied set_property IO_BUFFER_TYPE = NONE for ddr3_cs_n[0]. (constraint file  {c:/Users/ethan/Documents/GitHub/Big-Crete-Calculator/Digital Designs/Template/Template.srcs/sources_1/ip/RamBuf/RamBuf/RamBuf_in_context.xdc}, line 55).
Applied set_property CLOCK_BUFFER_TYPE = NONE for ddr3_cs_n[0]. (constraint file  {c:/Users/ethan/Documents/GitHub/Big-Crete-Calculator/Digital Designs/Template/Template.srcs/sources_1/ip/RamBuf/RamBuf/RamBuf_in_context.xdc}, line 56).
Applied set_property IO_BUFFER_TYPE = NONE for ddr3_cs_n[1]. (constraint file  {c:/Users/ethan/Documents/GitHub/Big-Crete-Calculator/Digital Designs/Template/Template.srcs/sources_1/ip/RamBuf/RamBuf/RamBuf_in_context.xdc}, line 57).
Applied set_property CLOCK_BUFFER_TYPE = NONE for ddr3_cs_n[1]. (constraint file  {c:/Users/ethan/Documents/GitHub/Big-Crete-Calculator/Digital Designs/Template/Template.srcs/sources_1/ip/RamBuf/RamBuf/RamBuf_in_context.xdc}, line 58).
Applied set_property IO_BUFFER_TYPE = NONE for ddr3_dm[0]. (constraint file  {c:/Users/ethan/Documents/GitHub/Big-Crete-Calculator/Digital Designs/Template/Template.srcs/sources_1/ip/RamBuf/RamBuf/RamBuf_in_context.xdc}, line 59).
Applied set_property CLOCK_BUFFER_TYPE = NONE for ddr3_dm[0]. (constraint file  {c:/Users/ethan/Documents/GitHub/Big-Crete-Calculator/Digital Designs/Template/Template.srcs/sources_1/ip/RamBuf/RamBuf/RamBuf_in_context.xdc}, line 60).
Applied set_property IO_BUFFER_TYPE = NONE for ddr3_dm[1]. (constraint file  {c:/Users/ethan/Documents/GitHub/Big-Crete-Calculator/Digital Designs/Template/Template.srcs/sources_1/ip/RamBuf/RamBuf/RamBuf_in_context.xdc}, line 61).
Applied set_property CLOCK_BUFFER_TYPE = NONE for ddr3_dm[1]. (constraint file  {c:/Users/ethan/Documents/GitHub/Big-Crete-Calculator/Digital Designs/Template/Template.srcs/sources_1/ip/RamBuf/RamBuf/RamBuf_in_context.xdc}, line 62).
Applied set_property IO_BUFFER_TYPE = NONE for ddr3_dm[2]. (constraint file  {c:/Users/ethan/Documents/GitHub/Big-Crete-Calculator/Digital Designs/Template/Template.srcs/sources_1/ip/RamBuf/RamBuf/RamBuf_in_context.xdc}, line 63).
Applied set_property CLOCK_BUFFER_TYPE = NONE for ddr3_dm[2]. (constraint file  {c:/Users/ethan/Documents/GitHub/Big-Crete-Calculator/Digital Designs/Template/Template.srcs/sources_1/ip/RamBuf/RamBuf/RamBuf_in_context.xdc}, line 64).
Applied set_property IO_BUFFER_TYPE = NONE for ddr3_dm[3]. (constraint file  {c:/Users/ethan/Documents/GitHub/Big-Crete-Calculator/Digital Designs/Template/Template.srcs/sources_1/ip/RamBuf/RamBuf/RamBuf_in_context.xdc}, line 65).
Applied set_property CLOCK_BUFFER_TYPE = NONE for ddr3_dm[3]. (constraint file  {c:/Users/ethan/Documents/GitHub/Big-Crete-Calculator/Digital Designs/Template/Template.srcs/sources_1/ip/RamBuf/RamBuf/RamBuf_in_context.xdc}, line 66).
Applied set_property IO_BUFFER_TYPE = NONE for ddr3_dm[4]. (constraint file  {c:/Users/ethan/Documents/GitHub/Big-Crete-Calculator/Digital Designs/Template/Template.srcs/sources_1/ip/RamBuf/RamBuf/RamBuf_in_context.xdc}, line 67).
Applied set_property CLOCK_BUFFER_TYPE = NONE for ddr3_dm[4]. (constraint file  {c:/Users/ethan/Documents/GitHub/Big-Crete-Calculator/Digital Designs/Template/Template.srcs/sources_1/ip/RamBuf/RamBuf/RamBuf_in_context.xdc}, line 68).
Applied set_property IO_BUFFER_TYPE = NONE for ddr3_dm[5]. (constraint file  {c:/Users/ethan/Documents/GitHub/Big-Crete-Calculator/Digital Designs/Template/Template.srcs/sources_1/ip/RamBuf/RamBuf/RamBuf_in_context.xdc}, line 69).
Applied set_property CLOCK_BUFFER_TYPE = NONE for ddr3_dm[5]. (constraint file  {c:/Users/ethan/Documents/GitHub/Big-Crete-Calculator/Digital Designs/Template/Template.srcs/sources_1/ip/RamBuf/RamBuf/RamBuf_in_context.xdc}, line 70).
Applied set_property IO_BUFFER_TYPE = NONE for ddr3_dm[6]. (constraint file  {c:/Users/ethan/Documents/GitHub/Big-Crete-Calculator/Digital Designs/Template/Template.srcs/sources_1/ip/RamBuf/RamBuf/RamBuf_in_context.xdc}, line 71).
Applied set_property CLOCK_BUFFER_TYPE = NONE for ddr3_dm[6]. (constraint file  {c:/Users/ethan/Documents/GitHub/Big-Crete-Calculator/Digital Designs/Template/Template.srcs/sources_1/ip/RamBuf/RamBuf/RamBuf_in_context.xdc}, line 72).
Applied set_property IO_BUFFER_TYPE = NONE for ddr3_dm[7]. (constraint file  {c:/Users/ethan/Documents/GitHub/Big-Crete-Calculator/Digital Designs/Template/Template.srcs/sources_1/ip/RamBuf/RamBuf/RamBuf_in_context.xdc}, line 73).
Applied set_property CLOCK_BUFFER_TYPE = NONE for ddr3_dm[7]. (constraint file  {c:/Users/ethan/Documents/GitHub/Big-Crete-Calculator/Digital Designs/Template/Template.srcs/sources_1/ip/RamBuf/RamBuf/RamBuf_in_context.xdc}, line 74).
Applied set_property IO_BUFFER_TYPE = NONE for ddr3_dq[0]. (constraint file  {c:/Users/ethan/Documents/GitHub/Big-Crete-Calculator/Digital Designs/Template/Template.srcs/sources_1/ip/RamBuf/RamBuf/RamBuf_in_context.xdc}, line 75).
Applied set_property CLOCK_BUFFER_TYPE = NONE for ddr3_dq[0]. (constraint file  {c:/Users/ethan/Documents/GitHub/Big-Crete-Calculator/Digital Designs/Template/Template.srcs/sources_1/ip/RamBuf/RamBuf/RamBuf_in_context.xdc}, line 76).
Applied set_property IO_BUFFER_TYPE = NONE for ddr3_dq[10]. (constraint file  {c:/Users/ethan/Documents/GitHub/Big-Crete-Calculator/Digital Designs/Template/Template.srcs/sources_1/ip/RamBuf/RamBuf/RamBuf_in_context.xdc}, line 77).
Applied set_property CLOCK_BUFFER_TYPE = NONE for ddr3_dq[10]. (constraint file  {c:/Users/ethan/Documents/GitHub/Big-Crete-Calculator/Digital Designs/Template/Template.srcs/sources_1/ip/RamBuf/RamBuf/RamBuf_in_context.xdc}, line 78).
Applied set_property IO_BUFFER_TYPE = NONE for ddr3_dq[11]. (constraint file  {c:/Users/ethan/Documents/GitHub/Big-Crete-Calculator/Digital Designs/Template/Template.srcs/sources_1/ip/RamBuf/RamBuf/RamBuf_in_context.xdc}, line 79).
Applied set_property CLOCK_BUFFER_TYPE = NONE for ddr3_dq[11]. (constraint file  {c:/Users/ethan/Documents/GitHub/Big-Crete-Calculator/Digital Designs/Template/Template.srcs/sources_1/ip/RamBuf/RamBuf/RamBuf_in_context.xdc}, line 80).
Applied set_property IO_BUFFER_TYPE = NONE for ddr3_dq[12]. (constraint file  {c:/Users/ethan/Documents/GitHub/Big-Crete-Calculator/Digital Designs/Template/Template.srcs/sources_1/ip/RamBuf/RamBuf/RamBuf_in_context.xdc}, line 81).
Applied set_property CLOCK_BUFFER_TYPE = NONE for ddr3_dq[12]. (constraint file  {c:/Users/ethan/Documents/GitHub/Big-Crete-Calculator/Digital Designs/Template/Template.srcs/sources_1/ip/RamBuf/RamBuf/RamBuf_in_context.xdc}, line 82).
Applied set_property IO_BUFFER_TYPE = NONE for ddr3_dq[13]. (constraint file  {c:/Users/ethan/Documents/GitHub/Big-Crete-Calculator/Digital Designs/Template/Template.srcs/sources_1/ip/RamBuf/RamBuf/RamBuf_in_context.xdc}, line 83).
Applied set_property CLOCK_BUFFER_TYPE = NONE for ddr3_dq[13]. (constraint file  {c:/Users/ethan/Documents/GitHub/Big-Crete-Calculator/Digital Designs/Template/Template.srcs/sources_1/ip/RamBuf/RamBuf/RamBuf_in_context.xdc}, line 84).
Applied set_property IO_BUFFER_TYPE = NONE for ddr3_dq[14]. (constraint file  {c:/Users/ethan/Documents/GitHub/Big-Crete-Calculator/Digital Designs/Template/Template.srcs/sources_1/ip/RamBuf/RamBuf/RamBuf_in_context.xdc}, line 85).
Applied set_property CLOCK_BUFFER_TYPE = NONE for ddr3_dq[14]. (constraint file  {c:/Users/ethan/Documents/GitHub/Big-Crete-Calculator/Digital Designs/Template/Template.srcs/sources_1/ip/RamBuf/RamBuf/RamBuf_in_context.xdc}, line 86).
Applied set_property IO_BUFFER_TYPE = NONE for ddr3_dq[15]. (constraint file  {c:/Users/ethan/Documents/GitHub/Big-Crete-Calculator/Digital Designs/Template/Template.srcs/sources_1/ip/RamBuf/RamBuf/RamBuf_in_context.xdc}, line 87).
Applied set_property CLOCK_BUFFER_TYPE = NONE for ddr3_dq[15]. (constraint file  {c:/Users/ethan/Documents/GitHub/Big-Crete-Calculator/Digital Designs/Template/Template.srcs/sources_1/ip/RamBuf/RamBuf/RamBuf_in_context.xdc}, line 88).
Applied set_property IO_BUFFER_TYPE = NONE for ddr3_dq[16]. (constraint file  {c:/Users/ethan/Documents/GitHub/Big-Crete-Calculator/Digital Designs/Template/Template.srcs/sources_1/ip/RamBuf/RamBuf/RamBuf_in_context.xdc}, line 89).
Applied set_property CLOCK_BUFFER_TYPE = NONE for ddr3_dq[16]. (constraint file  {c:/Users/ethan/Documents/GitHub/Big-Crete-Calculator/Digital Designs/Template/Template.srcs/sources_1/ip/RamBuf/RamBuf/RamBuf_in_context.xdc}, line 90).
Applied set_property IO_BUFFER_TYPE = NONE for ddr3_dq[17]. (constraint file  {c:/Users/ethan/Documents/GitHub/Big-Crete-Calculator/Digital Designs/Template/Template.srcs/sources_1/ip/RamBuf/RamBuf/RamBuf_in_context.xdc}, line 91).
Applied set_property CLOCK_BUFFER_TYPE = NONE for ddr3_dq[17]. (constraint file  {c:/Users/ethan/Documents/GitHub/Big-Crete-Calculator/Digital Designs/Template/Template.srcs/sources_1/ip/RamBuf/RamBuf/RamBuf_in_context.xdc}, line 92).
Applied set_property IO_BUFFER_TYPE = NONE for ddr3_dq[18]. (constraint file  {c:/Users/ethan/Documents/GitHub/Big-Crete-Calculator/Digital Designs/Template/Template.srcs/sources_1/ip/RamBuf/RamBuf/RamBuf_in_context.xdc}, line 93).
Applied set_property CLOCK_BUFFER_TYPE = NONE for ddr3_dq[18]. (constraint file  {c:/Users/ethan/Documents/GitHub/Big-Crete-Calculator/Digital Designs/Template/Template.srcs/sources_1/ip/RamBuf/RamBuf/RamBuf_in_context.xdc}, line 94).
Applied set_property IO_BUFFER_TYPE = NONE for ddr3_dq[19]. (constraint file  {c:/Users/ethan/Documents/GitHub/Big-Crete-Calculator/Digital Designs/Template/Template.srcs/sources_1/ip/RamBuf/RamBuf/RamBuf_in_context.xdc}, line 95).
Applied set_property CLOCK_BUFFER_TYPE = NONE for ddr3_dq[19]. (constraint file  {c:/Users/ethan/Documents/GitHub/Big-Crete-Calculator/Digital Designs/Template/Template.srcs/sources_1/ip/RamBuf/RamBuf/RamBuf_in_context.xdc}, line 96).
Applied set_property IO_BUFFER_TYPE = NONE for ddr3_dq[1]. (constraint file  {c:/Users/ethan/Documents/GitHub/Big-Crete-Calculator/Digital Designs/Template/Template.srcs/sources_1/ip/RamBuf/RamBuf/RamBuf_in_context.xdc}, line 97).
Applied set_property CLOCK_BUFFER_TYPE = NONE for ddr3_dq[1]. (constraint file  {c:/Users/ethan/Documents/GitHub/Big-Crete-Calculator/Digital Designs/Template/Template.srcs/sources_1/ip/RamBuf/RamBuf/RamBuf_in_context.xdc}, line 98).
Applied set_property IO_BUFFER_TYPE = NONE for ddr3_dq[20]. (constraint file  {c:/Users/ethan/Documents/GitHub/Big-Crete-Calculator/Digital Designs/Template/Template.srcs/sources_1/ip/RamBuf/RamBuf/RamBuf_in_context.xdc}, line 99).
Applied set_property CLOCK_BUFFER_TYPE = NONE for ddr3_dq[20]. (constraint file  {c:/Users/ethan/Documents/GitHub/Big-Crete-Calculator/Digital Designs/Template/Template.srcs/sources_1/ip/RamBuf/RamBuf/RamBuf_in_context.xdc}, line 100).
Applied set_property IO_BUFFER_TYPE = NONE for ddr3_dq[21]. (constraint file  {c:/Users/ethan/Documents/GitHub/Big-Crete-Calculator/Digital Designs/Template/Template.srcs/sources_1/ip/RamBuf/RamBuf/RamBuf_in_context.xdc}, line 101).
Applied set_property CLOCK_BUFFER_TYPE = NONE for ddr3_dq[21]. (constraint file  {c:/Users/ethan/Documents/GitHub/Big-Crete-Calculator/Digital Designs/Template/Template.srcs/sources_1/ip/RamBuf/RamBuf/RamBuf_in_context.xdc}, line 102).
Applied set_property IO_BUFFER_TYPE = NONE for ddr3_dq[22]. (constraint file  {c:/Users/ethan/Documents/GitHub/Big-Crete-Calculator/Digital Designs/Template/Template.srcs/sources_1/ip/RamBuf/RamBuf/RamBuf_in_context.xdc}, line 103).
Applied set_property CLOCK_BUFFER_TYPE = NONE for ddr3_dq[22]. (constraint file  {c:/Users/ethan/Documents/GitHub/Big-Crete-Calculator/Digital Designs/Template/Template.srcs/sources_1/ip/RamBuf/RamBuf/RamBuf_in_context.xdc}, line 104).
Applied set_property IO_BUFFER_TYPE = NONE for ddr3_dq[23]. (constraint file  {c:/Users/ethan/Documents/GitHub/Big-Crete-Calculator/Digital Designs/Template/Template.srcs/sources_1/ip/RamBuf/RamBuf/RamBuf_in_context.xdc}, line 105).
Applied set_property CLOCK_BUFFER_TYPE = NONE for ddr3_dq[23]. (constraint file  {c:/Users/ethan/Documents/GitHub/Big-Crete-Calculator/Digital Designs/Template/Template.srcs/sources_1/ip/RamBuf/RamBuf/RamBuf_in_context.xdc}, line 106).
Applied set_property IO_BUFFER_TYPE = NONE for ddr3_dq[24]. (constraint file  {c:/Users/ethan/Documents/GitHub/Big-Crete-Calculator/Digital Designs/Template/Template.srcs/sources_1/ip/RamBuf/RamBuf/RamBuf_in_context.xdc}, line 107).
Applied set_property CLOCK_BUFFER_TYPE = NONE for ddr3_dq[24]. (constraint file  {c:/Users/ethan/Documents/GitHub/Big-Crete-Calculator/Digital Designs/Template/Template.srcs/sources_1/ip/RamBuf/RamBuf/RamBuf_in_context.xdc}, line 108).
Applied set_property IO_BUFFER_TYPE = NONE for ddr3_dq[25]. (constraint file  {c:/Users/ethan/Documents/GitHub/Big-Crete-Calculator/Digital Designs/Template/Template.srcs/sources_1/ip/RamBuf/RamBuf/RamBuf_in_context.xdc}, line 109).
Applied set_property CLOCK_BUFFER_TYPE = NONE for ddr3_dq[25]. (constraint file  {c:/Users/ethan/Documents/GitHub/Big-Crete-Calculator/Digital Designs/Template/Template.srcs/sources_1/ip/RamBuf/RamBuf/RamBuf_in_context.xdc}, line 110).
Applied set_property IO_BUFFER_TYPE = NONE for ddr3_dq[26]. (constraint file  {c:/Users/ethan/Documents/GitHub/Big-Crete-Calculator/Digital Designs/Template/Template.srcs/sources_1/ip/RamBuf/RamBuf/RamBuf_in_context.xdc}, line 111).
Applied set_property CLOCK_BUFFER_TYPE = NONE for ddr3_dq[26]. (constraint file  {c:/Users/ethan/Documents/GitHub/Big-Crete-Calculator/Digital Designs/Template/Template.srcs/sources_1/ip/RamBuf/RamBuf/RamBuf_in_context.xdc}, line 112).
Applied set_property IO_BUFFER_TYPE = NONE for ddr3_dq[27]. (constraint file  {c:/Users/ethan/Documents/GitHub/Big-Crete-Calculator/Digital Designs/Template/Template.srcs/sources_1/ip/RamBuf/RamBuf/RamBuf_in_context.xdc}, line 113).
Applied set_property CLOCK_BUFFER_TYPE = NONE for ddr3_dq[27]. (constraint file  {c:/Users/ethan/Documents/GitHub/Big-Crete-Calculator/Digital Designs/Template/Template.srcs/sources_1/ip/RamBuf/RamBuf/RamBuf_in_context.xdc}, line 114).
Applied set_property IO_BUFFER_TYPE = NONE for ddr3_dq[28]. (constraint file  {c:/Users/ethan/Documents/GitHub/Big-Crete-Calculator/Digital Designs/Template/Template.srcs/sources_1/ip/RamBuf/RamBuf/RamBuf_in_context.xdc}, line 115).
Applied set_property CLOCK_BUFFER_TYPE = NONE for ddr3_dq[28]. (constraint file  {c:/Users/ethan/Documents/GitHub/Big-Crete-Calculator/Digital Designs/Template/Template.srcs/sources_1/ip/RamBuf/RamBuf/RamBuf_in_context.xdc}, line 116).
Applied set_property IO_BUFFER_TYPE = NONE for ddr3_dq[29]. (constraint file  {c:/Users/ethan/Documents/GitHub/Big-Crete-Calculator/Digital Designs/Template/Template.srcs/sources_1/ip/RamBuf/RamBuf/RamBuf_in_context.xdc}, line 117).
Applied set_property CLOCK_BUFFER_TYPE = NONE for ddr3_dq[29]. (constraint file  {c:/Users/ethan/Documents/GitHub/Big-Crete-Calculator/Digital Designs/Template/Template.srcs/sources_1/ip/RamBuf/RamBuf/RamBuf_in_context.xdc}, line 118).
Applied set_property IO_BUFFER_TYPE = NONE for ddr3_dq[2]. (constraint file  {c:/Users/ethan/Documents/GitHub/Big-Crete-Calculator/Digital Designs/Template/Template.srcs/sources_1/ip/RamBuf/RamBuf/RamBuf_in_context.xdc}, line 119).
Applied set_property CLOCK_BUFFER_TYPE = NONE for ddr3_dq[2]. (constraint file  {c:/Users/ethan/Documents/GitHub/Big-Crete-Calculator/Digital Designs/Template/Template.srcs/sources_1/ip/RamBuf/RamBuf/RamBuf_in_context.xdc}, line 120).
Applied set_property IO_BUFFER_TYPE = NONE for ddr3_dq[30]. (constraint file  {c:/Users/ethan/Documents/GitHub/Big-Crete-Calculator/Digital Designs/Template/Template.srcs/sources_1/ip/RamBuf/RamBuf/RamBuf_in_context.xdc}, line 121).
Applied set_property CLOCK_BUFFER_TYPE = NONE for ddr3_dq[30]. (constraint file  {c:/Users/ethan/Documents/GitHub/Big-Crete-Calculator/Digital Designs/Template/Template.srcs/sources_1/ip/RamBuf/RamBuf/RamBuf_in_context.xdc}, line 122).
Applied set_property IO_BUFFER_TYPE = NONE for ddr3_dq[31]. (constraint file  {c:/Users/ethan/Documents/GitHub/Big-Crete-Calculator/Digital Designs/Template/Template.srcs/sources_1/ip/RamBuf/RamBuf/RamBuf_in_context.xdc}, line 123).
Applied set_property CLOCK_BUFFER_TYPE = NONE for ddr3_dq[31]. (constraint file  {c:/Users/ethan/Documents/GitHub/Big-Crete-Calculator/Digital Designs/Template/Template.srcs/sources_1/ip/RamBuf/RamBuf/RamBuf_in_context.xdc}, line 124).
Applied set_property IO_BUFFER_TYPE = NONE for ddr3_dq[32]. (constraint file  {c:/Users/ethan/Documents/GitHub/Big-Crete-Calculator/Digital Designs/Template/Template.srcs/sources_1/ip/RamBuf/RamBuf/RamBuf_in_context.xdc}, line 125).
Applied set_property CLOCK_BUFFER_TYPE = NONE for ddr3_dq[32]. (constraint file  {c:/Users/ethan/Documents/GitHub/Big-Crete-Calculator/Digital Designs/Template/Template.srcs/sources_1/ip/RamBuf/RamBuf/RamBuf_in_context.xdc}, line 126).
Applied set_property IO_BUFFER_TYPE = NONE for ddr3_dq[33]. (constraint file  {c:/Users/ethan/Documents/GitHub/Big-Crete-Calculator/Digital Designs/Template/Template.srcs/sources_1/ip/RamBuf/RamBuf/RamBuf_in_context.xdc}, line 127).
Applied set_property CLOCK_BUFFER_TYPE = NONE for ddr3_dq[33]. (constraint file  {c:/Users/ethan/Documents/GitHub/Big-Crete-Calculator/Digital Designs/Template/Template.srcs/sources_1/ip/RamBuf/RamBuf/RamBuf_in_context.xdc}, line 128).
Applied set_property IO_BUFFER_TYPE = NONE for ddr3_dq[34]. (constraint file  {c:/Users/ethan/Documents/GitHub/Big-Crete-Calculator/Digital Designs/Template/Template.srcs/sources_1/ip/RamBuf/RamBuf/RamBuf_in_context.xdc}, line 129).
Applied set_property CLOCK_BUFFER_TYPE = NONE for ddr3_dq[34]. (constraint file  {c:/Users/ethan/Documents/GitHub/Big-Crete-Calculator/Digital Designs/Template/Template.srcs/sources_1/ip/RamBuf/RamBuf/RamBuf_in_context.xdc}, line 130).
Applied set_property IO_BUFFER_TYPE = NONE for ddr3_dq[35]. (constraint file  {c:/Users/ethan/Documents/GitHub/Big-Crete-Calculator/Digital Designs/Template/Template.srcs/sources_1/ip/RamBuf/RamBuf/RamBuf_in_context.xdc}, line 131).
Applied set_property CLOCK_BUFFER_TYPE = NONE for ddr3_dq[35]. (constraint file  {c:/Users/ethan/Documents/GitHub/Big-Crete-Calculator/Digital Designs/Template/Template.srcs/sources_1/ip/RamBuf/RamBuf/RamBuf_in_context.xdc}, line 132).
Applied set_property IO_BUFFER_TYPE = NONE for ddr3_dq[36]. (constraint file  {c:/Users/ethan/Documents/GitHub/Big-Crete-Calculator/Digital Designs/Template/Template.srcs/sources_1/ip/RamBuf/RamBuf/RamBuf_in_context.xdc}, line 133).
Applied set_property CLOCK_BUFFER_TYPE = NONE for ddr3_dq[36]. (constraint file  {c:/Users/ethan/Documents/GitHub/Big-Crete-Calculator/Digital Designs/Template/Template.srcs/sources_1/ip/RamBuf/RamBuf/RamBuf_in_context.xdc}, line 134).
Applied set_property IO_BUFFER_TYPE = NONE for ddr3_dq[37]. (constraint file  {c:/Users/ethan/Documents/GitHub/Big-Crete-Calculator/Digital Designs/Template/Template.srcs/sources_1/ip/RamBuf/RamBuf/RamBuf_in_context.xdc}, line 135).
Applied set_property CLOCK_BUFFER_TYPE = NONE for ddr3_dq[37]. (constraint file  {c:/Users/ethan/Documents/GitHub/Big-Crete-Calculator/Digital Designs/Template/Template.srcs/sources_1/ip/RamBuf/RamBuf/RamBuf_in_context.xdc}, line 136).
Applied set_property IO_BUFFER_TYPE = NONE for ddr3_dq[38]. (constraint file  {c:/Users/ethan/Documents/GitHub/Big-Crete-Calculator/Digital Designs/Template/Template.srcs/sources_1/ip/RamBuf/RamBuf/RamBuf_in_context.xdc}, line 137).
Applied set_property CLOCK_BUFFER_TYPE = NONE for ddr3_dq[38]. (constraint file  {c:/Users/ethan/Documents/GitHub/Big-Crete-Calculator/Digital Designs/Template/Template.srcs/sources_1/ip/RamBuf/RamBuf/RamBuf_in_context.xdc}, line 138).
Applied set_property IO_BUFFER_TYPE = NONE for ddr3_dq[39]. (constraint file  {c:/Users/ethan/Documents/GitHub/Big-Crete-Calculator/Digital Designs/Template/Template.srcs/sources_1/ip/RamBuf/RamBuf/RamBuf_in_context.xdc}, line 139).
Applied set_property CLOCK_BUFFER_TYPE = NONE for ddr3_dq[39]. (constraint file  {c:/Users/ethan/Documents/GitHub/Big-Crete-Calculator/Digital Designs/Template/Template.srcs/sources_1/ip/RamBuf/RamBuf/RamBuf_in_context.xdc}, line 140).
Applied set_property IO_BUFFER_TYPE = NONE for ddr3_dq[3]. (constraint file  {c:/Users/ethan/Documents/GitHub/Big-Crete-Calculator/Digital Designs/Template/Template.srcs/sources_1/ip/RamBuf/RamBuf/RamBuf_in_context.xdc}, line 141).
Applied set_property CLOCK_BUFFER_TYPE = NONE for ddr3_dq[3]. (constraint file  {c:/Users/ethan/Documents/GitHub/Big-Crete-Calculator/Digital Designs/Template/Template.srcs/sources_1/ip/RamBuf/RamBuf/RamBuf_in_context.xdc}, line 142).
Applied set_property IO_BUFFER_TYPE = NONE for ddr3_dq[40]. (constraint file  {c:/Users/ethan/Documents/GitHub/Big-Crete-Calculator/Digital Designs/Template/Template.srcs/sources_1/ip/RamBuf/RamBuf/RamBuf_in_context.xdc}, line 143).
Applied set_property CLOCK_BUFFER_TYPE = NONE for ddr3_dq[40]. (constraint file  {c:/Users/ethan/Documents/GitHub/Big-Crete-Calculator/Digital Designs/Template/Template.srcs/sources_1/ip/RamBuf/RamBuf/RamBuf_in_context.xdc}, line 144).
Applied set_property IO_BUFFER_TYPE = NONE for ddr3_dq[41]. (constraint file  {c:/Users/ethan/Documents/GitHub/Big-Crete-Calculator/Digital Designs/Template/Template.srcs/sources_1/ip/RamBuf/RamBuf/RamBuf_in_context.xdc}, line 145).
Applied set_property CLOCK_BUFFER_TYPE = NONE for ddr3_dq[41]. (constraint file  {c:/Users/ethan/Documents/GitHub/Big-Crete-Calculator/Digital Designs/Template/Template.srcs/sources_1/ip/RamBuf/RamBuf/RamBuf_in_context.xdc}, line 146).
Applied set_property IO_BUFFER_TYPE = NONE for ddr3_dq[42]. (constraint file  {c:/Users/ethan/Documents/GitHub/Big-Crete-Calculator/Digital Designs/Template/Template.srcs/sources_1/ip/RamBuf/RamBuf/RamBuf_in_context.xdc}, line 147).
Applied set_property CLOCK_BUFFER_TYPE = NONE for ddr3_dq[42]. (constraint file  {c:/Users/ethan/Documents/GitHub/Big-Crete-Calculator/Digital Designs/Template/Template.srcs/sources_1/ip/RamBuf/RamBuf/RamBuf_in_context.xdc}, line 148).
Applied set_property IO_BUFFER_TYPE = NONE for ddr3_dq[43]. (constraint file  {c:/Users/ethan/Documents/GitHub/Big-Crete-Calculator/Digital Designs/Template/Template.srcs/sources_1/ip/RamBuf/RamBuf/RamBuf_in_context.xdc}, line 149).
Applied set_property CLOCK_BUFFER_TYPE = NONE for ddr3_dq[43]. (constraint file  {c:/Users/ethan/Documents/GitHub/Big-Crete-Calculator/Digital Designs/Template/Template.srcs/sources_1/ip/RamBuf/RamBuf/RamBuf_in_context.xdc}, line 150).
Applied set_property IO_BUFFER_TYPE = NONE for ddr3_dq[44]. (constraint file  {c:/Users/ethan/Documents/GitHub/Big-Crete-Calculator/Digital Designs/Template/Template.srcs/sources_1/ip/RamBuf/RamBuf/RamBuf_in_context.xdc}, line 151).
Applied set_property CLOCK_BUFFER_TYPE = NONE for ddr3_dq[44]. (constraint file  {c:/Users/ethan/Documents/GitHub/Big-Crete-Calculator/Digital Designs/Template/Template.srcs/sources_1/ip/RamBuf/RamBuf/RamBuf_in_context.xdc}, line 152).
Applied set_property IO_BUFFER_TYPE = NONE for ddr3_dq[45]. (constraint file  {c:/Users/ethan/Documents/GitHub/Big-Crete-Calculator/Digital Designs/Template/Template.srcs/sources_1/ip/RamBuf/RamBuf/RamBuf_in_context.xdc}, line 153).
Applied set_property CLOCK_BUFFER_TYPE = NONE for ddr3_dq[45]. (constraint file  {c:/Users/ethan/Documents/GitHub/Big-Crete-Calculator/Digital Designs/Template/Template.srcs/sources_1/ip/RamBuf/RamBuf/RamBuf_in_context.xdc}, line 154).
Applied set_property IO_BUFFER_TYPE = NONE for ddr3_dq[46]. (constraint file  {c:/Users/ethan/Documents/GitHub/Big-Crete-Calculator/Digital Designs/Template/Template.srcs/sources_1/ip/RamBuf/RamBuf/RamBuf_in_context.xdc}, line 155).
Applied set_property CLOCK_BUFFER_TYPE = NONE for ddr3_dq[46]. (constraint file  {c:/Users/ethan/Documents/GitHub/Big-Crete-Calculator/Digital Designs/Template/Template.srcs/sources_1/ip/RamBuf/RamBuf/RamBuf_in_context.xdc}, line 156).
Applied set_property IO_BUFFER_TYPE = NONE for ddr3_dq[47]. (constraint file  {c:/Users/ethan/Documents/GitHub/Big-Crete-Calculator/Digital Designs/Template/Template.srcs/sources_1/ip/RamBuf/RamBuf/RamBuf_in_context.xdc}, line 157).
Applied set_property CLOCK_BUFFER_TYPE = NONE for ddr3_dq[47]. (constraint file  {c:/Users/ethan/Documents/GitHub/Big-Crete-Calculator/Digital Designs/Template/Template.srcs/sources_1/ip/RamBuf/RamBuf/RamBuf_in_context.xdc}, line 158).
Applied set_property IO_BUFFER_TYPE = NONE for ddr3_dq[48]. (constraint file  {c:/Users/ethan/Documents/GitHub/Big-Crete-Calculator/Digital Designs/Template/Template.srcs/sources_1/ip/RamBuf/RamBuf/RamBuf_in_context.xdc}, line 159).
Applied set_property CLOCK_BUFFER_TYPE = NONE for ddr3_dq[48]. (constraint file  {c:/Users/ethan/Documents/GitHub/Big-Crete-Calculator/Digital Designs/Template/Template.srcs/sources_1/ip/RamBuf/RamBuf/RamBuf_in_context.xdc}, line 160).
Applied set_property IO_BUFFER_TYPE = NONE for ddr3_dq[49]. (constraint file  {c:/Users/ethan/Documents/GitHub/Big-Crete-Calculator/Digital Designs/Template/Template.srcs/sources_1/ip/RamBuf/RamBuf/RamBuf_in_context.xdc}, line 161).
Applied set_property CLOCK_BUFFER_TYPE = NONE for ddr3_dq[49]. (constraint file  {c:/Users/ethan/Documents/GitHub/Big-Crete-Calculator/Digital Designs/Template/Template.srcs/sources_1/ip/RamBuf/RamBuf/RamBuf_in_context.xdc}, line 162).
Applied set_property IO_BUFFER_TYPE = NONE for ddr3_dq[4]. (constraint file  {c:/Users/ethan/Documents/GitHub/Big-Crete-Calculator/Digital Designs/Template/Template.srcs/sources_1/ip/RamBuf/RamBuf/RamBuf_in_context.xdc}, line 163).
Applied set_property CLOCK_BUFFER_TYPE = NONE for ddr3_dq[4]. (constraint file  {c:/Users/ethan/Documents/GitHub/Big-Crete-Calculator/Digital Designs/Template/Template.srcs/sources_1/ip/RamBuf/RamBuf/RamBuf_in_context.xdc}, line 164).
Applied set_property IO_BUFFER_TYPE = NONE for ddr3_dq[50]. (constraint file  {c:/Users/ethan/Documents/GitHub/Big-Crete-Calculator/Digital Designs/Template/Template.srcs/sources_1/ip/RamBuf/RamBuf/RamBuf_in_context.xdc}, line 165).
Applied set_property CLOCK_BUFFER_TYPE = NONE for ddr3_dq[50]. (constraint file  {c:/Users/ethan/Documents/GitHub/Big-Crete-Calculator/Digital Designs/Template/Template.srcs/sources_1/ip/RamBuf/RamBuf/RamBuf_in_context.xdc}, line 166).
Applied set_property IO_BUFFER_TYPE = NONE for ddr3_dq[51]. (constraint file  {c:/Users/ethan/Documents/GitHub/Big-Crete-Calculator/Digital Designs/Template/Template.srcs/sources_1/ip/RamBuf/RamBuf/RamBuf_in_context.xdc}, line 167).
Applied set_property CLOCK_BUFFER_TYPE = NONE for ddr3_dq[51]. (constraint file  {c:/Users/ethan/Documents/GitHub/Big-Crete-Calculator/Digital Designs/Template/Template.srcs/sources_1/ip/RamBuf/RamBuf/RamBuf_in_context.xdc}, line 168).
Applied set_property IO_BUFFER_TYPE = NONE for ddr3_dq[52]. (constraint file  {c:/Users/ethan/Documents/GitHub/Big-Crete-Calculator/Digital Designs/Template/Template.srcs/sources_1/ip/RamBuf/RamBuf/RamBuf_in_context.xdc}, line 169).
Applied set_property CLOCK_BUFFER_TYPE = NONE for ddr3_dq[52]. (constraint file  {c:/Users/ethan/Documents/GitHub/Big-Crete-Calculator/Digital Designs/Template/Template.srcs/sources_1/ip/RamBuf/RamBuf/RamBuf_in_context.xdc}, line 170).
Applied set_property IO_BUFFER_TYPE = NONE for ddr3_dq[53]. (constraint file  {c:/Users/ethan/Documents/GitHub/Big-Crete-Calculator/Digital Designs/Template/Template.srcs/sources_1/ip/RamBuf/RamBuf/RamBuf_in_context.xdc}, line 171).
Applied set_property CLOCK_BUFFER_TYPE = NONE for ddr3_dq[53]. (constraint file  {c:/Users/ethan/Documents/GitHub/Big-Crete-Calculator/Digital Designs/Template/Template.srcs/sources_1/ip/RamBuf/RamBuf/RamBuf_in_context.xdc}, line 172).
Applied set_property IO_BUFFER_TYPE = NONE for ddr3_dq[54]. (constraint file  {c:/Users/ethan/Documents/GitHub/Big-Crete-Calculator/Digital Designs/Template/Template.srcs/sources_1/ip/RamBuf/RamBuf/RamBuf_in_context.xdc}, line 173).
Applied set_property CLOCK_BUFFER_TYPE = NONE for ddr3_dq[54]. (constraint file  {c:/Users/ethan/Documents/GitHub/Big-Crete-Calculator/Digital Designs/Template/Template.srcs/sources_1/ip/RamBuf/RamBuf/RamBuf_in_context.xdc}, line 174).
Applied set_property IO_BUFFER_TYPE = NONE for ddr3_dq[55]. (constraint file  {c:/Users/ethan/Documents/GitHub/Big-Crete-Calculator/Digital Designs/Template/Template.srcs/sources_1/ip/RamBuf/RamBuf/RamBuf_in_context.xdc}, line 175).
Applied set_property CLOCK_BUFFER_TYPE = NONE for ddr3_dq[55]. (constraint file  {c:/Users/ethan/Documents/GitHub/Big-Crete-Calculator/Digital Designs/Template/Template.srcs/sources_1/ip/RamBuf/RamBuf/RamBuf_in_context.xdc}, line 176).
Applied set_property IO_BUFFER_TYPE = NONE for ddr3_dq[56]. (constraint file  {c:/Users/ethan/Documents/GitHub/Big-Crete-Calculator/Digital Designs/Template/Template.srcs/sources_1/ip/RamBuf/RamBuf/RamBuf_in_context.xdc}, line 177).
Applied set_property CLOCK_BUFFER_TYPE = NONE for ddr3_dq[56]. (constraint file  {c:/Users/ethan/Documents/GitHub/Big-Crete-Calculator/Digital Designs/Template/Template.srcs/sources_1/ip/RamBuf/RamBuf/RamBuf_in_context.xdc}, line 178).
Applied set_property IO_BUFFER_TYPE = NONE for ddr3_dq[57]. (constraint file  {c:/Users/ethan/Documents/GitHub/Big-Crete-Calculator/Digital Designs/Template/Template.srcs/sources_1/ip/RamBuf/RamBuf/RamBuf_in_context.xdc}, line 179).
Applied set_property CLOCK_BUFFER_TYPE = NONE for ddr3_dq[57]. (constraint file  {c:/Users/ethan/Documents/GitHub/Big-Crete-Calculator/Digital Designs/Template/Template.srcs/sources_1/ip/RamBuf/RamBuf/RamBuf_in_context.xdc}, line 180).
Applied set_property IO_BUFFER_TYPE = NONE for ddr3_dq[58]. (constraint file  {c:/Users/ethan/Documents/GitHub/Big-Crete-Calculator/Digital Designs/Template/Template.srcs/sources_1/ip/RamBuf/RamBuf/RamBuf_in_context.xdc}, line 181).
Applied set_property CLOCK_BUFFER_TYPE = NONE for ddr3_dq[58]. (constraint file  {c:/Users/ethan/Documents/GitHub/Big-Crete-Calculator/Digital Designs/Template/Template.srcs/sources_1/ip/RamBuf/RamBuf/RamBuf_in_context.xdc}, line 182).
Applied set_property IO_BUFFER_TYPE = NONE for ddr3_dq[59]. (constraint file  {c:/Users/ethan/Documents/GitHub/Big-Crete-Calculator/Digital Designs/Template/Template.srcs/sources_1/ip/RamBuf/RamBuf/RamBuf_in_context.xdc}, line 183).
Applied set_property CLOCK_BUFFER_TYPE = NONE for ddr3_dq[59]. (constraint file  {c:/Users/ethan/Documents/GitHub/Big-Crete-Calculator/Digital Designs/Template/Template.srcs/sources_1/ip/RamBuf/RamBuf/RamBuf_in_context.xdc}, line 184).
Applied set_property IO_BUFFER_TYPE = NONE for ddr3_dq[5]. (constraint file  {c:/Users/ethan/Documents/GitHub/Big-Crete-Calculator/Digital Designs/Template/Template.srcs/sources_1/ip/RamBuf/RamBuf/RamBuf_in_context.xdc}, line 185).
Applied set_property CLOCK_BUFFER_TYPE = NONE for ddr3_dq[5]. (constraint file  {c:/Users/ethan/Documents/GitHub/Big-Crete-Calculator/Digital Designs/Template/Template.srcs/sources_1/ip/RamBuf/RamBuf/RamBuf_in_context.xdc}, line 186).
Applied set_property IO_BUFFER_TYPE = NONE for ddr3_dq[60]. (constraint file  {c:/Users/ethan/Documents/GitHub/Big-Crete-Calculator/Digital Designs/Template/Template.srcs/sources_1/ip/RamBuf/RamBuf/RamBuf_in_context.xdc}, line 187).
Applied set_property CLOCK_BUFFER_TYPE = NONE for ddr3_dq[60]. (constraint file  {c:/Users/ethan/Documents/GitHub/Big-Crete-Calculator/Digital Designs/Template/Template.srcs/sources_1/ip/RamBuf/RamBuf/RamBuf_in_context.xdc}, line 188).
Applied set_property IO_BUFFER_TYPE = NONE for ddr3_dq[61]. (constraint file  {c:/Users/ethan/Documents/GitHub/Big-Crete-Calculator/Digital Designs/Template/Template.srcs/sources_1/ip/RamBuf/RamBuf/RamBuf_in_context.xdc}, line 189).
Applied set_property CLOCK_BUFFER_TYPE = NONE for ddr3_dq[61]. (constraint file  {c:/Users/ethan/Documents/GitHub/Big-Crete-Calculator/Digital Designs/Template/Template.srcs/sources_1/ip/RamBuf/RamBuf/RamBuf_in_context.xdc}, line 190).
Applied set_property IO_BUFFER_TYPE = NONE for ddr3_dq[62]. (constraint file  {c:/Users/ethan/Documents/GitHub/Big-Crete-Calculator/Digital Designs/Template/Template.srcs/sources_1/ip/RamBuf/RamBuf/RamBuf_in_context.xdc}, line 191).
Applied set_property CLOCK_BUFFER_TYPE = NONE for ddr3_dq[62]. (constraint file  {c:/Users/ethan/Documents/GitHub/Big-Crete-Calculator/Digital Designs/Template/Template.srcs/sources_1/ip/RamBuf/RamBuf/RamBuf_in_context.xdc}, line 192).
Applied set_property IO_BUFFER_TYPE = NONE for ddr3_dq[63]. (constraint file  {c:/Users/ethan/Documents/GitHub/Big-Crete-Calculator/Digital Designs/Template/Template.srcs/sources_1/ip/RamBuf/RamBuf/RamBuf_in_context.xdc}, line 193).
Applied set_property CLOCK_BUFFER_TYPE = NONE for ddr3_dq[63]. (constraint file  {c:/Users/ethan/Documents/GitHub/Big-Crete-Calculator/Digital Designs/Template/Template.srcs/sources_1/ip/RamBuf/RamBuf/RamBuf_in_context.xdc}, line 194).
Applied set_property IO_BUFFER_TYPE = NONE for ddr3_dq[6]. (constraint file  {c:/Users/ethan/Documents/GitHub/Big-Crete-Calculator/Digital Designs/Template/Template.srcs/sources_1/ip/RamBuf/RamBuf/RamBuf_in_context.xdc}, line 195).
Applied set_property CLOCK_BUFFER_TYPE = NONE for ddr3_dq[6]. (constraint file  {c:/Users/ethan/Documents/GitHub/Big-Crete-Calculator/Digital Designs/Template/Template.srcs/sources_1/ip/RamBuf/RamBuf/RamBuf_in_context.xdc}, line 196).
Applied set_property IO_BUFFER_TYPE = NONE for ddr3_dq[7]. (constraint file  {c:/Users/ethan/Documents/GitHub/Big-Crete-Calculator/Digital Designs/Template/Template.srcs/sources_1/ip/RamBuf/RamBuf/RamBuf_in_context.xdc}, line 197).
Applied set_property CLOCK_BUFFER_TYPE = NONE for ddr3_dq[7]. (constraint file  {c:/Users/ethan/Documents/GitHub/Big-Crete-Calculator/Digital Designs/Template/Template.srcs/sources_1/ip/RamBuf/RamBuf/RamBuf_in_context.xdc}, line 198).
Applied set_property IO_BUFFER_TYPE = NONE for ddr3_dq[8]. (constraint file  {c:/Users/ethan/Documents/GitHub/Big-Crete-Calculator/Digital Designs/Template/Template.srcs/sources_1/ip/RamBuf/RamBuf/RamBuf_in_context.xdc}, line 199).
Applied set_property CLOCK_BUFFER_TYPE = NONE for ddr3_dq[8]. (constraint file  {c:/Users/ethan/Documents/GitHub/Big-Crete-Calculator/Digital Designs/Template/Template.srcs/sources_1/ip/RamBuf/RamBuf/RamBuf_in_context.xdc}, line 200).
Applied set_property IO_BUFFER_TYPE = NONE for ddr3_dq[9]. (constraint file  {c:/Users/ethan/Documents/GitHub/Big-Crete-Calculator/Digital Designs/Template/Template.srcs/sources_1/ip/RamBuf/RamBuf/RamBuf_in_context.xdc}, line 201).
Applied set_property CLOCK_BUFFER_TYPE = NONE for ddr3_dq[9]. (constraint file  {c:/Users/ethan/Documents/GitHub/Big-Crete-Calculator/Digital Designs/Template/Template.srcs/sources_1/ip/RamBuf/RamBuf/RamBuf_in_context.xdc}, line 202).
Applied set_property IO_BUFFER_TYPE = NONE for ddr3_dqs_n[0]. (constraint file  {c:/Users/ethan/Documents/GitHub/Big-Crete-Calculator/Digital Designs/Template/Template.srcs/sources_1/ip/RamBuf/RamBuf/RamBuf_in_context.xdc}, line 203).
Applied set_property CLOCK_BUFFER_TYPE = NONE for ddr3_dqs_n[0]. (constraint file  {c:/Users/ethan/Documents/GitHub/Big-Crete-Calculator/Digital Designs/Template/Template.srcs/sources_1/ip/RamBuf/RamBuf/RamBuf_in_context.xdc}, line 204).
Applied set_property IO_BUFFER_TYPE = NONE for ddr3_dqs_n[1]. (constraint file  {c:/Users/ethan/Documents/GitHub/Big-Crete-Calculator/Digital Designs/Template/Template.srcs/sources_1/ip/RamBuf/RamBuf/RamBuf_in_context.xdc}, line 205).
Applied set_property CLOCK_BUFFER_TYPE = NONE for ddr3_dqs_n[1]. (constraint file  {c:/Users/ethan/Documents/GitHub/Big-Crete-Calculator/Digital Designs/Template/Template.srcs/sources_1/ip/RamBuf/RamBuf/RamBuf_in_context.xdc}, line 206).
Applied set_property IO_BUFFER_TYPE = NONE for ddr3_dqs_n[2]. (constraint file  {c:/Users/ethan/Documents/GitHub/Big-Crete-Calculator/Digital Designs/Template/Template.srcs/sources_1/ip/RamBuf/RamBuf/RamBuf_in_context.xdc}, line 207).
Applied set_property CLOCK_BUFFER_TYPE = NONE for ddr3_dqs_n[2]. (constraint file  {c:/Users/ethan/Documents/GitHub/Big-Crete-Calculator/Digital Designs/Template/Template.srcs/sources_1/ip/RamBuf/RamBuf/RamBuf_in_context.xdc}, line 208).
Applied set_property IO_BUFFER_TYPE = NONE for ddr3_dqs_n[3]. (constraint file  {c:/Users/ethan/Documents/GitHub/Big-Crete-Calculator/Digital Designs/Template/Template.srcs/sources_1/ip/RamBuf/RamBuf/RamBuf_in_context.xdc}, line 209).
Applied set_property CLOCK_BUFFER_TYPE = NONE for ddr3_dqs_n[3]. (constraint file  {c:/Users/ethan/Documents/GitHub/Big-Crete-Calculator/Digital Designs/Template/Template.srcs/sources_1/ip/RamBuf/RamBuf/RamBuf_in_context.xdc}, line 210).
Applied set_property IO_BUFFER_TYPE = NONE for ddr3_dqs_n[4]. (constraint file  {c:/Users/ethan/Documents/GitHub/Big-Crete-Calculator/Digital Designs/Template/Template.srcs/sources_1/ip/RamBuf/RamBuf/RamBuf_in_context.xdc}, line 211).
Applied set_property CLOCK_BUFFER_TYPE = NONE for ddr3_dqs_n[4]. (constraint file  {c:/Users/ethan/Documents/GitHub/Big-Crete-Calculator/Digital Designs/Template/Template.srcs/sources_1/ip/RamBuf/RamBuf/RamBuf_in_context.xdc}, line 212).
Applied set_property IO_BUFFER_TYPE = NONE for ddr3_dqs_n[5]. (constraint file  {c:/Users/ethan/Documents/GitHub/Big-Crete-Calculator/Digital Designs/Template/Template.srcs/sources_1/ip/RamBuf/RamBuf/RamBuf_in_context.xdc}, line 213).
Applied set_property CLOCK_BUFFER_TYPE = NONE for ddr3_dqs_n[5]. (constraint file  {c:/Users/ethan/Documents/GitHub/Big-Crete-Calculator/Digital Designs/Template/Template.srcs/sources_1/ip/RamBuf/RamBuf/RamBuf_in_context.xdc}, line 214).
Applied set_property IO_BUFFER_TYPE = NONE for ddr3_dqs_n[6]. (constraint file  {c:/Users/ethan/Documents/GitHub/Big-Crete-Calculator/Digital Designs/Template/Template.srcs/sources_1/ip/RamBuf/RamBuf/RamBuf_in_context.xdc}, line 215).
Applied set_property CLOCK_BUFFER_TYPE = NONE for ddr3_dqs_n[6]. (constraint file  {c:/Users/ethan/Documents/GitHub/Big-Crete-Calculator/Digital Designs/Template/Template.srcs/sources_1/ip/RamBuf/RamBuf/RamBuf_in_context.xdc}, line 216).
Applied set_property IO_BUFFER_TYPE = NONE for ddr3_dqs_n[7]. (constraint file  {c:/Users/ethan/Documents/GitHub/Big-Crete-Calculator/Digital Designs/Template/Template.srcs/sources_1/ip/RamBuf/RamBuf/RamBuf_in_context.xdc}, line 217).
Applied set_property CLOCK_BUFFER_TYPE = NONE for ddr3_dqs_n[7]. (constraint file  {c:/Users/ethan/Documents/GitHub/Big-Crete-Calculator/Digital Designs/Template/Template.srcs/sources_1/ip/RamBuf/RamBuf/RamBuf_in_context.xdc}, line 218).
Applied set_property IO_BUFFER_TYPE = NONE for ddr3_dqs_p[0]. (constraint file  {c:/Users/ethan/Documents/GitHub/Big-Crete-Calculator/Digital Designs/Template/Template.srcs/sources_1/ip/RamBuf/RamBuf/RamBuf_in_context.xdc}, line 219).
Applied set_property CLOCK_BUFFER_TYPE = NONE for ddr3_dqs_p[0]. (constraint file  {c:/Users/ethan/Documents/GitHub/Big-Crete-Calculator/Digital Designs/Template/Template.srcs/sources_1/ip/RamBuf/RamBuf/RamBuf_in_context.xdc}, line 220).
Applied set_property IO_BUFFER_TYPE = NONE for ddr3_dqs_p[1]. (constraint file  {c:/Users/ethan/Documents/GitHub/Big-Crete-Calculator/Digital Designs/Template/Template.srcs/sources_1/ip/RamBuf/RamBuf/RamBuf_in_context.xdc}, line 221).
Applied set_property CLOCK_BUFFER_TYPE = NONE for ddr3_dqs_p[1]. (constraint file  {c:/Users/ethan/Documents/GitHub/Big-Crete-Calculator/Digital Designs/Template/Template.srcs/sources_1/ip/RamBuf/RamBuf/RamBuf_in_context.xdc}, line 222).
Applied set_property IO_BUFFER_TYPE = NONE for ddr3_dqs_p[2]. (constraint file  {c:/Users/ethan/Documents/GitHub/Big-Crete-Calculator/Digital Designs/Template/Template.srcs/sources_1/ip/RamBuf/RamBuf/RamBuf_in_context.xdc}, line 223).
Applied set_property CLOCK_BUFFER_TYPE = NONE for ddr3_dqs_p[2]. (constraint file  {c:/Users/ethan/Documents/GitHub/Big-Crete-Calculator/Digital Designs/Template/Template.srcs/sources_1/ip/RamBuf/RamBuf/RamBuf_in_context.xdc}, line 224).
Applied set_property IO_BUFFER_TYPE = NONE for ddr3_dqs_p[3]. (constraint file  {c:/Users/ethan/Documents/GitHub/Big-Crete-Calculator/Digital Designs/Template/Template.srcs/sources_1/ip/RamBuf/RamBuf/RamBuf_in_context.xdc}, line 225).
Applied set_property CLOCK_BUFFER_TYPE = NONE for ddr3_dqs_p[3]. (constraint file  {c:/Users/ethan/Documents/GitHub/Big-Crete-Calculator/Digital Designs/Template/Template.srcs/sources_1/ip/RamBuf/RamBuf/RamBuf_in_context.xdc}, line 226).
Applied set_property IO_BUFFER_TYPE = NONE for ddr3_dqs_p[4]. (constraint file  {c:/Users/ethan/Documents/GitHub/Big-Crete-Calculator/Digital Designs/Template/Template.srcs/sources_1/ip/RamBuf/RamBuf/RamBuf_in_context.xdc}, line 227).
Applied set_property CLOCK_BUFFER_TYPE = NONE for ddr3_dqs_p[4]. (constraint file  {c:/Users/ethan/Documents/GitHub/Big-Crete-Calculator/Digital Designs/Template/Template.srcs/sources_1/ip/RamBuf/RamBuf/RamBuf_in_context.xdc}, line 228).
Applied set_property IO_BUFFER_TYPE = NONE for ddr3_dqs_p[5]. (constraint file  {c:/Users/ethan/Documents/GitHub/Big-Crete-Calculator/Digital Designs/Template/Template.srcs/sources_1/ip/RamBuf/RamBuf/RamBuf_in_context.xdc}, line 229).
Applied set_property CLOCK_BUFFER_TYPE = NONE for ddr3_dqs_p[5]. (constraint file  {c:/Users/ethan/Documents/GitHub/Big-Crete-Calculator/Digital Designs/Template/Template.srcs/sources_1/ip/RamBuf/RamBuf/RamBuf_in_context.xdc}, line 230).
Applied set_property IO_BUFFER_TYPE = NONE for ddr3_dqs_p[6]. (constraint file  {c:/Users/ethan/Documents/GitHub/Big-Crete-Calculator/Digital Designs/Template/Template.srcs/sources_1/ip/RamBuf/RamBuf/RamBuf_in_context.xdc}, line 231).
Applied set_property CLOCK_BUFFER_TYPE = NONE for ddr3_dqs_p[6]. (constraint file  {c:/Users/ethan/Documents/GitHub/Big-Crete-Calculator/Digital Designs/Template/Template.srcs/sources_1/ip/RamBuf/RamBuf/RamBuf_in_context.xdc}, line 232).
Applied set_property IO_BUFFER_TYPE = NONE for ddr3_dqs_p[7]. (constraint file  {c:/Users/ethan/Documents/GitHub/Big-Crete-Calculator/Digital Designs/Template/Template.srcs/sources_1/ip/RamBuf/RamBuf/RamBuf_in_context.xdc}, line 233).
Applied set_property CLOCK_BUFFER_TYPE = NONE for ddr3_dqs_p[7]. (constraint file  {c:/Users/ethan/Documents/GitHub/Big-Crete-Calculator/Digital Designs/Template/Template.srcs/sources_1/ip/RamBuf/RamBuf/RamBuf_in_context.xdc}, line 234).
Applied set_property IO_BUFFER_TYPE = NONE for ddr3_odt[0]. (constraint file  {c:/Users/ethan/Documents/GitHub/Big-Crete-Calculator/Digital Designs/Template/Template.srcs/sources_1/ip/RamBuf/RamBuf/RamBuf_in_context.xdc}, line 235).
Applied set_property CLOCK_BUFFER_TYPE = NONE for ddr3_odt[0]. (constraint file  {c:/Users/ethan/Documents/GitHub/Big-Crete-Calculator/Digital Designs/Template/Template.srcs/sources_1/ip/RamBuf/RamBuf/RamBuf_in_context.xdc}, line 236).
Applied set_property IO_BUFFER_TYPE = NONE for ddr3_odt[1]. (constraint file  {c:/Users/ethan/Documents/GitHub/Big-Crete-Calculator/Digital Designs/Template/Template.srcs/sources_1/ip/RamBuf/RamBuf/RamBuf_in_context.xdc}, line 237).
Applied set_property CLOCK_BUFFER_TYPE = NONE for ddr3_odt[1]. (constraint file  {c:/Users/ethan/Documents/GitHub/Big-Crete-Calculator/Digital Designs/Template/Template.srcs/sources_1/ip/RamBuf/RamBuf/RamBuf_in_context.xdc}, line 238).
Applied set_property IO_BUFFER_TYPE = NONE for ddr3_ras_n. (constraint file  {c:/Users/ethan/Documents/GitHub/Big-Crete-Calculator/Digital Designs/Template/Template.srcs/sources_1/ip/RamBuf/RamBuf/RamBuf_in_context.xdc}, line 239).
Applied set_property CLOCK_BUFFER_TYPE = NONE for ddr3_ras_n. (constraint file  {c:/Users/ethan/Documents/GitHub/Big-Crete-Calculator/Digital Designs/Template/Template.srcs/sources_1/ip/RamBuf/RamBuf/RamBuf_in_context.xdc}, line 240).
Applied set_property IO_BUFFER_TYPE = NONE for ddr3_reset_n. (constraint file  {c:/Users/ethan/Documents/GitHub/Big-Crete-Calculator/Digital Designs/Template/Template.srcs/sources_1/ip/RamBuf/RamBuf/RamBuf_in_context.xdc}, line 241).
Applied set_property CLOCK_BUFFER_TYPE = NONE for ddr3_reset_n. (constraint file  {c:/Users/ethan/Documents/GitHub/Big-Crete-Calculator/Digital Designs/Template/Template.srcs/sources_1/ip/RamBuf/RamBuf/RamBuf_in_context.xdc}, line 242).
Applied set_property IO_BUFFER_TYPE = NONE for ddr3_we_n. (constraint file  {c:/Users/ethan/Documents/GitHub/Big-Crete-Calculator/Digital Designs/Template/Template.srcs/sources_1/ip/RamBuf/RamBuf/RamBuf_in_context.xdc}, line 243).
Applied set_property CLOCK_BUFFER_TYPE = NONE for ddr3_we_n. (constraint file  {c:/Users/ethan/Documents/GitHub/Big-Crete-Calculator/Digital Designs/Template/Template.srcs/sources_1/ip/RamBuf/RamBuf/RamBuf_in_context.xdc}, line 244).
Applied set_property DONT_TOUCH = true for u_RamBuf. (constraint file  auto generated constraint, line ).
---------------------------------------------------------------------------------
Finished applying 'set_property' XDC Constraints : Time (s): cpu = 00:00:14 ; elapsed = 00:00:15 . Memory (MB): peak = 1208.406 ; gain = 134.449
---------------------------------------------------------------------------------
---------------------------------------------------------------------------------
Finished RTL Optimization Phase 2 : Time (s): cpu = 00:00:15 ; elapsed = 00:00:15 . Memory (MB): peak = 1208.406 ; gain = 134.449
---------------------------------------------------------------------------------
---------------------------------------------------------------------------------
Start RTL Component Statistics 
---------------------------------------------------------------------------------
Detailed RTL Component Info : 
---------------------------------------------------------------------------------
Finished RTL Component Statistics 
---------------------------------------------------------------------------------
---------------------------------------------------------------------------------
Start Part Resource Summary
---------------------------------------------------------------------------------
Part Resources:
DSPs: 740 (col length:100)
BRAMs: 730 (col length: RAMB18 100 RAMB36 50)
---------------------------------------------------------------------------------
Finished Part Resource Summary
---------------------------------------------------------------------------------
---------------------------------------------------------------------------------
Start Cross Boundary and Area Optimization
---------------------------------------------------------------------------------
---------------------------------------------------------------------------------
Finished Cross Boundary and Area Optimization : Time (s): cpu = 00:00:16 ; elapsed = 00:00:17 . Memory (MB): peak = 1208.406 ; gain = 134.449
---------------------------------------------------------------------------------
---------------------------------------------------------------------------------
Start Applying XDC Timing Constraints
---------------------------------------------------------------------------------
---------------------------------------------------------------------------------
Finished Applying XDC Timing Constraints : Time (s): cpu = 00:00:25 ; elapsed = 00:00:26 . Memory (MB): peak = 1242.246 ; gain = 168.289
---------------------------------------------------------------------------------
---------------------------------------------------------------------------------
Start Timing Optimization
---------------------------------------------------------------------------------
---------------------------------------------------------------------------------
Finished Timing Optimization : Time (s): cpu = 00:00:25 ; elapsed = 00:00:26 . Memory (MB): peak = 1242.473 ; gain = 168.516
---------------------------------------------------------------------------------
---------------------------------------------------------------------------------
Start Technology Mapping
---------------------------------------------------------------------------------
---------------------------------------------------------------------------------
Finished Technology Mapping : Time (s): cpu = 00:00:25 ; elapsed = 00:00:26 . Memory (MB): peak = 1262.078 ; gain = 188.121
---------------------------------------------------------------------------------
---------------------------------------------------------------------------------
Start IO Insertion
---------------------------------------------------------------------------------
---------------------------------------------------------------------------------
Start Flattening Before IO Insertion
---------------------------------------------------------------------------------
---------------------------------------------------------------------------------
Finished Flattening Before IO Insertion
---------------------------------------------------------------------------------
---------------------------------------------------------------------------------
Start Final Netlist Cleanup
---------------------------------------------------------------------------------
---------------------------------------------------------------------------------
Finished Final Netlist Cleanup
---------------------------------------------------------------------------------
---------------------------------------------------------------------------------
Finished IO Insertion : Time (s): cpu = 00:00:29 ; elapsed = 00:00:30 . Memory (MB): peak = 1266.875 ; gain = 192.918
---------------------------------------------------------------------------------
---------------------------------------------------------------------------------
Start Renaming Generated Instances
---------------------------------------------------------------------------------
---------------------------------------------------------------------------------
Finished Renaming Generated Instances : Time (s): cpu = 00:00:29 ; elapsed = 00:00:30 . Memory (MB): peak = 1266.875 ; gain = 192.918
---------------------------------------------------------------------------------
---------------------------------------------------------------------------------
Start Rebuilding User Hierarchy
---------------------------------------------------------------------------------
---------------------------------------------------------------------------------
Finished Rebuilding User Hierarchy : Time (s): cpu = 00:00:29 ; elapsed = 00:00:30 . Memory (MB): peak = 1266.875 ; gain = 192.918
---------------------------------------------------------------------------------
---------------------------------------------------------------------------------
Start Renaming Generated Ports
---------------------------------------------------------------------------------
---------------------------------------------------------------------------------
Finished Renaming Generated Ports : Time (s): cpu = 00:00:29 ; elapsed = 00:00:30 . Memory (MB): peak = 1266.875 ; gain = 192.918
---------------------------------------------------------------------------------
---------------------------------------------------------------------------------
Start Handling Custom Attributes
---------------------------------------------------------------------------------
---------------------------------------------------------------------------------
Finished Handling Custom Attributes : Time (s): cpu = 00:00:29 ; elapsed = 00:00:30 . Memory (MB): peak = 1266.875 ; gain = 192.918
---------------------------------------------------------------------------------
---------------------------------------------------------------------------------
Start Renaming Generated Nets
---------------------------------------------------------------------------------
---------------------------------------------------------------------------------
Finished Renaming Generated Nets : Time (s): cpu = 00:00:29 ; elapsed = 00:00:30 . Memory (MB): peak = 1266.875 ; gain = 192.918
---------------------------------------------------------------------------------
---------------------------------------------------------------------------------
Start Writing Synthesis Report
---------------------------------------------------------------------------------

Report BlackBoxes: 
+------+--------------+----------+
|      |BlackBox name |Instances |
+------+--------------+----------+
|1     |RamBuf        |         1|
+------+--------------+----------+

Report Cell Usage: 
+------+-------+------+
|      |Cell   |Count |
+------+-------+------+
|1     |RamBuf |     1|
|2     |OBUF   |   522|
|3     |OBUFT  |   616|
+------+-------+------+
---------------------------------------------------------------------------------
Finished Writing Synthesis Report : Time (s): cpu = 00:00:29 ; elapsed = 00:00:30 . Memory (MB): peak = 1266.875 ; gain = 192.918
---------------------------------------------------------------------------------
Synthesis finished with 0 errors, 0 critical warnings and 0 warnings.
Synthesis Optimization Runtime : Time (s): cpu = 00:00:19 ; elapsed = 00:00:27 . Memory (MB): peak = 1266.875 ; gain = 158.016
Synthesis Optimization Complete : Time (s): cpu = 00:00:29 ; elapsed = 00:00:31 . Memory (MB): peak = 1266.875 ; gain = 192.918
INFO: [Project 1-571] Translating synthesized netlist
Netlist sorting complete. Time (s): cpu = 00:00:00 ; elapsed = 00:00:00.020 . Memory (MB): peak = 1280.938 ; gain = 0.000
WARNING: [Netlist 29-101] Netlist 'RamInterface' is not ideal for floorplanning, since the cellview 'RamInterface' contains a large number of primitives.  Please consider enabling hierarchy in synthesis if you want to do floorplanning.
INFO: [Project 1-570] Preparing netlist for logic optimization
INFO: [Opt 31-138] Pushed 0 inverter(s) to 0 load pin(s).
Netlist sorting complete. Time (s): cpu = 00:00:00 ; elapsed = 00:00:00 . Memory (MB): peak = 1290.520 ; gain = 0.000
INFO: [Project 1-111] Unisim Transformation Summary:
No Unisim elements were transformed.

INFO: [Common 17-83] Releasing license: Synthesis
16 Infos, 5 Warnings, 0 Critical Warnings and 0 Errors encountered.
synth_design completed successfully
synth_design: Time (s): cpu = 00:00:36 ; elapsed = 00:00:39 . Memory (MB): peak = 1290.520 ; gain = 216.562
INFO: [Common 17-1381] The checkpoint 'C:/Users/ethan/Documents/GitHub/Big-Crete-Calculator/Digital Designs/Template/Template.runs/synth_1/RamInterface.dcp' has been generated.
INFO: [runtcl-4] Executing : report_utilization -file RamInterface_utilization_synth.rpt -pb RamInterface_utilization_synth.pb
INFO: [Common 17-206] Exiting Vivado at Tue Feb 16 19:05:10 2021...
